Started by user [8mha:////4BbNipqdW8QvyvBznXbVurklSboX/g7KnEUFZnMtNF2TAAAAlx+LCAAAAAAAAP9b85aBtbiIQTGjNKU4P08vOT+vOD8nVc83PyU1x6OyILUoJzMv2y+/JJUBAhiZGBgqihhk0NSjKDWzXb3RdlLBUSYGJk8GtpzUvPSSDB8G5tKinBIGIZ+sxLJE/ZzEvHT94JKizLx0a6BxUmjGOUNodHsLgAyeEgZu/dLi1CL9/OLcxDwAr+3J4cAAAAA=[0mosman Elamin
Running as SYSTEM
Building in workspace /var/lib/jenkins/workspace/CodeMetricREport
No credentials specified
Cloning the remote Git repository
Cloning repository https://github.com/edureka-git/devops.git
 > git init /var/lib/jenkins/workspace/CodeMetricREport # timeout=10
Fetching upstream changes from https://github.com/edureka-git/devops.git
 > git --version # timeout=10
 > git fetch --tags --progress https://github.com/edureka-git/devops.git +refs/heads/*:refs/remotes/origin/*
 > git config remote.origin.url https://github.com/edureka-git/devops.git # timeout=10
 > git config --add remote.origin.fetch +refs/heads/*:refs/remotes/origin/* # timeout=10
 > git config remote.origin.url https://github.com/edureka-git/devops.git # timeout=10
Fetching upstream changes from https://github.com/edureka-git/devops.git
 > git fetch --tags --progress https://github.com/edureka-git/devops.git +refs/heads/*:refs/remotes/origin/*
 > git rev-parse refs/remotes/origin/master^{commit} # timeout=10
 > git rev-parse refs/remotes/origin/origin/master^{commit} # timeout=10
Checking out Revision 5e377755b086788c6b195a4bf782b0cdb53262c3 (refs/remotes/origin/master)
 > git config core.sparsecheckout # timeout=10
 > git checkout -f 5e377755b086788c6b195a4bf782b0cdb53262c3
Commit message: "for demo"
First time build. Skipping changelog.
[CodeMetricREport] $ /var/lib/jenkins/tools/hudson.tasks.Maven_MavenInstallation/MyMaven/bin/mvn cobertura:cobertura
[INFO] Scanning for projects...
[8mha:////4AtTYqSrPOVKTpBKbmQJ6GNzxRpjCxPCnN4DkFBgymiAAAAAYx+LCAAAAAAAAP9b85aBtbiIQSWjNKU4P0+vJLE4u1gvPjexLDVPzxdEhicW5WXmpfvll6S2fNly5fzGzauYGBgqihikoFqS8/OK83NS9ZwhNEghAwQwghQWAACwxA+XYgAAAA==[0m[WARNING] 
[8mha:////4AtTYqSrPOVKTpBKbmQJ6GNzxRpjCxPCnN4DkFBgymiAAAAAYx+LCAAAAAAAAP9b85aBtbiIQSWjNKU4P0+vJLE4u1gvPjexLDVPzxdEhicW5WXmpfvll6S2fNly5fzGzauYGBgqihikoFqS8/OK83NS9ZwhNEghAwQwghQWAACwxA+XYgAAAA==[0m[WARNING] Some problems were encountered while building the effective model for com.edurekademo.tutorial:addressbook:war:2.0
[8mha:////4AtTYqSrPOVKTpBKbmQJ6GNzxRpjCxPCnN4DkFBgymiAAAAAYx+LCAAAAAAAAP9b85aBtbiIQSWjNKU4P0+vJLE4u1gvPjexLDVPzxdEhicW5WXmpfvll6S2fNly5fzGzauYGBgqihikoFqS8/OK83NS9ZwhNEghAwQwghQWAACwxA+XYgAAAA==[0m[WARNING] Reporting configuration should be done in <reporting> section, not in maven-site-plugin <configuration> as reportPlugins parameter. @ line 298, column 40
[8mha:////4AtTYqSrPOVKTpBKbmQJ6GNzxRpjCxPCnN4DkFBgymiAAAAAYx+LCAAAAAAAAP9b85aBtbiIQSWjNKU4P0+vJLE4u1gvPjexLDVPzxdEhicW5WXmpfvll6S2fNly5fzGzauYGBgqihikoFqS8/OK83NS9ZwhNEghAwQwghQWAACwxA+XYgAAAA==[0m[WARNING] 
[8mha:////4AtTYqSrPOVKTpBKbmQJ6GNzxRpjCxPCnN4DkFBgymiAAAAAYx+LCAAAAAAAAP9b85aBtbiIQSWjNKU4P0+vJLE4u1gvPjexLDVPzxdEhicW5WXmpfvll6S2fNly5fzGzauYGBgqihikoFqS8/OK83NS9ZwhNEghAwQwghQWAACwxA+XYgAAAA==[0m[WARNING] It is highly recommended to fix these problems because they threaten the stability of your build.
[8mha:////4AtTYqSrPOVKTpBKbmQJ6GNzxRpjCxPCnN4DkFBgymiAAAAAYx+LCAAAAAAAAP9b85aBtbiIQSWjNKU4P0+vJLE4u1gvPjexLDVPzxdEhicW5WXmpfvll6S2fNly5fzGzauYGBgqihikoFqS8/OK83NS9ZwhNEghAwQwghQWAACwxA+XYgAAAA==[0m[WARNING] 
[8mha:////4AtTYqSrPOVKTpBKbmQJ6GNzxRpjCxPCnN4DkFBgymiAAAAAYx+LCAAAAAAAAP9b85aBtbiIQSWjNKU4P0+vJLE4u1gvPjexLDVPzxdEhicW5WXmpfvll6S2fNly5fzGzauYGBgqihikoFqS8/OK83NS9ZwhNEghAwQwghQWAACwxA+XYgAAAA==[0m[WARNING] For this reason, future Maven versions might no longer support building such malformed projects.
[8mha:////4AtTYqSrPOVKTpBKbmQJ6GNzxRpjCxPCnN4DkFBgymiAAAAAYx+LCAAAAAAAAP9b85aBtbiIQSWjNKU4P0+vJLE4u1gvPjexLDVPzxdEhicW5WXmpfvll6S2fNly5fzGzauYGBgqihikoFqS8/OK83NS9ZwhNEghAwQwghQWAACwxA+XYgAAAA==[0m[WARNING] 
Downloading from central: https://repo.maven.apache.org/maven2/org/codehaus/mojo/cobertura-maven-plugin/maven-metadata.xml
Downloading from vaadin-snapshots: http://oss.sonatype.org/content/repositories/vaadin-snapshots/org/codehaus/mojo/cobertura-maven-plugin/maven-metadata.xml
Progress (1): 605 B                   Downloaded from central: https://repo.maven.apache.org/maven2/org/codehaus/mojo/cobertura-maven-plugin/maven-metadata.xml (605 B at 217 B/s)
Downloading from central: https://repo.maven.apache.org/maven2/org/codehaus/mojo/cobertura-maven-plugin/2.7/cobertura-maven-plugin-2.7.pom
Progress (1): 2.8/13 kBProgress (1): 5.5/13 kBProgress (1): 8.3/13 kBProgress (1): 11/13 kB Progress (1): 13 kB                      Downloaded from central: https://repo.maven.apache.org/maven2/org/codehaus/mojo/cobertura-maven-plugin/2.7/cobertura-maven-plugin-2.7.pom (13 kB at 19 kB/s)
Downloading from central: https://repo.maven.apache.org/maven2/org/codehaus/mojo/mojo-parent/34/mojo-parent-34.pom
Progress (1): 2.2/24 kBProgress (1): 5.0/24 kBProgress (1): 7.8/24 kBProgress (1): 11/24 kB Progress (1): 13/24 kBProgress (1): 16/24 kBProgress (1): 19/24 kBProgress (1): 21/24 kBProgress (1): 24/24 kBProgress (1): 24 kB                      Downloaded from central: https://repo.maven.apache.org/maven2/org/codehaus/mojo/mojo-parent/34/mojo-parent-34.pom (24 kB at 50 kB/s)
Downloading from central: https://repo.maven.apache.org/maven2/org/codehaus/codehaus-parent/4/codehaus-parent-4.pom
Progress (1): 2.2/4.8 kBProgress (1): 4.8 kB                        Downloaded from central: https://repo.maven.apache.org/maven2/org/codehaus/codehaus-parent/4/codehaus-parent-4.pom (4.8 kB at 9.4 kB/s)
Downloading from central: https://repo.maven.apache.org/maven2/org/codehaus/mojo/cobertura-maven-plugin/2.7/cobertura-maven-plugin-2.7.jar
Progress (1): 2.2/57 kBProgress (1): 5.0/57 kBProgress (1): 7.7/57 kBProgress (1): 10/57 kB Progress (1): 13/57 kBProgress (1): 16/57 kBProgress (1): 19/57 kBProgress (1): 21/57 kBProgress (1): 24/57 kBProgress (1): 27/57 kBProgress (1): 30/57 kBProgress (1): 32/57 kBProgress (1): 36/57 kBProgress (1): 40/57 kBProgress (1): 45/57 kBProgress (1): 49/57 kBProgress (1): 53/57 kBProgress (1): 57/57 kBProgress (1): 57 kB                      Downloaded from central: https://repo.maven.apache.org/maven2/org/codehaus/mojo/cobertura-maven-plugin/2.7/cobertura-maven-plugin-2.7.jar (57 kB at 83 kB/s)
[INFO] 
[INFO] ----------------< com.edurekademo.tutorial:addressbook >----------------
[INFO] Building Vaadin Addressbook example 2.0
[INFO] --------------------------------[ war ]---------------------------------
[INFO] 
[INFO] >>> cobertura-maven-plugin:2.7:cobertura (default-cli) > [cobertura]test @ addressbook >>>
[INFO] 
[8mha:////4HTIpRfnJuW0rzlcLafLj5GokxxrN2ZoQGQUho61lxmTAAAAYB+LCAAAAAAAAP9b85aBtbiIQSmjNKU4P0+vJLE4u1gvPjexLDVPzxdEGvvmZ+X75ZekLlOVfvTjc8FPJgaGiiIGKaiG5Py84vycVD1nCA1SyAABjCCFBQCV27OjYAAAAA==[0m[INFO] --- maven-enforcer-plugin:1.0:enforce (enforce-versions) @ addressbook ---
[INFO] 
[8mha:////4HTIpRfnJuW0rzlcLafLj5GokxxrN2ZoQGQUho61lxmTAAAAYB+LCAAAAAAAAP9b85aBtbiIQSmjNKU4P0+vJLE4u1gvPjexLDVPzxdEGvvmZ+X75ZekLlOVfvTjc8FPJgaGiiIGKaiG5Py84vycVD1nCA1SyAABjCCFBQCV27OjYAAAAA==[0m[INFO] --- maven-resources-plugin:2.6:resources (default-resources) @ addressbook ---
[INFO] Using 'UTF-8' encoding to copy filtered resources.
[INFO] skip non existing resourceDirectory /var/lib/jenkins/workspace/CodeMetricREport/src/main/resources
[INFO] 
[8mha:////4HTIpRfnJuW0rzlcLafLj5GokxxrN2ZoQGQUho61lxmTAAAAYB+LCAAAAAAAAP9b85aBtbiIQSmjNKU4P0+vJLE4u1gvPjexLDVPzxdEGvvmZ+X75ZekLlOVfvTjc8FPJgaGiiIGKaiG5Py84vycVD1nCA1SyAABjCCFBQCV27OjYAAAAA==[0m[INFO] --- maven-compiler-plugin:3.2:compile (default-compile) @ addressbook ---
[INFO] Changes detected - recompiling the module!
[INFO] Compiling 13 source files to /var/lib/jenkins/workspace/CodeMetricREport/target/classes
[INFO] /var/lib/jenkins/workspace/CodeMetricREport/src/main/java/com/edurekademo/tutorial/addressbook/AddressbookUI.java: Some input files use or override a deprecated API.
[INFO] /var/lib/jenkins/workspace/CodeMetricREport/src/main/java/com/edurekademo/tutorial/addressbook/AddressbookUI.java: Recompile with -Xlint:deprecation for details.
[INFO] /var/lib/jenkins/workspace/CodeMetricREport/src/main/java/com/edurekademo/tutorial/addressbook/backend/ContactService.java: /var/lib/jenkins/workspace/CodeMetricREport/src/main/java/com/edurekademo/tutorial/addressbook/backend/ContactService.java uses unchecked or unsafe operations.
[INFO] /var/lib/jenkins/workspace/CodeMetricREport/src/main/java/com/edurekademo/tutorial/addressbook/backend/ContactService.java: Recompile with -Xlint:unchecked for details.
[INFO] 
[8mha:////4HTIpRfnJuW0rzlcLafLj5GokxxrN2ZoQGQUho61lxmTAAAAYB+LCAAAAAAAAP9b85aBtbiIQSmjNKU4P0+vJLE4u1gvPjexLDVPzxdEGvvmZ+X75ZekLlOVfvTjc8FPJgaGiiIGKaiG5Py84vycVD1nCA1SyAABjCCFBQCV27OjYAAAAA==[0m[INFO] --- cobertura-maven-plugin:2.7:instrument (default-cli) @ addressbook ---
Downloading from central: https://repo.maven.apache.org/maven2/net/sourceforge/cobertura/cobertura/2.1.1/cobertura-2.1.1.pom
Progress (1): 2.8/20 kBProgress (1): 6.4/20 kBProgress (1): 10/20 kB Progress (1): 15/20 kBProgress (1): 17/20 kBProgress (1): 20 kB                      Downloaded from central: https://repo.maven.apache.org/maven2/net/sourceforge/cobertura/cobertura/2.1.1/cobertura-2.1.1.pom (20 kB at 41 kB/s)
Downloading from central: https://repo.maven.apache.org/maven2/org/ow2/asm/asm/5.0.1/asm-5.0.1.pom
Progress (1): 1.9 kB                    Downloaded from central: https://repo.maven.apache.org/maven2/org/ow2/asm/asm/5.0.1/asm-5.0.1.pom (1.9 kB at 4.1 kB/s)
Downloading from central: https://repo.maven.apache.org/maven2/org/ow2/asm/asm-parent/5.0.1/asm-parent-5.0.1.pom
Progress (1): 2.2/5.5 kBProgress (1): 5.0/5.5 kBProgress (1): 5.5 kB                        Downloaded from central: https://repo.maven.apache.org/maven2/org/ow2/asm/asm-parent/5.0.1/asm-parent-5.0.1.pom (5.5 kB at 11 kB/s)
Downloading from central: https://repo.maven.apache.org/maven2/org/ow2/ow2/1.3/ow2-1.3.pom
Progress (1): 2.2/9.5 kBProgress (1): 5.0/9.5 kBProgress (1): 7.8/9.5 kBProgress (1): 9.5 kB                        Downloaded from central: https://repo.maven.apache.org/maven2/org/ow2/ow2/1.3/ow2-1.3.pom (9.5 kB at 20 kB/s)
Downloading from central: https://repo.maven.apache.org/maven2/org/ow2/asm/asm-tree/5.0.1/asm-tree-5.0.1.pom
Progress (1): 2.1 kB                    Downloaded from central: https://repo.maven.apache.org/maven2/org/ow2/asm/asm-tree/5.0.1/asm-tree-5.0.1.pom (2.1 kB at 4.4 kB/s)
Downloading from central: https://repo.maven.apache.org/maven2/org/ow2/asm/asm-commons/5.0.1/asm-commons-5.0.1.pom
Progress (1): 2.1 kB                    Downloaded from central: https://repo.maven.apache.org/maven2/org/ow2/asm/asm-commons/5.0.1/asm-commons-5.0.1.pom (2.1 kB at 4.4 kB/s)
Downloading from central: https://repo.maven.apache.org/maven2/org/ow2/asm/asm-util/5.0.1/asm-util-5.0.1.pom
Progress (1): 2.1 kB                    Downloaded from central: https://repo.maven.apache.org/maven2/org/ow2/asm/asm-util/5.0.1/asm-util-5.0.1.pom (2.1 kB at 4.5 kB/s)
Downloading from central: https://repo.maven.apache.org/maven2/org/ow2/asm/asm-analysis/5.0.1/asm-analysis-5.0.1.pom
Progress (1): 2.1 kB                    Downloaded from central: https://repo.maven.apache.org/maven2/org/ow2/asm/asm-analysis/5.0.1/asm-analysis-5.0.1.pom (2.1 kB at 4.4 kB/s)
Downloading from central: https://repo.maven.apache.org/maven2/org/apache/ant/ant/1.8.3/ant-1.8.3.pom
Progress (1): 2.8/9.7 kBProgress (1): 5.6/9.7 kBProgress (1): 8.4/9.7 kBProgress (1): 9.7 kB                        Downloaded from central: https://repo.maven.apache.org/maven2/org/apache/ant/ant/1.8.3/ant-1.8.3.pom (9.7 kB at 20 kB/s)
Downloading from central: https://repo.maven.apache.org/maven2/org/apache/ant/ant-parent/1.8.3/ant-parent-1.8.3.pom
Progress (1): 2.8/4.6 kBProgress (1): 4.6 kB                        Downloaded from central: https://repo.maven.apache.org/maven2/org/apache/ant/ant-parent/1.8.3/ant-parent-1.8.3.pom (4.6 kB at 9.4 kB/s)
Downloading from central: https://repo.maven.apache.org/maven2/org/apache/ant/ant-launcher/1.8.3/ant-launcher-1.8.3.pom
Progress (1): 2.2/2.4 kBProgress (1): 2.4 kB                        Downloaded from central: https://repo.maven.apache.org/maven2/org/apache/ant/ant-launcher/1.8.3/ant-launcher-1.8.3.pom (2.4 kB at 5.0 kB/s)
Downloading from central: https://repo.maven.apache.org/maven2/org/apache/ant/ant-junit/1.8.3/ant-junit-1.8.3.pom
Progress (1): 2.2/4.0 kBProgress (1): 4.0 kB                        Downloaded from central: https://repo.maven.apache.org/maven2/org/apache/ant/ant-junit/1.8.3/ant-junit-1.8.3.pom (4.0 kB at 8.4 kB/s)
Downloading from central: https://repo.maven.apache.org/maven2/junit/junit/4.11/junit-4.11.pom
Progress (1): 2.3 kB                    Downloaded from central: https://repo.maven.apache.org/maven2/junit/junit/4.11/junit-4.11.pom (2.3 kB at 5.0 kB/s)
Downloading from central: https://repo.maven.apache.org/maven2/org/mortbay/jetty/servlet-api-2.5/6.1.14/servlet-api-2.5-6.1.14.pom
Progress (1): 2.2/3.4 kBProgress (1): 3.4 kB                        Downloaded from central: https://repo.maven.apache.org/maven2/org/mortbay/jetty/servlet-api-2.5/6.1.14/servlet-api-2.5-6.1.14.pom (3.4 kB at 7.1 kB/s)
Downloading from central: https://repo.maven.apache.org/maven2/org/mortbay/jetty/project/6.1.14/project-6.1.14.pom
Progress (1): 3.0/8.8 kBProgress (1): 7.1/8.8 kBProgress (1): 8.8 kB                        Downloaded from central: https://repo.maven.apache.org/maven2/org/mortbay/jetty/project/6.1.14/project-6.1.14.pom (8.8 kB at 18 kB/s)
Downloading from central: https://repo.maven.apache.org/maven2/org/mortbay/jetty/jetty-parent/7/jetty-parent-7.pom
Progress (1): 4.1/13 kBProgress (1): 7.0/13 kBProgress (1): 9.8/13 kBProgress (1): 13/13 kB Progress (1): 13 kB                      Downloaded from central: https://repo.maven.apache.org/maven2/org/mortbay/jetty/jetty-parent/7/jetty-parent-7.pom (13 kB at 28 kB/s)
Downloading from central: https://repo.maven.apache.org/maven2/org/mortbay/jetty/jetty/6.1.14/jetty-6.1.14.pom
Progress (1): 2.2/4.3 kBProgress (1): 4.3 kB                        Downloaded from central: https://repo.maven.apache.org/maven2/org/mortbay/jetty/jetty/6.1.14/jetty-6.1.14.pom (4.3 kB at 9.1 kB/s)
Downloading from central: https://repo.maven.apache.org/maven2/org/mortbay/jetty/jetty-util/6.1.14/jetty-util-6.1.14.pom
Progress (1): 2.8/3.5 kBProgress (1): 3.5 kB                        Downloaded from central: https://repo.maven.apache.org/maven2/org/mortbay/jetty/jetty-util/6.1.14/jetty-util-6.1.14.pom (3.5 kB at 7.5 kB/s)
Downloading from central: https://repo.maven.apache.org/maven2/ch/qos/logback/logback-classic/1.0.13/logback-classic-1.0.13.pom
Progress (1): 2.1/12 kBProgress (1): 4.9/12 kBProgress (1): 9.0/12 kBProgress (1): 12/12 kB Progress (1): 12 kB                      Downloaded from central: https://repo.maven.apache.org/maven2/ch/qos/logback/logback-classic/1.0.13/logback-classic-1.0.13.pom (12 kB at 25 kB/s)
Downloading from central: https://repo.maven.apache.org/maven2/ch/qos/logback/logback-parent/1.0.13/logback-parent-1.0.13.pom
Progress (1): 3.0/15 kBProgress (1): 7.1/15 kBProgress (1): 11/15 kB Progress (1): 14/15 kBProgress (1): 15 kB                      Downloaded from central: https://repo.maven.apache.org/maven2/ch/qos/logback/logback-parent/1.0.13/logback-parent-1.0.13.pom (15 kB at 31 kB/s)
Downloading from central: https://repo.maven.apache.org/maven2/ch/qos/logback/logback-core/1.0.13/logback-core-1.0.13.pom
Progress (1): 2.8/5.0 kBProgress (1): 5.0 kB                        Downloaded from central: https://repo.maven.apache.org/maven2/ch/qos/logback/logback-core/1.0.13/logback-core-1.0.13.pom (5.0 kB at 11 kB/s)
Downloading from central: https://repo.maven.apache.org/maven2/org/apache/commons/commons-lang3/3.3.2/commons-lang3-3.3.2.pom
Progress (1): 2.2/20 kBProgress (1): 5.0/20 kBProgress (1): 7.8/20 kBProgress (1): 11/20 kB Progress (1): 13/20 kBProgress (1): 16/20 kBProgress (1): 19/20 kBProgress (1): 20 kB                      Downloaded from central: https://repo.maven.apache.org/maven2/org/apache/commons/commons-lang3/3.3.2/commons-lang3-3.3.2.pom (20 kB at 42 kB/s)
Downloading from central: https://repo.maven.apache.org/maven2/xerces/xercesImpl/2.11.0/xercesImpl-2.11.0.pom
Progress (1): 2.2/3.4 kBProgress (1): 3.4 kB                        Downloaded from central: https://repo.maven.apache.org/maven2/xerces/xercesImpl/2.11.0/xercesImpl-2.11.0.pom (3.4 kB at 7.2 kB/s)
Downloading from central: https://repo.maven.apache.org/maven2/xml-apis/xml-apis/1.4.01/xml-apis-1.4.01.pom
Progress (1): 2.7 kB                    Downloaded from central: https://repo.maven.apache.org/maven2/xml-apis/xml-apis/1.4.01/xml-apis-1.4.01.pom (2.7 kB at 5.7 kB/s)
Downloading from central: https://repo.maven.apache.org/maven2/jaxen/jaxen/1.1.4/jaxen-1.1.4.pom
Progress (1): 3.8/12 kBProgress (1): 7.9/12 kBProgress (1): 11/12 kB Progress (1): 12 kB                      Downloaded from central: https://repo.maven.apache.org/maven2/jaxen/jaxen/1.1.4/jaxen-1.1.4.pom (12 kB at 27 kB/s)
Downloading from central: https://repo.maven.apache.org/maven2/org/jdom/jdom/1.1.3/jdom-1.1.3.pom
Progress (1): 1.8 kB                    Downloaded from central: https://repo.maven.apache.org/maven2/org/jdom/jdom/1.1.3/jdom-1.1.3.pom (1.8 kB at 3.8 kB/s)
Downloading from central: https://repo.maven.apache.org/maven2/net/sourceforge/cobertura/cobertura-runtime/2.1.1/cobertura-runtime-2.1.1.pom
Progress (1): 2.8/3.6 kBProgress (1): 3.6 kB                        Downloaded from central: https://repo.maven.apache.org/maven2/net/sourceforge/cobertura/cobertura-runtime/2.1.1/cobertura-runtime-2.1.1.pom (3.6 kB at 7.6 kB/s)
Downloading from central: https://repo.maven.apache.org/maven2/urbanophile/java-getopt/1.0.9/java-getopt-1.0.9.pom
Progress (1): 157 B                   Downloaded from central: https://repo.maven.apache.org/maven2/urbanophile/java-getopt/1.0.9/java-getopt-1.0.9.pom (157 B at 334 B/s)
Downloading from central: https://repo.maven.apache.org/maven2/org/apache/maven/maven-core/2.0.8/maven-core-2.0.8.pom
Progress (1): 2.8/6.8 kBProgress (1): 5.5/6.8 kBProgress (1): 6.8 kB                        Downloaded from central: https://repo.maven.apache.org/maven2/org/apache/maven/maven-core/2.0.8/maven-core-2.0.8.pom (6.8 kB at 14 kB/s)
Downloading from central: https://repo.maven.apache.org/maven2/org/apache/maven/maven-settings/2.0.8/maven-settings-2.0.8.pom
Progress (1): 2.1 kB                    Downloaded from central: https://repo.maven.apache.org/maven2/org/apache/maven/maven-settings/2.0.8/maven-settings-2.0.8.pom (2.1 kB at 4.3 kB/s)
Downloading from central: https://repo.maven.apache.org/maven2/org/codehaus/plexus/plexus-utils/1.4.6/plexus-utils-1.4.6.pom
Progress (1): 2.3 kB                    Downloaded from central: https://repo.maven.apache.org/maven2/org/codehaus/plexus/plexus-utils/1.4.6/plexus-utils-1.4.6.pom (2.3 kB at 4.8 kB/s)
Downloading from central: https://repo.maven.apache.org/maven2/org/apache/maven/maven-plugin-parameter-documenter/2.0.8/maven-plugin-parameter-documenter-2.0.8.pom
Progress (1): 2.0 kB                    Downloaded from central: https://repo.maven.apache.org/maven2/org/apache/maven/maven-plugin-parameter-documenter/2.0.8/maven-plugin-parameter-documenter-2.0.8.pom (2.0 kB at 4.2 kB/s)
Downloading from central: https://repo.maven.apache.org/maven2/org/apache/maven/reporting/maven-reporting-api/2.0.8/maven-reporting-api-2.0.8.pom
Progress (1): 1.8 kB                    Downloaded from central: https://repo.maven.apache.org/maven2/org/apache/maven/reporting/maven-reporting-api/2.0.8/maven-reporting-api-2.0.8.pom (1.8 kB at 3.8 kB/s)
Downloading from central: https://repo.maven.apache.org/maven2/org/apache/maven/reporting/maven-reporting/2.0.8/maven-reporting-2.0.8.pom
Progress (1): 1.5 kB                    Downloaded from central: https://repo.maven.apache.org/maven2/org/apache/maven/reporting/maven-reporting/2.0.8/maven-reporting-2.0.8.pom (1.5 kB at 3.2 kB/s)
Downloading from central: https://repo.maven.apache.org/maven2/org/apache/maven/doxia/doxia-sink-api/1.0-alpha-9/doxia-sink-api-1.0-alpha-9.pom
Progress (1): 1.3 kB                    Downloaded from central: https://repo.maven.apache.org/maven2/org/apache/maven/doxia/doxia-sink-api/1.0-alpha-9/doxia-sink-api-1.0-alpha-9.pom (1.3 kB at 2.9 kB/s)
Downloading from central: https://repo.maven.apache.org/maven2/org/apache/maven/doxia/doxia/1.0-alpha-9/doxia-1.0-alpha-9.pom
Progress (1): 2.7/9.2 kBProgress (1): 5.4/9.2 kBProgress (1): 8.2/9.2 kBProgress (1): 9.2 kB                        Downloaded from central: https://repo.maven.apache.org/maven2/org/apache/maven/doxia/doxia/1.0-alpha-9/doxia-1.0-alpha-9.pom (9.2 kB at 19 kB/s)
Downloading from central: https://repo.maven.apache.org/maven2/org/apache/maven/maven-profile/2.0.8/maven-profile-2.0.8.pom
Progress (1): 2.0 kB                    Downloaded from central: https://repo.maven.apache.org/maven2/org/apache/maven/maven-profile/2.0.8/maven-profile-2.0.8.pom (2.0 kB at 4.4 kB/s)
Downloading from central: https://repo.maven.apache.org/maven2/org/apache/maven/maven-artifact/2.0.8/maven-artifact-2.0.8.pom
Progress (1): 1.6 kB                    Downloaded from central: https://repo.maven.apache.org/maven2/org/apache/maven/maven-artifact/2.0.8/maven-artifact-2.0.8.pom (1.6 kB at 3.4 kB/s)
Downloading from central: https://repo.maven.apache.org/maven2/org/apache/maven/maven-repository-metadata/2.0.8/maven-repository-metadata-2.0.8.pom
Progress (1): 1.9 kB                    Downloaded from central: https://repo.maven.apache.org/maven2/org/apache/maven/maven-repository-metadata/2.0.8/maven-repository-metadata-2.0.8.pom (1.9 kB at 4.1 kB/s)
Downloading from central: https://repo.maven.apache.org/maven2/org/apache/maven/maven-error-diagnostics/2.0.8/maven-error-diagnostics-2.0.8.pom
Progress (1): 1.7 kB                    Downloaded from central: https://repo.maven.apache.org/maven2/org/apache/maven/maven-error-diagnostics/2.0.8/maven-error-diagnostics-2.0.8.pom (1.7 kB at 3.7 kB/s)
Downloading from central: https://repo.maven.apache.org/maven2/org/apache/maven/maven-project/2.0.8/maven-project-2.0.8.pom
Progress (1): 2.2/2.7 kBProgress (1): 2.7 kB                        Downloaded from central: https://repo.maven.apache.org/maven2/org/apache/maven/maven-project/2.0.8/maven-project-2.0.8.pom (2.7 kB at 5.8 kB/s)
Downloading from central: https://repo.maven.apache.org/maven2/org/apache/maven/maven-artifact-manager/2.0.8/maven-artifact-manager-2.0.8.pom
Progress (1): 2.2/2.7 kBProgress (1): 2.7 kB                        Downloaded from central: https://repo.maven.apache.org/maven2/org/apache/maven/maven-artifact-manager/2.0.8/maven-artifact-manager-2.0.8.pom (2.7 kB at 5.7 kB/s)
Downloading from central: https://repo.maven.apache.org/maven2/org/apache/maven/maven-plugin-registry/2.0.8/maven-plugin-registry-2.0.8.pom
Progress (1): 2.0 kB                    Downloaded from central: https://repo.maven.apache.org/maven2/org/apache/maven/maven-plugin-registry/2.0.8/maven-plugin-registry-2.0.8.pom (2.0 kB at 4.2 kB/s)
Downloading from central: https://repo.maven.apache.org/maven2/org/apache/maven/maven-plugin-descriptor/2.0.8/maven-plugin-descriptor-2.0.8.pom
Progress (1): 2.1 kB                    Downloaded from central: https://repo.maven.apache.org/maven2/org/apache/maven/maven-plugin-descriptor/2.0.8/maven-plugin-descriptor-2.0.8.pom (2.1 kB at 4.5 kB/s)
Downloading from central: https://repo.maven.apache.org/maven2/org/apache/maven/maven-monitor/2.0.8/maven-monitor-2.0.8.pom
Progress (1): 1.3 kB                    Downloaded from central: https://repo.maven.apache.org/maven2/org/apache/maven/maven-monitor/2.0.8/maven-monitor-2.0.8.pom (1.3 kB at 2.7 kB/s)
Downloading from central: https://repo.maven.apache.org/maven2/org/apache/maven/maven-plugin-api/2.0.8/maven-plugin-api-2.0.8.pom
Progress (1): 1.5 kB                    Downloaded from central: https://repo.maven.apache.org/maven2/org/apache/maven/maven-plugin-api/2.0.8/maven-plugin-api-2.0.8.pom (1.5 kB at 3.1 kB/s)
Downloading from central: https://repo.maven.apache.org/maven2/org/apache/maven/reporting/maven-reporting-impl/2.0.4.2/maven-reporting-impl-2.0.4.2.pom
Progress (1): 2.8/5.2 kBProgress (1): 5.2 kB                        Downloaded from central: https://repo.maven.apache.org/maven2/org/apache/maven/reporting/maven-reporting-impl/2.0.4.2/maven-reporting-impl-2.0.4.2.pom (5.2 kB at 11 kB/s)
Downloading from central: https://repo.maven.apache.org/maven2/org/apache/maven/maven-project/2.0.4/maven-project-2.0.4.pom
Progress (1): 1.8 kB                    Downloaded from central: https://repo.maven.apache.org/maven2/org/apache/maven/maven-project/2.0.4/maven-project-2.0.4.pom (1.8 kB at 3.9 kB/s)
Downloading from central: https://repo.maven.apache.org/maven2/org/apache/maven/maven/2.0.4/maven-2.0.4.pom
Progress (1): 2.2/12 kBProgress (1): 5.0/12 kBProgress (1): 7.8/12 kBProgress (1): 11/12 kB Progress (1): 12 kB                      Downloaded from central: https://repo.maven.apache.org/maven2/org/apache/maven/maven/2.0.4/maven-2.0.4.pom (12 kB at 25 kB/s)
Downloading from central: https://repo.maven.apache.org/maven2/org/apache/maven/maven-settings/2.0.4/maven-settings-2.0.4.pom
Progress (1): 1.6 kB                    Downloaded from central: https://repo.maven.apache.org/maven2/org/apache/maven/maven-settings/2.0.4/maven-settings-2.0.4.pom (1.6 kB at 3.4 kB/s)
Downloading from central: https://repo.maven.apache.org/maven2/org/apache/maven/maven-model/2.0.4/maven-model-2.0.4.pom
Progress (1): 2.2/2.7 kBProgress (1): 2.7 kB                        Downloaded from central: https://repo.maven.apache.org/maven2/org/apache/maven/maven-model/2.0.4/maven-model-2.0.4.pom (2.7 kB at 5.7 kB/s)
Downloading from central: https://repo.maven.apache.org/maven2/org/codehaus/plexus/plexus-utils/1.1/plexus-utils-1.1.pom
Progress (1): 767 B                   Downloaded from central: https://repo.maven.apache.org/maven2/org/codehaus/plexus/plexus-utils/1.1/plexus-utils-1.1.pom (767 B at 1.6 kB/s)
Downloading from central: https://repo.maven.apache.org/maven2/org/apache/maven/maven-profile/2.0.4/maven-profile-2.0.4.pom
Progress (1): 1.6 kB                    Downloaded from central: https://repo.maven.apache.org/maven2/org/apache/maven/maven-profile/2.0.4/maven-profile-2.0.4.pom (1.6 kB at 3.4 kB/s)
Downloading from central: https://repo.maven.apache.org/maven2/org/apache/maven/maven-artifact-manager/2.0.4/maven-artifact-manager-2.0.4.pom
Progress (1): 1.4 kB                    Downloaded from central: https://repo.maven.apache.org/maven2/org/apache/maven/maven-artifact-manager/2.0.4/maven-artifact-manager-2.0.4.pom (1.4 kB at 2.9 kB/s)
Downloading from central: https://repo.maven.apache.org/maven2/org/apache/maven/maven-repository-metadata/2.0.4/maven-repository-metadata-2.0.4.pom
Progress (1): 1.5 kB                    Downloaded from central: https://repo.maven.apache.org/maven2/org/apache/maven/maven-repository-metadata/2.0.4/maven-repository-metadata-2.0.4.pom (1.5 kB at 3.2 kB/s)
Downloading from central: https://repo.maven.apache.org/maven2/org/apache/maven/maven-artifact/2.0.4/maven-artifact-2.0.4.pom
Progress (1): 765 B                   Downloaded from central: https://repo.maven.apache.org/maven2/org/apache/maven/maven-artifact/2.0.4/maven-artifact-2.0.4.pom (765 B at 1.6 kB/s)
Downloading from central: https://repo.maven.apache.org/maven2/commons-validator/commons-validator/1.2.0/commons-validator-1.2.0.pom
Progress (1): 2.2/9.1 kBProgress (1): 6.2/9.1 kBProgress (1): 9.0/9.1 kBProgress (1): 9.1 kB                        Downloaded from central: https://repo.maven.apache.org/maven2/commons-validator/commons-validator/1.2.0/commons-validator-1.2.0.pom (9.1 kB at 19 kB/s)
Downloading from central: https://repo.maven.apache.org/maven2/xml-apis/xml-apis/2.0.2/xml-apis-2.0.2.pom
Progress (1): 346 B                   Downloaded from central: https://repo.maven.apache.org/maven2/xml-apis/xml-apis/2.0.2/xml-apis-2.0.2.pom (346 B at 731 B/s)
Downloading from central: https://repo.maven.apache.org/maven2/org/apache/maven/doxia/doxia-core/1.0/doxia-core-1.0.pom
Progress (1): 2.2/2.4 kBProgress (1): 2.4 kB                        Downloaded from central: https://repo.maven.apache.org/maven2/org/apache/maven/doxia/doxia-core/1.0/doxia-core-1.0.pom (2.4 kB at 5.0 kB/s)
Downloading from central: https://repo.maven.apache.org/maven2/org/codehaus/plexus/plexus-utils/1.5.7/plexus-utils-1.5.7.pom
Progress (1): 2.2/8.1 kBProgress (1): 5.0/8.1 kBProgress (1): 7.8/8.1 kBProgress (1): 8.1 kB                        Downloaded from central: https://repo.maven.apache.org/maven2/org/codehaus/plexus/plexus-utils/1.5.7/plexus-utils-1.5.7.pom (8.1 kB at 17 kB/s)
Downloading from central: https://repo.maven.apache.org/maven2/org/apache/maven/reporting/maven-reporting-api/2.0.4/maven-reporting-api-2.0.4.pom
Progress (1): 902 B                   Downloaded from central: https://repo.maven.apache.org/maven2/org/apache/maven/reporting/maven-reporting-api/2.0.4/maven-reporting-api-2.0.4.pom (902 B at 1.9 kB/s)
Downloading from central: https://repo.maven.apache.org/maven2/org/apache/maven/reporting/maven-reporting/2.0.4/maven-reporting-2.0.4.pom
Progress (1): 700 B                   Downloaded from central: https://repo.maven.apache.org/maven2/org/apache/maven/reporting/maven-reporting/2.0.4/maven-reporting-2.0.4.pom (700 B at 1.5 kB/s)
Downloading from central: https://repo.maven.apache.org/maven2/org/apache/maven/doxia/doxia-site-renderer/1.0/doxia-site-renderer-1.0.pom
Progress (1): 2.2/4.4 kBProgress (1): 4.4 kB                        Downloaded from central: https://repo.maven.apache.org/maven2/org/apache/maven/doxia/doxia-site-renderer/1.0/doxia-site-renderer-1.0.pom (4.4 kB at 9.5 kB/s)
Downloading from central: https://repo.maven.apache.org/maven2/org/apache/maven/doxia/doxia-sitetools/1.0/doxia-sitetools-1.0.pom
Progress (1): 2.8/9.6 kBProgress (1): 5.5/9.6 kBProgress (1): 8.3/9.6 kBProgress (1): 9.6 kB                        Downloaded from central: https://repo.maven.apache.org/maven2/org/apache/maven/doxia/doxia-sitetools/1.0/doxia-sitetools-1.0.pom (9.6 kB at 20 kB/s)
Downloading from central: https://repo.maven.apache.org/maven2/org/apache/velocity/velocity/1.5/velocity-1.5.pom
Progress (1): 2.2/7.8 kBProgress (1): 5.0/7.8 kBProgress (1): 7.8/7.8 kBProgress (1): 7.8 kB                        Downloaded from central: https://repo.maven.apache.org/maven2/org/apache/velocity/velocity/1.5/velocity-1.5.pom (7.8 kB at 17 kB/s)
Downloading from central: https://repo.maven.apache.org/maven2/commons-lang/commons-lang/2.1/commons-lang-2.1.pom
Progress (1): 2.2/9.9 kBProgress (1): 5.0/9.9 kBProgress (1): 7.8/9.9 kBProgress (1): 9.9 kB                        Downloaded from central: https://repo.maven.apache.org/maven2/commons-lang/commons-lang/2.1/commons-lang-2.1.pom (9.9 kB at 21 kB/s)
Downloading from central: https://repo.maven.apache.org/maven2/org/apache/maven/doxia/doxia-decoration-model/1.0/doxia-decoration-model-1.0.pom
Progress (1): 2.2/3.2 kBProgress (1): 3.2 kB                        Downloaded from central: https://repo.maven.apache.org/maven2/org/apache/maven/doxia/doxia-decoration-model/1.0/doxia-decoration-model-1.0.pom (3.2 kB at 6.8 kB/s)
Downloading from central: https://repo.maven.apache.org/maven2/org/apache/maven/doxia/doxia-module-apt/1.0/doxia-module-apt-1.0.pom
Progress (1): 2.3 kB                    Downloaded from central: https://repo.maven.apache.org/maven2/org/apache/maven/doxia/doxia-module-apt/1.0/doxia-module-apt-1.0.pom (2.3 kB at 4.8 kB/s)
Downloading from central: https://repo.maven.apache.org/maven2/org/apache/maven/doxia/doxia-modules/1.0/doxia-modules-1.0.pom
Progress (1): 2.4 kB                    Downloaded from central: https://repo.maven.apache.org/maven2/org/apache/maven/doxia/doxia-modules/1.0/doxia-modules-1.0.pom (2.4 kB at 5.1 kB/s)
Downloading from central: https://repo.maven.apache.org/maven2/org/apache/maven/doxia/doxia-module-fml/1.0/doxia-module-fml-1.0.pom
Progress (1): 2.7 kB                    Downloaded from central: https://repo.maven.apache.org/maven2/org/apache/maven/doxia/doxia-module-fml/1.0/doxia-module-fml-1.0.pom (2.7 kB at 5.3 kB/s)
Downloading from central: https://repo.maven.apache.org/maven2/org/apache/maven/doxia/doxia-module-xdoc/1.0/doxia-module-xdoc-1.0.pom
Progress (1): 2.2/2.2 kBProgress (1): 2.2 kB                        Downloaded from central: https://repo.maven.apache.org/maven2/org/apache/maven/doxia/doxia-module-xdoc/1.0/doxia-module-xdoc-1.0.pom (2.2 kB at 4.8 kB/s)
Downloading from central: https://repo.maven.apache.org/maven2/org/apache/maven/doxia/doxia-module-xhtml/1.0/doxia-module-xhtml-1.0.pom
Progress (1): 1.6 kB                    Downloaded from central: https://repo.maven.apache.org/maven2/org/apache/maven/doxia/doxia-module-xhtml/1.0/doxia-module-xhtml-1.0.pom (1.6 kB at 3.4 kB/s)
Downloading from central: https://repo.maven.apache.org/maven2/org/codehaus/plexus/plexus-utils/2.0.2/plexus-utils-2.0.2.pom
Progress (1): 2.2/3.3 kBProgress (1): 3.3 kB                        Downloaded from central: https://repo.maven.apache.org/maven2/org/codehaus/plexus/plexus-utils/2.0.2/plexus-utils-2.0.2.pom (3.3 kB at 7.1 kB/s)
Downloading from central: https://repo.maven.apache.org/maven2/org/apache/maven/shared/maven-invoker/2.0.11/maven-invoker-2.0.11.pom
Progress (1): 2.2/5.1 kBProgress (1): 5.0/5.1 kBProgress (1): 5.1 kB                        Downloaded from central: https://repo.maven.apache.org/maven2/org/apache/maven/shared/maven-invoker/2.0.11/maven-invoker-2.0.11.pom (5.1 kB at 11 kB/s)
Downloading from central: https://repo.maven.apache.org/maven2/org/apache/maven/shared/maven-shared-components/12/maven-shared-components-12.pom
Progress (1): 2.2/9.3 kBProgress (1): 5.0/9.3 kBProgress (1): 7.8/9.3 kBProgress (1): 9.3 kB                        Downloaded from central: https://repo.maven.apache.org/maven2/org/apache/maven/shared/maven-shared-components/12/maven-shared-components-12.pom (9.3 kB at 20 kB/s)
Downloading from central: https://repo.maven.apache.org/maven2/org/apache/maven/maven-parent/13/maven-parent-13.pom
Progress (1): 2.8/23 kBProgress (1): 5.6/23 kBProgress (1): 9.7/23 kBProgress (1): 14/23 kB Progress (1): 17/23 kBProgress (1): 19/23 kBProgress (1): 22/23 kBProgress (1): 23 kB                      Downloaded from central: https://repo.maven.apache.org/maven2/org/apache/maven/maven-parent/13/maven-parent-13.pom (23 kB at 48 kB/s)
Downloading from central: https://repo.maven.apache.org/maven2/org/codehaus/plexus/plexus-utils/1.5.6/plexus-utils-1.5.6.pom
Progress (1): 2.8/5.3 kBProgress (1): 5.3 kB                        Downloaded from central: https://repo.maven.apache.org/maven2/org/codehaus/plexus/plexus-utils/1.5.6/plexus-utils-1.5.6.pom (5.3 kB at 11 kB/s)
Downloading from central: https://repo.maven.apache.org/maven2/org/codehaus/plexus/plexus/1.0.12/plexus-1.0.12.pom
Progress (1): 2.2/9.8 kBProgress (1): 5.0/9.8 kBProgress (1): 7.8/9.8 kBProgress (1): 9.8 kB                        Downloaded from central: https://repo.maven.apache.org/maven2/org/codehaus/plexus/plexus/1.0.12/plexus-1.0.12.pom (9.8 kB at 21 kB/s)
Downloading from central: https://repo.maven.apache.org/maven2/net/sourceforge/cobertura/cobertura/2.1.1/cobertura-2.1.1.jar
Downloading from central: https://repo.maven.apache.org/maven2/org/ow2/asm/asm/5.0.1/asm-5.0.1.jar
Downloading from central: https://repo.maven.apache.org/maven2/org/ow2/asm/asm-tree/5.0.1/asm-tree-5.0.1.jar
Downloading from central: https://repo.maven.apache.org/maven2/org/ow2/asm/asm-commons/5.0.1/asm-commons-5.0.1.jar
Downloading from central: https://repo.maven.apache.org/maven2/org/ow2/asm/asm-util/5.0.1/asm-util-5.0.1.jar
Progress (1): 2.2/565 kBProgress (1): 5.0/565 kBProgress (1): 7.7/565 kBProgress (1): 10/565 kB Progress (1): 13/565 kBProgress (1): 16/565 kBProgress (1): 19/565 kBProgress (1): 21/565 kBProgress (1): 24/565 kBProgress (1): 27/565 kBProgress (1): 30/565 kBProgress (1): 32/565 kBProgress (1): 36/565 kBProgress (1): 40/565 kBProgress (1): 45/565 kBProgress (1): 49/565 kBProgress (1): 53/565 kBProgress (1): 57/565 kBProgress (1): 61/565 kBProgress (1): 65/565 kBProgress (1): 69/565 kBProgress (1): 73/565 kBProgress (1): 77/565 kBProgress (1): 81/565 kBProgress (1): 85/565 kBProgress (1): 90/565 kBProgress (1): 94/565 kBProgress (1): 98/565 kBProgress (1): 102/565 kBProgress (1): 106/565 kBProgress (1): 110/565 kBProgress (1): 114/565 kBProgress (1): 118/565 kBProgress (1): 122/565 kBProgress (1): 126/565 kBProgress (1): 131/565 kBProgress (1): 135/565 kBProgress (1): 139/565 kBProgress (1): 143/565 kBProgress (1): 147/565 kBProgress (1): 151/565 kBProgress (1): 155/565 kBProgress (1): 159/565 kBProgress (1): 163/565 kBProgress (1): 167/565 kBProgress (1): 171/565 kBProgress (1): 176/565 kBProgress (1): 180/565 kBProgress (1): 184/565 kBProgress (1): 188/565 kBProgress (1): 192/565 kBProgress (1): 196/565 kBProgress (1): 200/565 kBProgress (1): 204/565 kBProgress (1): 208/565 kBProgress (1): 212/565 kBProgress (1): 217/565 kBProgress (1): 221/565 kBProgress (1): 225/565 kBProgress (1): 229/565 kBProgress (1): 233/565 kBProgress (1): 237/565 kBProgress (1): 241/565 kBProgress (1): 245/565 kBProgress (1): 249/565 kBProgress (1): 253/565 kBProgress (1): 258/565 kBProgress (1): 262/565 kBProgress (1): 266/565 kBProgress (1): 270/565 kBProgress (1): 274/565 kBProgress (1): 278/565 kBProgress (1): 282/565 kBProgress (1): 286/565 kBProgress (1): 290/565 kBProgress (1): 294/565 kBProgress (1): 298/565 kBProgress (1): 303/565 kBProgress (1): 307/565 kBProgress (1): 311/565 kBProgress (1): 315/565 kBProgress (1): 319/565 kBProgress (1): 323/565 kBProgress (1): 327/565 kBProgress (1): 331/565 kBProgress (1): 335/565 kBProgress (1): 339/565 kBProgress (1): 344/565 kBProgress (1): 348/565 kBProgress (1): 352/565 kBProgress (1): 356/565 kBProgress (1): 360/565 kBProgress (1): 364/565 kBProgress (1): 368/565 kBProgress (1): 372/565 kBProgress (1): 376/565 kBProgress (1): 380/565 kBProgress (1): 384/565 kBProgress (1): 389/565 kBProgress (1): 393/565 kBProgress (1): 397/565 kBProgress (1): 401/565 kBProgress (1): 405/565 kBProgress (1): 409/565 kBProgress (1): 413/565 kBProgress (1): 417/565 kBProgress (1): 421/565 kBProgress (1): 425/565 kBProgress (1): 430/565 kBProgress (1): 434/565 kBProgress (1): 438/565 kBProgress (1): 442/565 kBProgress (1): 446/565 kBProgress (1): 450/565 kBProgress (1): 454/565 kBProgress (1): 458/565 kBProgress (1): 462/565 kBProgress (1): 466/565 kBProgress (1): 470/565 kBProgress (1): 475/565 kBProgress (1): 479/565 kBProgress (1): 483/565 kBProgress (1): 487/565 kBProgress (1): 491/565 kBProgress (1): 495/565 kBProgress (1): 499/565 kBProgress (1): 503/565 kBProgress (1): 507/565 kBProgress (1): 511/565 kBProgress (1): 516/565 kBProgress (1): 520/565 kBProgress (1): 524/565 kBProgress (1): 528/565 kBProgress (1): 532/565 kBProgress (1): 536/565 kBProgress (1): 540/565 kBProgress (1): 544/565 kBProgress (1): 548/565 kBProgress (1): 552/565 kBProgress (1): 557/565 kBProgress (1): 561/565 kBProgress (1): 565 kB                        Downloaded from central: https://repo.maven.apache.org/maven2/net/sourceforge/cobertura/cobertura/2.1.1/cobertura-2.1.1.jar (565 kB at 478 kB/s)
Downloading from central: https://repo.maven.apache.org/maven2/org/ow2/asm/asm-analysis/5.0.1/asm-analysis-5.0.1.jar
Progress (1): 2.8/20 kBProgress (1): 6.5/20 kBProgress (1): 11/20 kB Progress (1): 15/20 kBProgress (1): 19/20 kBProgress (1): 20 kB                      Downloaded from central: https://repo.maven.apache.org/maven2/org/ow2/asm/asm-analysis/5.0.1/asm-analysis-5.0.1.jar (20 kB at 13 kB/s)
Downloading from central: https://repo.maven.apache.org/maven2/org/apache/ant/ant/1.8.3/ant-1.8.3.jar
Progress (1): 0/1.9 MBProgress (1): 0/1.9 MBProgress (1): 0/1.9 MBProgress (1): 0/1.9 MBProgress (1): 0/1.9 MBProgress (1): 0.1/1.9 MBProgress (1): 0.1/1.9 MBProgress (1): 0.1/1.9 MBProgress (1): 0.1/1.9 MBProgress (1): 0.1/1.9 MBProgress (1): 0.1/1.9 MBProgress (1): 0.1/1.9 MBProgress (1): 0.1/1.9 MBProgress (1): 0.1/1.9 MBProgress (1): 0.1/1.9 MBProgress (1): 0.1/1.9 MBProgress (1): 0.1/1.9 MBProgress (1): 0.2/1.9 MBProgress (1): 0.2/1.9 MBProgress (1): 0.2/1.9 MBProgress (1): 0.2/1.9 MBProgress (1): 0.2/1.9 MBProgress (1): 0.2/1.9 MBProgress (1): 0.2/1.9 MBProgress (1): 0.2/1.9 MBProgress (1): 0.2/1.9 MBProgress (1): 0.2/1.9 MBProgress (1): 0.2/1.9 MBProgress (1): 0.2/1.9 MBProgress (1): 0.3/1.9 MBProgress (1): 0.3/1.9 MBProgress (1): 0.3/1.9 MBProgress (1): 0.3/1.9 MBProgress (1): 0.3/1.9 MBProgress (1): 0.3/1.9 MBProgress (1): 0.3/1.9 MBProgress (1): 0.3/1.9 MBProgress (1): 0.3/1.9 MBProgress (1): 0.3/1.9 MBProgress (1): 0.3/1.9 MBProgress (1): 0.3/1.9 MBProgress (1): 0.4/1.9 MBProgress (1): 0.4/1.9 MBProgress (1): 0.4/1.9 MBProgress (1): 0.4/1.9 MBProgress (1): 0.4/1.9 MBProgress (1): 0.4/1.9 MBProgress (1): 0.4/1.9 MBProgress (1): 0.4/1.9 MBProgress (1): 0.4/1.9 MBProgress (1): 0.4/1.9 MBProgress (1): 0.4/1.9 MBProgress (1): 0.4/1.9 MBProgress (1): 0.5/1.9 MBProgress (1): 0.5/1.9 MBProgress (1): 0.5/1.9 MBProgress (1): 0.5/1.9 MBProgress (1): 0.5/1.9 MBProgress (1): 0.5/1.9 MBProgress (1): 0.5/1.9 MBProgress (1): 0.5/1.9 MBProgress (1): 0.5/1.9 MBProgress (1): 0.5/1.9 MBProgress (1): 0.5/1.9 MBProgress (1): 0.5/1.9 MBProgress (1): 0.5/1.9 MBProgress (1): 0.6/1.9 MBProgress (1): 0.6/1.9 MBProgress (1): 0.6/1.9 MBProgress (1): 0.6/1.9 MBProgress (1): 0.6/1.9 MBProgress (1): 0.6/1.9 MBProgress (1): 0.6/1.9 MBProgress (1): 0.6/1.9 MBProgress (1): 0.6/1.9 MBProgress (1): 0.6/1.9 MBProgress (1): 0.6/1.9 MBProgress (1): 0.6/1.9 MBProgress (1): 0.7/1.9 MBProgress (1): 0.7/1.9 MBProgress (1): 0.7/1.9 MBProgress (1): 0.7/1.9 MBProgress (1): 0.7/1.9 MBProgress (1): 0.7/1.9 MBProgress (1): 0.7/1.9 MBProgress (1): 0.7/1.9 MBProgress (1): 0.7/1.9 MBProgress (1): 0.7/1.9 MBProgress (1): 0.7/1.9 MBProgress (1): 0.7/1.9 MBProgress (1): 0.8/1.9 MBProgress (1): 0.8/1.9 MBProgress (1): 0.8/1.9 MBProgress (1): 0.8/1.9 MBProgress (1): 0.8/1.9 MBProgress (1): 0.8/1.9 MBProgress (1): 0.8/1.9 MBProgress (1): 0.8/1.9 MBProgress (1): 0.8/1.9 MBProgress (1): 0.8/1.9 MBProgress (1): 0.8/1.9 MBProgress (1): 0.8/1.9 MBProgress (1): 0.9/1.9 MBProgress (1): 0.9/1.9 MBProgress (1): 0.9/1.9 MBProgress (1): 0.9/1.9 MBProgress (1): 0.9/1.9 MBProgress (1): 0.9/1.9 MBProgress (1): 0.9/1.9 MBProgress (1): 0.9/1.9 MBProgress (1): 0.9/1.9 MBProgress (1): 0.9/1.9 MBProgress (1): 0.9/1.9 MBProgress (1): 0.9/1.9 MBProgress (1): 0.9/1.9 MBProgress (1): 1.0/1.9 MBProgress (1): 1.0/1.9 MBProgress (1): 1.0/1.9 MBProgress (1): 1.0/1.9 MBProgress (1): 1.0/1.9 MBProgress (1): 1.0/1.9 MBProgress (1): 1.0/1.9 MBProgress (1): 1.0/1.9 MBProgress (1): 1.0/1.9 MBProgress (1): 1.0/1.9 MBProgress (1): 1.0/1.9 MBProgress (1): 1.0/1.9 MBProgress (1): 1.1/1.9 MBProgress (1): 1.1/1.9 MBProgress (1): 1.1/1.9 MBProgress (1): 1.1/1.9 MBProgress (1): 1.1/1.9 MBProgress (1): 1.1/1.9 MBProgress (1): 1.1/1.9 MBProgress (1): 1.1/1.9 MBProgress (1): 1.1/1.9 MBProgress (1): 1.1/1.9 MBProgress (1): 1.1/1.9 MBProgress (1): 1.1/1.9 MBProgress (1): 1.2/1.9 MBProgress (1): 1.2/1.9 MBProgress (1): 1.2/1.9 MBProgress (1): 1.2/1.9 MBProgress (1): 1.2/1.9 MBProgress (1): 1.2/1.9 MBProgress (1): 1.2/1.9 MBProgress (1): 1.2/1.9 MBProgress (1): 1.2/1.9 MBProgress (1): 1.2/1.9 MBProgress (1): 1.2/1.9 MBProgress (1): 1.2/1.9 MBProgress (1): 1.3/1.9 MBProgress (1): 1.3/1.9 MBProgress (1): 1.3/1.9 MBProgress (1): 1.3/1.9 MBProgress (1): 1.3/1.9 MBProgress (1): 1.3/1.9 MBProgress (1): 1.3/1.9 MBProgress (1): 1.3/1.9 MBProgress (1): 1.3/1.9 MBProgress (1): 1.3/1.9 MBProgress (1): 1.3/1.9 MBProgress (1): 1.3/1.9 MBProgress (1): 1.4/1.9 MBProgress (1): 1.4/1.9 MBProgress (1): 1.4/1.9 MBProgress (1): 1.4/1.9 MBProgress (1): 1.4/1.9 MBProgress (1): 1.4/1.9 MBProgress (1): 1.4/1.9 MBProgress (1): 1.4/1.9 MBProgress (1): 1.4/1.9 MBProgress (1): 1.4/1.9 MBProgress (1): 1.4/1.9 MBProgress (1): 1.4/1.9 MBProgress (1): 1.4/1.9 MBProgress (1): 1.5/1.9 MBProgress (1): 1.5/1.9 MBProgress (1): 1.5/1.9 MBProgress (1): 1.5/1.9 MBProgress (1): 1.5/1.9 MBProgress (1): 1.5/1.9 MBProgress (1): 1.5/1.9 MBProgress (1): 1.5/1.9 MBProgress (1): 1.5/1.9 MBProgress (1): 1.5/1.9 MBProgress (1): 1.5/1.9 MBProgress (1): 1.5/1.9 MBProgress (1): 1.6/1.9 MBProgress (1): 1.6/1.9 MBProgress (1): 1.6/1.9 MBProgress (1): 1.6/1.9 MBProgress (1): 1.6/1.9 MBProgress (1): 1.6/1.9 MBProgress (1): 1.6/1.9 MBProgress (1): 1.6/1.9 MBProgress (1): 1.6/1.9 MBProgress (1): 1.6/1.9 MBProgress (1): 1.6/1.9 MBProgress (1): 1.6/1.9 MBProgress (1): 1.7/1.9 MBProgress (1): 1.7/1.9 MBProgress (1): 1.7/1.9 MBProgress (1): 1.7/1.9 MBProgress (1): 1.7/1.9 MBProgress (1): 1.7/1.9 MBProgress (1): 1.7/1.9 MBProgress (1): 1.7/1.9 MBProgress (1): 1.7/1.9 MBProgress (1): 1.7/1.9 MBProgress (1): 1.7/1.9 MBProgress (1): 1.7/1.9 MBProgress (1): 1.8/1.9 MBProgress (1): 1.8/1.9 MBProgress (1): 1.8/1.9 MBProgress (1): 1.8/1.9 MBProgress (1): 1.8/1.9 MBProgress (1): 1.8/1.9 MBProgress (1): 1.8/1.9 MBProgress (1): 1.8/1.9 MBProgress (1): 1.8/1.9 MBProgress (1): 1.8/1.9 MBProgress (1): 1.8/1.9 MBProgress (1): 1.8/1.9 MBProgress (1): 1.9/1.9 MBProgress (1): 1.9/1.9 MBProgress (1): 1.9/1.9 MBProgress (1): 1.9/1.9 MBProgress (1): 1.9/1.9 MBProgress (1): 1.9/1.9 MBProgress (1): 1.9/1.9 MBProgress (1): 1.9/1.9 MBProgress (1): 1.9/1.9 MBProgress (1): 1.9/1.9 MBProgress (1): 1.9/1.9 MBProgress (1): 1.9 MB                        Downloaded from central: https://repo.maven.apache.org/maven2/org/apache/ant/ant/1.8.3/ant-1.8.3.jar (1.9 MB at 722 kB/s)
Downloading from central: https://repo.maven.apache.org/maven2/org/apache/ant/ant-launcher/1.8.3/ant-launcher-1.8.3.jar
Progress (1): 2.2/53 kBProgress (1): 5.0/53 kBProgress (1): 7.7/53 kBProgress (1): 10/53 kB Progress (1): 13/53 kBProgress (2): 13/53 kB | 2.2/43 kBProgress (2): 13/53 kB | 5.0/43 kBProgress (3): 13/53 kB | 5.0/43 kB | 2.2/42 kBProgress (3): 13/53 kB | 5.0/43 kB | 5.0/42 kBProgress (3): 13/53 kB | 5.0/43 kB | 7.7/42 kBProgress (3): 13/53 kB | 5.0/43 kB | 10/42 kB Progress (3): 13/53 kB | 5.0/43 kB | 13/42 kBProgress (3): 13/53 kB | 7.7/43 kB | 13/42 kBProgress (3): 13/53 kB | 10/43 kB | 13/42 kB Progress (3): 13/53 kB | 13/43 kB | 13/42 kBProgress (4): 13/53 kB | 13/43 kB | 13/42 kB | 2.2/29 kBProgress (4): 13/53 kB | 13/43 kB | 13/42 kB | 5.0/29 kBProgress (4): 13/53 kB | 13/43 kB | 13/42 kB | 7.7/29 kBProgress (4): 13/53 kB | 13/43 kB | 13/42 kB | 10/29 kB Progress (4): 13/53 kB | 13/43 kB | 13/42 kB | 13/29 kBProgress (5): 13/53 kB | 13/43 kB | 13/42 kB | 13/29 kB | 2.2/18 kBProgress (5): 13/53 kB | 13/43 kB | 13/42 kB | 13/29 kB | 5.0/18 kBProgress (5): 13/53 kB | 13/43 kB | 13/42 kB | 13/29 kB | 7.7/18 kBProgress (5): 13/53 kB | 13/43 kB | 13/42 kB | 13/29 kB | 10/18 kB Progress (5): 13/53 kB | 13/43 kB | 13/42 kB | 13/29 kB | 13/18 kBProgress (5): 13/53 kB | 13/43 kB | 13/42 kB | 13/29 kB | 16/18 kBProgress (5): 13/53 kB | 13/43 kB | 13/42 kB | 13/29 kB | 18 kB   Progress (5): 16/53 kB | 13/43 kB | 13/42 kB | 13/29 kB | 18 kBProgress (5): 19/53 kB | 13/43 kB | 13/42 kB | 13/29 kB | 18 kBProgress (5): 21/53 kB | 13/43 kB | 13/42 kB | 13/29 kB | 18 kBProgress (5): 24/53 kB | 13/43 kB | 13/42 kB | 13/29 kB | 18 kBProgress (5): 27/53 kB | 13/43 kB | 13/42 kB | 13/29 kB | 18 kBProgress (5): 30/53 kB | 13/43 kB | 13/42 kB | 13/29 kB | 18 kBProgress (5): 32/53 kB | 13/43 kB | 13/42 kB | 13/29 kB | 18 kBProgress (5): 32/53 kB | 16/43 kB | 13/42 kB | 13/29 kB | 18 kBProgress (5): 32/53 kB | 19/43 kB | 13/42 kB | 13/29 kB | 18 kBProgress (5): 32/53 kB | 21/43 kB | 13/42 kB | 13/29 kB | 18 kBProgress (5): 32/53 kB | 24/43 kB | 13/42 kB | 13/29 kB | 18 kBProgress (5): 32/53 kB | 27/43 kB | 13/42 kB | 13/29 kB | 18 kBProgress (5): 32/53 kB | 30/43 kB | 13/42 kB | 13/29 kB | 18 kBProgress (5): 32/53 kB | 32/43 kB | 13/42 kB | 13/29 kB | 18 kBProgress (5): 32/53 kB | 32/43 kB | 16/42 kB | 13/29 kB | 18 kBProgress (5): 32/53 kB | 32/43 kB | 19/42 kB | 13/29 kB | 18 kBProgress (5): 32/53 kB | 32/43 kB | 21/42 kB | 13/29 kB | 18 kBProgress (5): 32/53 kB | 32/43 kB | 24/42 kB | 13/29 kB | 18 kBProgress (5): 32/53 kB | 32/43 kB | 27/42 kB | 13/29 kB | 18 kBProgress (5): 32/53 kB | 32/43 kB | 30/42 kB | 13/29 kB | 18 kBProgress (5): 32/53 kB | 32/43 kB | 32/42 kB | 13/29 kB | 18 kBProgress (5): 32/53 kB | 32/43 kB | 32/42 kB | 16/29 kB | 18 kBProgress (5): 32/53 kB | 32/43 kB | 32/42 kB | 19/29 kB | 18 kBProgress (5): 32/53 kB | 32/43 kB | 32/42 kB | 21/29 kB | 18 kBProgress (5): 32/53 kB | 32/43 kB | 32/42 kB | 24/29 kB | 18 kBProgress (5): 32/53 kB | 32/43 kB | 32/42 kB | 27/29 kB | 18 kBProgress (5): 32/53 kB | 32/43 kB | 32/42 kB | 29 kB | 18 kB                                                               Downloaded from central: https://repo.maven.apache.org/maven2/org/apache/ant/ant-launcher/1.8.3/ant-launcher-1.8.3.jar (18 kB at 5.8 kB/s)
Downloading from central: https://repo.maven.apache.org/maven2/org/apache/ant/ant-junit/1.8.3/ant-junit-1.8.3.jar
Progress (4): 36/53 kB | 32/43 kB | 32/42 kB | 29 kBProgress (4): 40/53 kB | 32/43 kB | 32/42 kB | 29 kBProgress (4): 45/53 kB | 32/43 kB | 32/42 kB | 29 kBProgress (4): 49/53 kB | 32/43 kB | 32/42 kB | 29 kBProgress (4): 53/53 kB | 32/43 kB | 32/42 kB | 29 kBProgress (4): 53 kB | 32/43 kB | 32/42 kB | 29 kB   Progress (4): 53 kB | 36/43 kB | 32/42 kB | 29 kBProgress (4): 53 kB | 40/43 kB | 32/42 kB | 29 kBProgress (4): 53 kB | 43 kB | 32/42 kB | 29 kB   Progress (4): 53 kB | 43 kB | 36/42 kB | 29 kBProgress (4): 53 kB | 43 kB | 40/42 kB | 29 kBProgress (4): 53 kB | 43 kB | 42 kB | 29 kB                                              Downloaded from central: https://repo.maven.apache.org/maven2/org/ow2/asm/asm-tree/5.0.1/asm-tree-5.0.1.jar (29 kB at 8.8 kB/s)
Downloading from central: https://repo.maven.apache.org/maven2/org/mortbay/jetty/servlet-api-2.5/6.1.14/servlet-api-2.5-6.1.14.jar
Progress (4): 53 kB | 43 kB | 42 kB | 2.2/108 kBProgress (4): 53 kB | 43 kB | 42 kB | 5.0/108 kBProgress (4): 53 kB | 43 kB | 42 kB | 7.7/108 kBProgress (4): 53 kB | 43 kB | 42 kB | 10/108 kB Progress (4): 53 kB | 43 kB | 42 kB | 13/108 kBProgress (4): 53 kB | 43 kB | 42 kB | 16/108 kBProgress (4): 53 kB | 43 kB | 42 kB | 19/108 kBProgress (4): 53 kB | 43 kB | 42 kB | 21/108 kBProgress (4): 53 kB | 43 kB | 42 kB | 24/108 kBProgress (4): 53 kB | 43 kB | 42 kB | 27/108 kBProgress (4): 53 kB | 43 kB | 42 kB | 30/108 kBProgress (4): 53 kB | 43 kB | 42 kB | 32/108 kBProgress (4): 53 kB | 43 kB | 42 kB | 36/108 kBProgress (4): 53 kB | 43 kB | 42 kB | 40/108 kBProgress (4): 53 kB | 43 kB | 42 kB | 45/108 kBProgress (4): 53 kB | 43 kB | 42 kB | 49/108 kBProgress (4): 53 kB | 43 kB | 42 kB | 53/108 kBProgress (4): 53 kB | 43 kB | 42 kB | 57/108 kBProgress (4): 53 kB | 43 kB | 42 kB | 61/108 kBProgress (4): 53 kB | 43 kB | 42 kB | 65/108 kBProgress (4): 53 kB | 43 kB | 42 kB | 69/108 kBProgress (4): 53 kB | 43 kB | 42 kB | 73/108 kBProgress (4): 53 kB | 43 kB | 42 kB | 77/108 kBProgress (4): 53 kB | 43 kB | 42 kB | 81/108 kBProgress (4): 53 kB | 43 kB | 42 kB | 85/108 kBProgress (4): 53 kB | 43 kB | 42 kB | 90/108 kBProgress (4): 53 kB | 43 kB | 42 kB | 94/108 kBProgress (4): 53 kB | 43 kB | 42 kB | 98/108 kBProgress (4): 53 kB | 43 kB | 42 kB | 102/108 kBProgress (4): 53 kB | 43 kB | 42 kB | 106/108 kBProgress (4): 53 kB | 43 kB | 42 kB | 108 kB                                                Downloaded from central: https://repo.maven.apache.org/maven2/org/ow2/asm/asm/5.0.1/asm-5.0.1.jar (53 kB at 15 kB/s)
Downloading from central: https://repo.maven.apache.org/maven2/org/mortbay/jetty/jetty/6.1.14/jetty-6.1.14.jar
Downloaded from central: https://repo.maven.apache.org/maven2/org/ow2/asm/asm-util/5.0.1/asm-util-5.0.1.jar (43 kB at 12 kB/s)
Downloading from central: https://repo.maven.apache.org/maven2/org/mortbay/jetty/jetty-util/6.1.14/jetty-util-6.1.14.jar
Downloaded from central: https://repo.maven.apache.org/maven2/org/ow2/asm/asm-commons/5.0.1/asm-commons-5.0.1.jar (42 kB at 12 kB/s)
Downloading from central: https://repo.maven.apache.org/maven2/ch/qos/logback/logback-classic/1.0.13/logback-classic-1.0.13.jar
Progress (2): 108 kB | 2.2/132 kBProgress (2): 108 kB | 5.0/132 kBProgress (2): 108 kB | 7.7/132 kBProgress (2): 108 kB | 10/132 kB Progress (2): 108 kB | 13/132 kBProgress (2): 108 kB | 16/132 kBProgress (2): 108 kB | 19/132 kBProgress (2): 108 kB | 21/132 kBProgress (2): 108 kB | 24/132 kBProgress (2): 108 kB | 27/132 kBProgress (2): 108 kB | 30/132 kBProgress (2): 108 kB | 32/132 kB                                Downloaded from central: https://repo.maven.apache.org/maven2/org/apache/ant/ant-junit/1.8.3/ant-junit-1.8.3.jar (108 kB at 30 kB/s)
Downloading from central: https://repo.maven.apache.org/maven2/ch/qos/logback/logback-core/1.0.13/logback-core-1.0.13.jar
Progress (2): 32/132 kB | 4.1/516 kBProgress (2): 32/132 kB | 7.7/516 kBProgress (2): 32/132 kB | 12/516 kB Progress (2): 32/132 kB | 16/516 kBProgress (2): 32/132 kB | 20/516 kBProgress (2): 32/132 kB | 24/516 kBProgress (2): 32/132 kB | 28/516 kBProgress (2): 32/132 kB | 32/516 kBProgress (2): 32/132 kB | 36/516 kBProgress (2): 32/132 kB | 40/516 kBProgress (2): 32/132 kB | 45/516 kBProgress (2): 32/132 kB | 49/516 kBProgress (3): 32/132 kB | 49/516 kB | 2.8/163 kBProgress (3): 32/132 kB | 49/516 kB | 5.5/163 kBProgress (3): 32/132 kB | 49/516 kB | 8.6/163 kBProgress (3): 32/132 kB | 49/516 kB | 13/163 kB Progress (3): 32/132 kB | 49/516 kB | 17/163 kBProgress (3): 32/132 kB | 49/516 kB | 21/163 kBProgress (3): 32/132 kB | 49/516 kB | 25/163 kBProgress (3): 32/132 kB | 49/516 kB | 29/163 kBProgress (3): 32/132 kB | 49/516 kB | 33/163 kBProgress (3): 32/132 kB | 49/516 kB | 37/163 kBProgress (4): 32/132 kB | 49/516 kB | 37/163 kB | 4.1/265 kBProgress (4): 32/132 kB | 49/516 kB | 37/163 kB | 7.7/265 kBProgress (4): 32/132 kB | 49/516 kB | 37/163 kB | 12/265 kB Progress (4): 32/132 kB | 49/516 kB | 37/163 kB | 16/265 kBProgress (4): 32/132 kB | 49/516 kB | 37/163 kB | 20/265 kBProgress (4): 32/132 kB | 49/516 kB | 37/163 kB | 24/265 kBProgress (4): 32/132 kB | 49/516 kB | 37/163 kB | 28/265 kBProgress (4): 32/132 kB | 49/516 kB | 37/163 kB | 32/265 kBProgress (4): 32/132 kB | 49/516 kB | 37/163 kB | 36/265 kBProgress (4): 32/132 kB | 49/516 kB | 37/163 kB | 40/265 kBProgress (4): 32/132 kB | 49/516 kB | 37/163 kB | 45/265 kBProgress (4): 32/132 kB | 49/516 kB | 37/163 kB | 49/265 kBProgress (4): 36/132 kB | 49/516 kB | 37/163 kB | 49/265 kBProgress (4): 40/132 kB | 49/516 kB | 37/163 kB | 49/265 kBProgress (4): 45/132 kB | 49/516 kB | 37/163 kB | 49/265 kBProgress (4): 49/132 kB | 49/516 kB | 37/163 kB | 49/265 kBProgress (4): 53/132 kB | 49/516 kB | 37/163 kB | 49/265 kBProgress (4): 57/132 kB | 49/516 kB | 37/163 kB | 49/265 kBProgress (4): 61/132 kB | 49/516 kB | 37/163 kB | 49/265 kBProgress (4): 65/132 kB | 49/516 kB | 37/163 kB | 49/265 kBProgress (4): 69/132 kB | 49/516 kB | 37/163 kB | 49/265 kBProgress (4): 73/132 kB | 49/516 kB | 37/163 kB | 49/265 kBProgress (4): 77/132 kB | 49/516 kB | 37/163 kB | 49/265 kBProgress (4): 81/132 kB | 49/516 kB | 37/163 kB | 49/265 kBProgress (4): 85/132 kB | 49/516 kB | 37/163 kB | 49/265 kBProgress (4): 90/132 kB | 49/516 kB | 37/163 kB | 49/265 kBProgress (4): 94/132 kB | 49/516 kB | 37/163 kB | 49/265 kBProgress (4): 98/132 kB | 49/516 kB | 37/163 kB | 49/265 kBProgress (4): 102/132 kB | 49/516 kB | 37/163 kB | 49/265 kBProgress (4): 106/132 kB | 49/516 kB | 37/163 kB | 49/265 kBProgress (4): 110/132 kB | 49/516 kB | 37/163 kB | 49/265 kBProgress (4): 114/132 kB | 49/516 kB | 37/163 kB | 49/265 kBProgress (4): 118/132 kB | 49/516 kB | 37/163 kB | 49/265 kBProgress (4): 122/132 kB | 49/516 kB | 37/163 kB | 49/265 kBProgress (4): 126/132 kB | 49/516 kB | 37/163 kB | 49/265 kBProgress (4): 131/132 kB | 49/516 kB | 37/163 kB | 49/265 kBProgress (4): 132 kB | 49/516 kB | 37/163 kB | 49/265 kB    Progress (5): 132 kB | 49/516 kB | 37/163 kB | 49/265 kB | 4.1/419 kBProgress (5): 132 kB | 49/516 kB | 37/163 kB | 49/265 kB | 7.7/419 kBProgress (5): 132 kB | 49/516 kB | 37/163 kB | 49/265 kB | 12/419 kB Progress (5): 132 kB | 49/516 kB | 37/163 kB | 49/265 kB | 16/419 kBProgress (5): 132 kB | 49/516 kB | 37/163 kB | 49/265 kB | 20/419 kBProgress (5): 132 kB | 49/516 kB | 37/163 kB | 49/265 kB | 24/419 kBProgress (5): 132 kB | 49/516 kB | 37/163 kB | 49/265 kB | 28/419 kBProgress (5): 132 kB | 49/516 kB | 37/163 kB | 49/265 kB | 32/419 kBProgress (5): 132 kB | 49/516 kB | 37/163 kB | 49/265 kB | 36/419 kBProgress (5): 132 kB | 49/516 kB | 37/163 kB | 49/265 kB | 40/419 kBProgress (5): 132 kB | 49/516 kB | 37/163 kB | 49/265 kB | 45/419 kBProgress (5): 132 kB | 49/516 kB | 37/163 kB | 49/265 kB | 49/419 kBProgress (5): 132 kB | 49/516 kB | 37/163 kB | 49/265 kB | 53/419 kBProgress (5): 132 kB | 49/516 kB | 37/163 kB | 49/265 kB | 57/419 kBProgress (5): 132 kB | 49/516 kB | 37/163 kB | 49/265 kB | 61/419 kBProgress (5): 132 kB | 49/516 kB | 37/163 kB | 49/265 kB | 65/419 kBProgress (5): 132 kB | 49/516 kB | 37/163 kB | 49/265 kB | 69/419 kBProgress (5): 132 kB | 49/516 kB | 37/163 kB | 49/265 kB | 73/419 kBProgress (5): 132 kB | 49/516 kB | 37/163 kB | 49/265 kB | 77/419 kBProgress (5): 132 kB | 49/516 kB | 37/163 kB | 49/265 kB | 81/419 kBProgress (5): 132 kB | 49/516 kB | 37/163 kB | 49/265 kB | 85/419 kBProgress (5): 132 kB | 49/516 kB | 37/163 kB | 49/265 kB | 90/419 kBProgress (5): 132 kB | 49/516 kB | 37/163 kB | 49/265 kB | 94/419 kBProgress (5): 132 kB | 49/516 kB | 37/163 kB | 49/265 kB | 98/419 kBProgress (5): 132 kB | 49/516 kB | 37/163 kB | 49/265 kB | 102/419 kBProgress (5): 132 kB | 49/516 kB | 37/163 kB | 49/265 kB | 106/419 kBProgress (5): 132 kB | 49/516 kB | 37/163 kB | 49/265 kB | 110/419 kBProgress (5): 132 kB | 49/516 kB | 37/163 kB | 49/265 kB | 114/419 kBProgress (5): 132 kB | 49/516 kB | 37/163 kB | 49/265 kB | 118/419 kBProgress (5): 132 kB | 49/516 kB | 37/163 kB | 49/265 kB | 122/419 kBProgress (5): 132 kB | 49/516 kB | 37/163 kB | 49/265 kB | 126/419 kBProgress (5): 132 kB | 49/516 kB | 37/163 kB | 49/265 kB | 131/419 kBProgress (5): 132 kB | 49/516 kB | 37/163 kB | 49/265 kB | 135/419 kBProgress (5): 132 kB | 49/516 kB | 37/163 kB | 49/265 kB | 139/419 kBProgress (5): 132 kB | 49/516 kB | 37/163 kB | 49/265 kB | 143/419 kBProgress (5): 132 kB | 49/516 kB | 37/163 kB | 49/265 kB | 147/419 kBProgress (5): 132 kB | 53/516 kB | 37/163 kB | 49/265 kB | 147/419 kBProgress (5): 132 kB | 57/516 kB | 37/163 kB | 49/265 kB | 147/419 kBProgress (5): 132 kB | 61/516 kB | 37/163 kB | 49/265 kB | 147/419 kBProgress (5): 132 kB | 65/516 kB | 37/163 kB | 49/265 kB | 147/419 kBProgress (5): 132 kB | 69/516 kB | 37/163 kB | 49/265 kB | 147/419 kBProgress (5): 132 kB | 73/516 kB | 37/163 kB | 49/265 kB | 147/419 kBProgress (5): 132 kB | 77/516 kB | 37/163 kB | 49/265 kB | 147/419 kBProgress (5): 132 kB | 81/516 kB | 37/163 kB | 49/265 kB | 147/419 kBProgress (5): 132 kB | 85/516 kB | 37/163 kB | 49/265 kB | 147/419 kBProgress (5): 132 kB | 90/516 kB | 37/163 kB | 49/265 kB | 147/419 kBProgress (5): 132 kB | 94/516 kB | 37/163 kB | 49/265 kB | 147/419 kBProgress (5): 132 kB | 98/516 kB | 37/163 kB | 49/265 kB | 147/419 kBProgress (5): 132 kB | 102/516 kB | 37/163 kB | 49/265 kB | 147/419 kBProgress (5): 132 kB | 102/516 kB | 37/163 kB | 49/265 kB | 151/419 kBProgress (5): 132 kB | 102/516 kB | 37/163 kB | 49/265 kB | 155/419 kBProgress (5): 132 kB | 102/516 kB | 37/163 kB | 49/265 kB | 159/419 kBProgress (5): 132 kB | 102/516 kB | 37/163 kB | 49/265 kB | 163/419 kBProgress (5): 132 kB | 102/516 kB | 37/163 kB | 49/265 kB | 167/419 kBProgress (5): 132 kB | 102/516 kB | 37/163 kB | 49/265 kB | 171/419 kBProgress (5): 132 kB | 102/516 kB | 37/163 kB | 49/265 kB | 176/419 kBProgress (5): 132 kB | 102/516 kB | 37/163 kB | 49/265 kB | 180/419 kBProgress (5): 132 kB | 102/516 kB | 37/163 kB | 49/265 kB | 184/419 kBProgress (5): 132 kB | 106/516 kB | 37/163 kB | 49/265 kB | 184/419 kBProgress (5): 132 kB | 110/516 kB | 37/163 kB | 49/265 kB | 184/419 kBProgress (5): 132 kB | 114/516 kB | 37/163 kB | 49/265 kB | 184/419 kBProgress (5): 132 kB | 118/516 kB | 37/163 kB | 49/265 kB | 184/419 kBProgress (5): 132 kB | 122/516 kB | 37/163 kB | 49/265 kB | 184/419 kBProgress (5): 132 kB | 126/516 kB | 37/163 kB | 49/265 kB | 184/419 kBProgress (5): 132 kB | 126/516 kB | 41/163 kB | 49/265 kB | 184/419 kBProgress (5): 132 kB | 126/516 kB | 44/163 kB | 49/265 kB | 184/419 kBProgress (5): 132 kB | 126/516 kB | 47/163 kB | 49/265 kB | 184/419 kBProgress (5): 132 kB | 126/516 kB | 50/163 kB | 49/265 kB | 184/419 kBProgress (5): 132 kB | 126/516 kB | 52/163 kB | 49/265 kB | 184/419 kBProgress (5): 132 kB | 126/516 kB | 55/163 kB | 49/265 kB | 184/419 kBProgress (5): 132 kB | 126/516 kB | 58/163 kB | 49/265 kB | 184/419 kBProgress (5): 132 kB | 126/516 kB | 61/163 kB | 49/265 kB | 184/419 kBProgress (5): 132 kB | 126/516 kB | 63/163 kB | 49/265 kB | 184/419 kBProgress (5): 132 kB | 126/516 kB | 66/163 kB | 49/265 kB | 184/419 kBProgress (5): 132 kB | 126/516 kB | 69/163 kB | 49/265 kB | 184/419 kBProgress (5): 132 kB | 126/516 kB | 71/163 kB | 49/265 kB | 184/419 kBProgress (5): 132 kB | 126/516 kB | 74/163 kB | 49/265 kB | 184/419 kBProgress (5): 132 kB | 126/516 kB | 77/163 kB | 49/265 kB | 184/419 kBProgress (5): 132 kB | 126/516 kB | 80/163 kB | 49/265 kB | 184/419 kBProgress (5): 132 kB | 126/516 kB | 82/163 kB | 49/265 kB | 184/419 kBProgress (5): 132 kB | 131/516 kB | 82/163 kB | 49/265 kB | 184/419 kBProgress (5): 132 kB | 135/516 kB | 82/163 kB | 49/265 kB | 184/419 kBProgress (5): 132 kB | 139/516 kB | 82/163 kB | 49/265 kB | 184/419 kBProgress (5): 132 kB | 143/516 kB | 82/163 kB | 49/265 kB | 184/419 kBProgress (5): 132 kB | 147/516 kB | 82/163 kB | 49/265 kB | 184/419 kBProgress (5): 132 kB | 151/516 kB | 82/163 kB | 49/265 kB | 184/419 kBProgress (5): 132 kB | 151/516 kB | 82/163 kB | 49/265 kB | 188/419 kBProgress (5): 132 kB | 151/516 kB | 82/163 kB | 49/265 kB | 192/419 kBProgress (5): 132 kB | 151/516 kB | 82/163 kB | 49/265 kB | 196/419 kBProgress (5): 132 kB | 151/516 kB | 82/163 kB | 49/265 kB | 200/419 kBProgress (5): 132 kB | 151/516 kB | 82/163 kB | 49/265 kB | 204/419 kBProgress (5): 132 kB | 151/516 kB | 82/163 kB | 49/265 kB | 208/419 kBProgress (5): 132 kB | 151/516 kB | 82/163 kB | 49/265 kB | 212/419 kBProgress (5): 132 kB | 151/516 kB | 82/163 kB | 49/265 kB | 217/419 kBProgress (5): 132 kB | 151/516 kB | 82/163 kB | 49/265 kB | 221/419 kBProgress (5): 132 kB | 151/516 kB | 82/163 kB | 49/265 kB | 225/419 kBProgress (5): 132 kB | 151/516 kB | 82/163 kB | 49/265 kB | 229/419 kBProgress (5): 132 kB | 151/516 kB | 82/163 kB | 49/265 kB | 233/419 kBProgress (5): 132 kB | 151/516 kB | 82/163 kB | 49/265 kB | 237/419 kBProgress (5): 132 kB | 151/516 kB | 82/163 kB | 49/265 kB | 241/419 kBProgress (5): 132 kB | 151/516 kB | 82/163 kB | 49/265 kB | 245/419 kBProgress (5): 132 kB | 151/516 kB | 82/163 kB | 49/265 kB | 249/419 kBProgress (5): 132 kB | 151/516 kB | 85/163 kB | 49/265 kB | 249/419 kBProgress (5): 132 kB | 151/516 kB | 88/163 kB | 49/265 kB | 249/419 kBProgress (5): 132 kB | 151/516 kB | 92/163 kB | 49/265 kB | 249/419 kBProgress (5): 132 kB | 151/516 kB | 96/163 kB | 49/265 kB | 249/419 kBProgress (5): 132 kB | 151/516 kB | 100/163 kB | 49/265 kB | 249/419 kBProgress (5): 132 kB | 151/516 kB | 104/163 kB | 49/265 kB | 249/419 kBProgress (5): 132 kB | 151/516 kB | 108/163 kB | 49/265 kB | 249/419 kBProgress (5): 132 kB | 151/516 kB | 112/163 kB | 49/265 kB | 249/419 kBProgress (5): 132 kB | 151/516 kB | 116/163 kB | 49/265 kB | 249/419 kBProgress (5): 132 kB | 151/516 kB | 121/163 kB | 49/265 kB | 249/419 kBProgress (5): 132 kB | 151/516 kB | 121/163 kB | 53/265 kB | 249/419 kBProgress (5): 132 kB | 151/516 kB | 121/163 kB | 57/265 kB | 249/419 kBProgress (5): 132 kB | 151/516 kB | 121/163 kB | 61/265 kB | 249/419 kBProgress (5): 132 kB | 151/516 kB | 121/163 kB | 65/265 kB | 249/419 kBProgress (5): 132 kB | 155/516 kB | 121/163 kB | 65/265 kB | 249/419 kBProgress (5): 132 kB | 159/516 kB | 121/163 kB | 65/265 kB | 249/419 kBProgress (5): 132 kB | 163/516 kB | 121/163 kB | 65/265 kB | 249/419 kBProgress (5): 132 kB | 163/516 kB | 121/163 kB | 65/265 kB | 253/419 kBProgress (5): 132 kB | 163/516 kB | 121/163 kB | 65/265 kB | 258/419 kBProgress (5): 132 kB | 163/516 kB | 121/163 kB | 65/265 kB | 262/419 kBProgress (5): 132 kB | 163/516 kB | 121/163 kB | 65/265 kB | 266/419 kBProgress (5): 132 kB | 163/516 kB | 121/163 kB | 65/265 kB | 270/419 kBProgress (5): 132 kB | 163/516 kB | 121/163 kB | 65/265 kB | 274/419 kBProgress (5): 132 kB | 163/516 kB | 121/163 kB | 65/265 kB | 278/419 kBProgress (5): 132 kB | 163/516 kB | 121/163 kB | 65/265 kB | 282/419 kBProgress (5): 132 kB | 163/516 kB | 121/163 kB | 69/265 kB | 282/419 kBProgress (5): 132 kB | 163/516 kB | 121/163 kB | 73/265 kB | 282/419 kBProgress (5): 132 kB | 163/516 kB | 121/163 kB | 77/265 kB | 282/419 kBProgress (5): 132 kB | 163/516 kB | 121/163 kB | 81/265 kB | 282/419 kBProgress (5): 132 kB | 163/516 kB | 121/163 kB | 85/265 kB | 282/419 kBProgress (5): 132 kB | 163/516 kB | 121/163 kB | 90/265 kB | 282/419 kBProgress (5): 132 kB | 163/516 kB | 121/163 kB | 94/265 kB | 282/419 kBProgress (5): 132 kB | 163/516 kB | 121/163 kB | 98/265 kB | 282/419 kBProgress (5): 132 kB | 163/516 kB | 121/163 kB | 102/265 kB | 282/419 kBProgress (5): 132 kB | 163/516 kB | 121/163 kB | 106/265 kB | 282/419 kBProgress (5): 132 kB | 163/516 kB | 121/163 kB | 110/265 kB | 282/419 kBProgress (5): 132 kB | 163/516 kB | 121/163 kB | 114/265 kB | 282/419 kBProgress (5): 132 kB | 163/516 kB | 121/163 kB | 118/265 kB | 282/419 kBProgress (5): 132 kB | 163/516 kB | 121/163 kB | 122/265 kB | 282/419 kBProgress (5): 132 kB | 163/516 kB | 121/163 kB | 126/265 kB | 282/419 kBProgress (5): 132 kB | 163/516 kB | 121/163 kB | 131/265 kB | 282/419 kBProgress (5): 132 kB | 163/516 kB | 121/163 kB | 135/265 kB | 282/419 kBProgress (5): 132 kB | 163/516 kB | 121/163 kB | 139/265 kB | 282/419 kBProgress (5): 132 kB | 163/516 kB | 121/163 kB | 143/265 kB | 282/419 kBProgress (5): 132 kB | 163/516 kB | 121/163 kB | 147/265 kB | 282/419 kBProgress (5): 132 kB | 163/516 kB | 121/163 kB | 147/265 kB | 286/419 kBProgress (5): 132 kB | 163/516 kB | 121/163 kB | 147/265 kB | 290/419 kBProgress (5): 132 kB | 163/516 kB | 121/163 kB | 147/265 kB | 294/419 kBProgress (5): 132 kB | 163/516 kB | 121/163 kB | 147/265 kB | 298/419 kBProgress (5): 132 kB | 163/516 kB | 121/163 kB | 147/265 kB | 303/419 kBProgress (5): 132 kB | 163/516 kB | 121/163 kB | 147/265 kB | 307/419 kBProgress (5): 132 kB | 163/516 kB | 121/163 kB | 147/265 kB | 311/419 kBProgress (5): 132 kB | 163/516 kB | 121/163 kB | 147/265 kB | 315/419 kBProgress (5): 132 kB | 163/516 kB | 121/163 kB | 147/265 kB | 319/419 kBProgress (5): 132 kB | 163/516 kB | 121/163 kB | 147/265 kB | 323/419 kBProgress (5): 132 kB | 163/516 kB | 121/163 kB | 147/265 kB | 327/419 kBProgress (5): 132 kB | 163/516 kB | 121/163 kB | 147/265 kB | 331/419 kBProgress (5): 132 kB | 163/516 kB | 121/163 kB | 147/265 kB | 335/419 kBProgress (5): 132 kB | 163/516 kB | 121/163 kB | 147/265 kB | 339/419 kBProgress (5): 132 kB | 163/516 kB | 121/163 kB | 147/265 kB | 344/419 kBProgress (5): 132 kB | 163/516 kB | 121/163 kB | 147/265 kB | 348/419 kBProgress (5): 132 kB | 163/516 kB | 121/163 kB | 147/265 kB | 352/419 kBProgress (5): 132 kB | 163/516 kB | 121/163 kB | 147/265 kB | 356/419 kBProgress (5): 132 kB | 163/516 kB | 121/163 kB | 147/265 kB | 360/419 kB                                                                        Downloaded from central: https://repo.maven.apache.org/maven2/org/mortbay/jetty/servlet-api-2.5/6.1.14/servlet-api-2.5-6.1.14.jar (132 kB at 33 kB/s)
Downloading from central: https://repo.maven.apache.org/maven2/org/apache/commons/commons-lang3/3.3.2/commons-lang3-3.3.2.jar
Progress (4): 163/516 kB | 121/163 kB | 147/265 kB | 364/419 kBProgress (4): 163/516 kB | 121/163 kB | 147/265 kB | 368/419 kBProgress (4): 163/516 kB | 121/163 kB | 147/265 kB | 372/419 kBProgress (4): 163/516 kB | 121/163 kB | 147/265 kB | 376/419 kBProgress (4): 163/516 kB | 121/163 kB | 147/265 kB | 380/419 kBProgress (4): 163/516 kB | 121/163 kB | 147/265 kB | 384/419 kBProgress (4): 163/516 kB | 121/163 kB | 147/265 kB | 389/419 kBProgress (4): 163/516 kB | 121/163 kB | 147/265 kB | 393/419 kBProgress (4): 163/516 kB | 121/163 kB | 147/265 kB | 397/419 kBProgress (4): 163/516 kB | 121/163 kB | 147/265 kB | 401/419 kBProgress (4): 163/516 kB | 121/163 kB | 147/265 kB | 405/419 kBProgress (4): 163/516 kB | 121/163 kB | 147/265 kB | 409/419 kBProgress (4): 163/516 kB | 121/163 kB | 147/265 kB | 413/419 kBProgress (4): 163/516 kB | 121/163 kB | 147/265 kB | 417/419 kBProgress (4): 163/516 kB | 121/163 kB | 147/265 kB | 419 kB    Progress (4): 167/516 kB | 121/163 kB | 147/265 kB | 419 kBProgress (4): 171/516 kB | 121/163 kB | 147/265 kB | 419 kBProgress (4): 176/516 kB | 121/163 kB | 147/265 kB | 419 kBProgress (4): 180/516 kB | 121/163 kB | 147/265 kB | 419 kBProgress (4): 184/516 kB | 121/163 kB | 147/265 kB | 419 kBProgress (4): 188/516 kB | 121/163 kB | 147/265 kB | 419 kBProgress (4): 192/516 kB | 121/163 kB | 147/265 kB | 419 kBProgress (4): 196/516 kB | 121/163 kB | 147/265 kB | 419 kBProgress (4): 200/516 kB | 121/163 kB | 147/265 kB | 419 kBProgress (4): 204/516 kB | 121/163 kB | 147/265 kB | 419 kBProgress (4): 208/516 kB | 121/163 kB | 147/265 kB | 419 kBProgress (4): 212/516 kB | 121/163 kB | 147/265 kB | 419 kBProgress (4): 217/516 kB | 121/163 kB | 147/265 kB | 419 kBProgress (4): 221/516 kB | 121/163 kB | 147/265 kB | 419 kBProgress (4): 225/516 kB | 121/163 kB | 147/265 kB | 419 kBProgress (4): 229/516 kB | 121/163 kB | 147/265 kB | 419 kBProgress (4): 233/516 kB | 121/163 kB | 147/265 kB | 419 kBProgress (4): 237/516 kB | 121/163 kB | 147/265 kB | 419 kBProgress (4): 241/516 kB | 121/163 kB | 147/265 kB | 419 kBProgress (4): 245/516 kB | 121/163 kB | 147/265 kB | 419 kBProgress (4): 249/516 kB | 121/163 kB | 147/265 kB | 419 kBProgress (4): 253/516 kB | 121/163 kB | 147/265 kB | 419 kBProgress (4): 258/516 kB | 121/163 kB | 147/265 kB | 419 kBProgress (4): 262/516 kB | 121/163 kB | 147/265 kB | 419 kBProgress (4): 266/516 kB | 121/163 kB | 147/265 kB | 419 kBProgress (4): 270/516 kB | 121/163 kB | 147/265 kB | 419 kBProgress (4): 274/516 kB | 121/163 kB | 147/265 kB | 419 kBProgress (4): 274/516 kB | 125/163 kB | 147/265 kB | 419 kBProgress (4): 274/516 kB | 129/163 kB | 147/265 kB | 419 kBProgress (4): 274/516 kB | 133/163 kB | 147/265 kB | 419 kBProgress (4): 274/516 kB | 137/163 kB | 147/265 kB | 419 kBProgress (4): 274/516 kB | 141/163 kB | 147/265 kB | 419 kBProgress (4): 274/516 kB | 145/163 kB | 147/265 kB | 419 kBProgress (4): 274/516 kB | 149/163 kB | 147/265 kB | 419 kBProgress (4): 274/516 kB | 153/163 kB | 147/265 kB | 419 kBProgress (4): 274/516 kB | 157/163 kB | 147/265 kB | 419 kBProgress (4): 274/516 kB | 162/163 kB | 147/265 kB | 419 kBProgress (4): 274/516 kB | 163 kB | 147/265 kB | 419 kB    Progress (4): 278/516 kB | 163 kB | 147/265 kB | 419 kBProgress (4): 282/516 kB | 163 kB | 147/265 kB | 419 kBProgress (4): 286/516 kB | 163 kB | 147/265 kB | 419 kBProgress (4): 290/516 kB | 163 kB | 147/265 kB | 419 kBProgress (4): 294/516 kB | 163 kB | 147/265 kB | 419 kBProgress (4): 298/516 kB | 163 kB | 147/265 kB | 419 kBProgress (4): 303/516 kB | 163 kB | 147/265 kB | 419 kBProgress (4): 307/516 kB | 163 kB | 147/265 kB | 419 kBProgress (4): 311/516 kB | 163 kB | 147/265 kB | 419 kBProgress (4): 315/516 kB | 163 kB | 147/265 kB | 419 kBProgress (4): 319/516 kB | 163 kB | 147/265 kB | 419 kBProgress (4): 323/516 kB | 163 kB | 147/265 kB | 419 kBProgress (4): 327/516 kB | 163 kB | 147/265 kB | 419 kBProgress (4): 331/516 kB | 163 kB | 147/265 kB | 419 kBProgress (4): 335/516 kB | 163 kB | 147/265 kB | 419 kBProgress (4): 339/516 kB | 163 kB | 147/265 kB | 419 kBProgress (4): 344/516 kB | 163 kB | 147/265 kB | 419 kBProgress (4): 344/516 kB | 163 kB | 151/265 kB | 419 kBProgress (4): 344/516 kB | 163 kB | 155/265 kB | 419 kBProgress (4): 344/516 kB | 163 kB | 159/265 kB | 419 kBProgress (4): 344/516 kB | 163 kB | 163/265 kB | 419 kBProgress (4): 344/516 kB | 163 kB | 167/265 kB | 419 kBProgress (4): 344/516 kB | 163 kB | 171/265 kB | 419 kBProgress (4): 344/516 kB | 163 kB | 176/265 kB | 419 kBProgress (4): 344/516 kB | 163 kB | 180/265 kB | 419 kBProgress (4): 344/516 kB | 163 kB | 184/265 kB | 419 kBProgress (4): 344/516 kB | 163 kB | 188/265 kB | 419 kBProgress (4): 344/516 kB | 163 kB | 192/265 kB | 419 kBProgress (4): 344/516 kB | 163 kB | 196/265 kB | 419 kBProgress (4): 344/516 kB | 163 kB | 200/265 kB | 419 kBProgress (4): 344/516 kB | 163 kB | 204/265 kB | 419 kBProgress (4): 344/516 kB | 163 kB | 208/265 kB | 419 kBProgress (4): 344/516 kB | 163 kB | 212/265 kB | 419 kBProgress (4): 344/516 kB | 163 kB | 217/265 kB | 419 kBProgress (4): 344/516 kB | 163 kB | 221/265 kB | 419 kBProgress (4): 344/516 kB | 163 kB | 225/265 kB | 419 kBProgress (4): 344/516 kB | 163 kB | 229/265 kB | 419 kBProgress (4): 344/516 kB | 163 kB | 233/265 kB | 419 kBProgress (4): 344/516 kB | 163 kB | 237/265 kB | 419 kBProgress (4): 344/516 kB | 163 kB | 241/265 kB | 419 kBProgress (4): 344/516 kB | 163 kB | 245/265 kB | 419 kBProgress (4): 344/516 kB | 163 kB | 249/265 kB | 419 kBProgress (4): 344/516 kB | 163 kB | 253/265 kB | 419 kBProgress (4): 344/516 kB | 163 kB | 258/265 kB | 419 kBProgress (4): 344/516 kB | 163 kB | 262/265 kB | 419 kBProgress (4): 344/516 kB | 163 kB | 265 kB | 419 kB    Progress (5): 344/516 kB | 163 kB | 265 kB | 419 kB | 4.1/413 kBProgress (5): 344/516 kB | 163 kB | 265 kB | 419 kB | 7.7/413 kBProgress (5): 344/516 kB | 163 kB | 265 kB | 419 kB | 12/413 kB Progress (5): 344/516 kB | 163 kB | 265 kB | 419 kB | 16/413 kBProgress (5): 344/516 kB | 163 kB | 265 kB | 419 kB | 20/413 kBProgress (5): 344/516 kB | 163 kB | 265 kB | 419 kB | 24/413 kBProgress (5): 344/516 kB | 163 kB | 265 kB | 419 kB | 28/413 kBProgress (5): 344/516 kB | 163 kB | 265 kB | 419 kB | 32/413 kBProgress (5): 344/516 kB | 163 kB | 265 kB | 419 kB | 36/413 kBProgress (5): 344/516 kB | 163 kB | 265 kB | 419 kB | 40/413 kBProgress (5): 344/516 kB | 163 kB | 265 kB | 419 kB | 45/413 kBProgress (5): 344/516 kB | 163 kB | 265 kB | 419 kB | 49/413 kBProgress (5): 344/516 kB | 163 kB | 265 kB | 419 kB | 53/413 kBProgress (5): 344/516 kB | 163 kB | 265 kB | 419 kB | 57/413 kBProgress (5): 344/516 kB | 163 kB | 265 kB | 419 kB | 61/413 kBProgress (5): 344/516 kB | 163 kB | 265 kB | 419 kB | 65/413 kBProgress (5): 344/516 kB | 163 kB | 265 kB | 419 kB | 69/413 kBProgress (5): 344/516 kB | 163 kB | 265 kB | 419 kB | 73/413 kBProgress (5): 344/516 kB | 163 kB | 265 kB | 419 kB | 77/413 kBProgress (5): 344/516 kB | 163 kB | 265 kB | 419 kB | 81/413 kBProgress (5): 344/516 kB | 163 kB | 265 kB | 419 kB | 85/413 kBProgress (5): 344/516 kB | 163 kB | 265 kB | 419 kB | 90/413 kBProgress (5): 344/516 kB | 163 kB | 265 kB | 419 kB | 94/413 kBProgress (5): 344/516 kB | 163 kB | 265 kB | 419 kB | 98/413 kBProgress (5): 344/516 kB | 163 kB | 265 kB | 419 kB | 102/413 kBProgress (5): 344/516 kB | 163 kB | 265 kB | 419 kB | 106/413 kBProgress (5): 344/516 kB | 163 kB | 265 kB | 419 kB | 110/413 kBProgress (5): 344/516 kB | 163 kB | 265 kB | 419 kB | 114/413 kB                                                                Downloaded from central: https://repo.maven.apache.org/maven2/ch/qos/logback/logback-core/1.0.13/logback-core-1.0.13.jar (419 kB at 99 kB/s)
Downloading from central: https://repo.maven.apache.org/maven2/xerces/xercesImpl/2.11.0/xercesImpl-2.11.0.jar
Progress (4): 344/516 kB | 163 kB | 265 kB | 118/413 kBProgress (4): 344/516 kB | 163 kB | 265 kB | 122/413 kBProgress (4): 344/516 kB | 163 kB | 265 kB | 126/413 kBProgress (4): 344/516 kB | 163 kB | 265 kB | 131/413 kBProgress (4): 344/516 kB | 163 kB | 265 kB | 135/413 kBProgress (4): 344/516 kB | 163 kB | 265 kB | 139/413 kBProgress (4): 344/516 kB | 163 kB | 265 kB | 143/413 kBProgress (4): 344/516 kB | 163 kB | 265 kB | 147/413 kBProgress (4): 348/516 kB | 163 kB | 265 kB | 147/413 kBProgress (4): 352/516 kB | 163 kB | 265 kB | 147/413 kBProgress (4): 356/516 kB | 163 kB | 265 kB | 147/413 kBProgress (4): 360/516 kB | 163 kB | 265 kB | 147/413 kBProgress (4): 364/516 kB | 163 kB | 265 kB | 147/413 kBProgress (4): 368/516 kB | 163 kB | 265 kB | 147/413 kBProgress (4): 372/516 kB | 163 kB | 265 kB | 147/413 kBProgress (4): 376/516 kB | 163 kB | 265 kB | 147/413 kBProgress (4): 380/516 kB | 163 kB | 265 kB | 147/413 kBProgress (4): 384/516 kB | 163 kB | 265 kB | 147/413 kBProgress (4): 389/516 kB | 163 kB | 265 kB | 147/413 kBProgress (4): 393/516 kB | 163 kB | 265 kB | 147/413 kBProgress (4): 397/516 kB | 163 kB | 265 kB | 147/413 kBProgress (4): 401/516 kB | 163 kB | 265 kB | 147/413 kBProgress (4): 405/516 kB | 163 kB | 265 kB | 147/413 kBProgress (4): 409/516 kB | 163 kB | 265 kB | 147/413 kBProgress (4): 413/516 kB | 163 kB | 265 kB | 147/413 kBProgress (4): 417/516 kB | 163 kB | 265 kB | 147/413 kBProgress (4): 421/516 kB | 163 kB | 265 kB | 147/413 kBProgress (4): 425/516 kB | 163 kB | 265 kB | 147/413 kBProgress (4): 430/516 kB | 163 kB | 265 kB | 147/413 kBProgress (4): 434/516 kB | 163 kB | 265 kB | 147/413 kBProgress (4): 438/516 kB | 163 kB | 265 kB | 147/413 kBProgress (4): 442/516 kB | 163 kB | 265 kB | 147/413 kBProgress (4): 446/516 kB | 163 kB | 265 kB | 147/413 kBProgress (4): 450/516 kB | 163 kB | 265 kB | 147/413 kBProgress (4): 454/516 kB | 163 kB | 265 kB | 147/413 kBProgress (4): 458/516 kB | 163 kB | 265 kB | 147/413 kBProgress (4): 462/516 kB | 163 kB | 265 kB | 147/413 kBProgress (4): 466/516 kB | 163 kB | 265 kB | 147/413 kBProgress (4): 470/516 kB | 163 kB | 265 kB | 147/413 kBProgress (4): 475/516 kB | 163 kB | 265 kB | 147/413 kBProgress (4): 479/516 kB | 163 kB | 265 kB | 147/413 kBProgress (4): 483/516 kB | 163 kB | 265 kB | 147/413 kBProgress (4): 487/516 kB | 163 kB | 265 kB | 147/413 kBProgress (4): 491/516 kB | 163 kB | 265 kB | 147/413 kBProgress (4): 495/516 kB | 163 kB | 265 kB | 147/413 kBProgress (4): 499/516 kB | 163 kB | 265 kB | 147/413 kBProgress (4): 503/516 kB | 163 kB | 265 kB | 147/413 kBProgress (4): 507/516 kB | 163 kB | 265 kB | 147/413 kBProgress (4): 511/516 kB | 163 kB | 265 kB | 147/413 kBProgress (4): 516/516 kB | 163 kB | 265 kB | 147/413 kBProgress (4): 516 kB | 163 kB | 265 kB | 147/413 kB                                                       Downloaded from central: https://repo.maven.apache.org/maven2/org/mortbay/jetty/jetty-util/6.1.14/jetty-util-6.1.14.jar (163 kB at 37 kB/s)
Downloading from central: https://repo.maven.apache.org/maven2/xml-apis/xml-apis/1.4.01/xml-apis-1.4.01.jar
Downloaded from central: https://repo.maven.apache.org/maven2/ch/qos/logback/logback-classic/1.0.13/logback-classic-1.0.13.jar (265 kB at 60 kB/s)
Downloading from central: https://repo.maven.apache.org/maven2/jaxen/jaxen/1.1.4/jaxen-1.1.4.jar
Progress (2): 516 kB | 151/413 kBProgress (2): 516 kB | 155/413 kBProgress (2): 516 kB | 159/413 kBProgress (2): 516 kB | 163/413 kBProgress (2): 516 kB | 167/413 kBProgress (2): 516 kB | 171/413 kBProgress (2): 516 kB | 176/413 kBProgress (2): 516 kB | 180/413 kBProgress (2): 516 kB | 184/413 kBProgress (2): 516 kB | 188/413 kBProgress (2): 516 kB | 192/413 kBProgress (2): 516 kB | 196/413 kBProgress (2): 516 kB | 200/413 kBProgress (2): 516 kB | 204/413 kBProgress (2): 516 kB | 208/413 kBProgress (2): 516 kB | 212/413 kBProgress (2): 516 kB | 217/413 kBProgress (2): 516 kB | 221/413 kBProgress (2): 516 kB | 225/413 kBProgress (2): 516 kB | 229/413 kBProgress (2): 516 kB | 233/413 kBProgress (2): 516 kB | 237/413 kBProgress (2): 516 kB | 241/413 kBProgress (2): 516 kB | 245/413 kBProgress (2): 516 kB | 249/413 kBProgress (2): 516 kB | 253/413 kBProgress (2): 516 kB | 258/413 kBProgress (2): 516 kB | 262/413 kBProgress (2): 516 kB | 266/413 kBProgress (2): 516 kB | 270/413 kBProgress (2): 516 kB | 274/413 kBProgress (2): 516 kB | 278/413 kBProgress (2): 516 kB | 282/413 kBProgress (2): 516 kB | 286/413 kBProgress (2): 516 kB | 290/413 kBProgress (2): 516 kB | 294/413 kBProgress (2): 516 kB | 298/413 kBProgress (2): 516 kB | 303/413 kBProgress (2): 516 kB | 307/413 kBProgress (2): 516 kB | 311/413 kBProgress (2): 516 kB | 315/413 kBProgress (2): 516 kB | 319/413 kBProgress (2): 516 kB | 323/413 kBProgress (2): 516 kB | 327/413 kBProgress (2): 516 kB | 331/413 kBProgress (2): 516 kB | 335/413 kBProgress (2): 516 kB | 339/413 kBProgress (2): 516 kB | 344/413 kBProgress (2): 516 kB | 348/413 kBProgress (2): 516 kB | 352/413 kBProgress (2): 516 kB | 356/413 kBProgress (2): 516 kB | 360/413 kBProgress (2): 516 kB | 364/413 kBProgress (2): 516 kB | 368/413 kBProgress (2): 516 kB | 372/413 kBProgress (2): 516 kB | 376/413 kBProgress (2): 516 kB | 380/413 kBProgress (2): 516 kB | 384/413 kBProgress (2): 516 kB | 389/413 kBProgress (2): 516 kB | 393/413 kBProgress (2): 516 kB | 397/413 kBProgress (2): 516 kB | 401/413 kBProgress (2): 516 kB | 405/413 kBProgress (2): 516 kB | 409/413 kBProgress (2): 516 kB | 413 kB    Progress (3): 516 kB | 413 kB | 0/1.4 MBProgress (3): 516 kB | 413 kB | 0/1.4 MBProgress (3): 516 kB | 413 kB | 0/1.4 MBProgress (3): 516 kB | 413 kB | 0/1.4 MBProgress (3): 516 kB | 413 kB | 0/1.4 MBProgress (3): 516 kB | 413 kB | 0/1.4 MBProgress (3): 516 kB | 413 kB | 0.1/1.4 MBProgress (3): 516 kB | 413 kB | 0.1/1.4 MBProgress (3): 516 kB | 413 kB | 0.1/1.4 MBProgress (3): 516 kB | 413 kB | 0.1/1.4 MBProgress (3): 516 kB | 413 kB | 0.1/1.4 MBProgress (3): 516 kB | 413 kB | 0.1/1.4 MBProgress (3): 516 kB | 413 kB | 0.1/1.4 MBProgress (3): 516 kB | 413 kB | 0.1/1.4 MBProgress (3): 516 kB | 413 kB | 0.1/1.4 MBProgress (3): 516 kB | 413 kB | 0.1/1.4 MBProgress (3): 516 kB | 413 kB | 0.1/1.4 MBProgress (3): 516 kB | 413 kB | 0.1/1.4 MBProgress (3): 516 kB | 413 kB | 0.2/1.4 MBProgress (3): 516 kB | 413 kB | 0.2/1.4 MBProgress (3): 516 kB | 413 kB | 0.2/1.4 MBProgress (3): 516 kB | 413 kB | 0.2/1.4 MBProgress (3): 516 kB | 413 kB | 0.2/1.4 MBProgress (3): 516 kB | 413 kB | 0.2/1.4 MBProgress (3): 516 kB | 413 kB | 0.2/1.4 MBProgress (3): 516 kB | 413 kB | 0.2/1.4 MBProgress (3): 516 kB | 413 kB | 0.2/1.4 MBProgress (3): 516 kB | 413 kB | 0.2/1.4 MBProgress (3): 516 kB | 413 kB | 0.2/1.4 MBProgress (3): 516 kB | 413 kB | 0.2/1.4 MBProgress (3): 516 kB | 413 kB | 0.3/1.4 MBProgress (3): 516 kB | 413 kB | 0.3/1.4 MBProgress (3): 516 kB | 413 kB | 0.3/1.4 MBProgress (3): 516 kB | 413 kB | 0.3/1.4 MBProgress (3): 516 kB | 413 kB | 0.3/1.4 MBProgress (3): 516 kB | 413 kB | 0.3/1.4 MBProgress (3): 516 kB | 413 kB | 0.3/1.4 MBProgress (3): 516 kB | 413 kB | 0.3/1.4 MBProgress (3): 516 kB | 413 kB | 0.3/1.4 MBProgress (3): 516 kB | 413 kB | 0.3/1.4 MBProgress (3): 516 kB | 413 kB | 0.3/1.4 MBProgress (3): 516 kB | 413 kB | 0.3/1.4 MBProgress (3): 516 kB | 413 kB | 0.4/1.4 MBProgress (3): 516 kB | 413 kB | 0.4/1.4 MBProgress (3): 516 kB | 413 kB | 0.4/1.4 MBProgress (3): 516 kB | 413 kB | 0.4/1.4 MBProgress (3): 516 kB | 413 kB | 0.4/1.4 MBProgress (3): 516 kB | 413 kB | 0.4/1.4 MBProgress (3): 516 kB | 413 kB | 0.4/1.4 MBProgress (3): 516 kB | 413 kB | 0.4/1.4 MBProgress (3): 516 kB | 413 kB | 0.4/1.4 MBProgress (3): 516 kB | 413 kB | 0.4/1.4 MBProgress (3): 516 kB | 413 kB | 0.4/1.4 MBProgress (3): 516 kB | 413 kB | 0.4/1.4 MBProgress (3): 516 kB | 413 kB | 0.5/1.4 MBProgress (3): 516 kB | 413 kB | 0.5/1.4 MBProgress (3): 516 kB | 413 kB | 0.5/1.4 MBProgress (3): 516 kB | 413 kB | 0.5/1.4 MBProgress (3): 516 kB | 413 kB | 0.5/1.4 MBProgress (3): 516 kB | 413 kB | 0.5/1.4 MBProgress (3): 516 kB | 413 kB | 0.5/1.4 MBProgress (3): 516 kB | 413 kB | 0.5/1.4 MBProgress (3): 516 kB | 413 kB | 0.5/1.4 MBProgress (3): 516 kB | 413 kB | 0.5/1.4 MBProgress (3): 516 kB | 413 kB | 0.5/1.4 MBProgress (3): 516 kB | 413 kB | 0.5/1.4 MBProgress (3): 516 kB | 413 kB | 0.5/1.4 MBProgress (3): 516 kB | 413 kB | 0.6/1.4 MBProgress (3): 516 kB | 413 kB | 0.6/1.4 MBProgress (3): 516 kB | 413 kB | 0.6/1.4 MBProgress (3): 516 kB | 413 kB | 0.6/1.4 MBProgress (3): 516 kB | 413 kB | 0.6/1.4 MBProgress (3): 516 kB | 413 kB | 0.6/1.4 MBProgress (3): 516 kB | 413 kB | 0.6/1.4 MBProgress (3): 516 kB | 413 kB | 0.6/1.4 MBProgress (3): 516 kB | 413 kB | 0.6/1.4 MBProgress (3): 516 kB | 413 kB | 0.6/1.4 MBProgress (3): 516 kB | 413 kB | 0.6/1.4 MBProgress (3): 516 kB | 413 kB | 0.6/1.4 MBProgress (3): 516 kB | 413 kB | 0.7/1.4 MBProgress (3): 516 kB | 413 kB | 0.7/1.4 MBProgress (3): 516 kB | 413 kB | 0.7/1.4 MBProgress (3): 516 kB | 413 kB | 0.7/1.4 MBProgress (3): 516 kB | 413 kB | 0.7/1.4 MBProgress (3): 516 kB | 413 kB | 0.7/1.4 MBProgress (3): 516 kB | 413 kB | 0.7/1.4 MBProgress (3): 516 kB | 413 kB | 0.7/1.4 MBProgress (3): 516 kB | 413 kB | 0.7/1.4 MBProgress (3): 516 kB | 413 kB | 0.7/1.4 MBProgress (3): 516 kB | 413 kB | 0.7/1.4 MBProgress (3): 516 kB | 413 kB | 0.7/1.4 MBProgress (3): 516 kB | 413 kB | 0.8/1.4 MBProgress (3): 516 kB | 413 kB | 0.8/1.4 MBProgress (3): 516 kB | 413 kB | 0.8/1.4 MBProgress (3): 516 kB | 413 kB | 0.8/1.4 MBProgress (3): 516 kB | 413 kB | 0.8/1.4 MBProgress (3): 516 kB | 413 kB | 0.8/1.4 MBProgress (3): 516 kB | 413 kB | 0.8/1.4 MBProgress (3): 516 kB | 413 kB | 0.8/1.4 MBProgress (3): 516 kB | 413 kB | 0.8/1.4 MBProgress (3): 516 kB | 413 kB | 0.8/1.4 MBProgress (3): 516 kB | 413 kB | 0.8/1.4 MBProgress (3): 516 kB | 413 kB | 0.8/1.4 MBProgress (3): 516 kB | 413 kB | 0.9/1.4 MBProgress (3): 516 kB | 413 kB | 0.9/1.4 MBProgress (3): 516 kB | 413 kB | 0.9/1.4 MBProgress (3): 516 kB | 413 kB | 0.9/1.4 MBProgress (3): 516 kB | 413 kB | 0.9/1.4 MBProgress (3): 516 kB | 413 kB | 0.9/1.4 MBProgress (3): 516 kB | 413 kB | 0.9/1.4 MBProgress (3): 516 kB | 413 kB | 0.9/1.4 MBProgress (3): 516 kB | 413 kB | 0.9/1.4 MBProgress (3): 516 kB | 413 kB | 0.9/1.4 MBProgress (3): 516 kB | 413 kB | 0.9/1.4 MBProgress (3): 516 kB | 413 kB | 0.9/1.4 MBProgress (3): 516 kB | 413 kB | 0.9/1.4 MBProgress (3): 516 kB | 413 kB | 1.0/1.4 MBProgress (3): 516 kB | 413 kB | 1.0/1.4 MBProgress (3): 516 kB | 413 kB | 1.0/1.4 MBProgress (3): 516 kB | 413 kB | 1.0/1.4 MBProgress (3): 516 kB | 413 kB | 1.0/1.4 MB                                          Downloaded from central: https://repo.maven.apache.org/maven2/org/mortbay/jetty/jetty/6.1.14/jetty-6.1.14.jar (516 kB at 113 kB/s)
Downloading from central: https://repo.maven.apache.org/maven2/org/jdom/jdom/1.1.3/jdom-1.1.3.jar
Progress (2): 413 kB | 1.0/1.4 MBProgress (2): 413 kB | 1.0/1.4 MBProgress (2): 413 kB | 1.0/1.4 MBProgress (2): 413 kB | 1.0/1.4 MBProgress (2): 413 kB | 1.0/1.4 MBProgress (2): 413 kB | 1.0/1.4 MBProgress (2): 413 kB | 1.0/1.4 MBProgress (2): 413 kB | 1.1/1.4 MBProgress (2): 413 kB | 1.1/1.4 MBProgress (2): 413 kB | 1.1/1.4 MBProgress (2): 413 kB | 1.1/1.4 MBProgress (2): 413 kB | 1.1/1.4 MBProgress (2): 413 kB | 1.1/1.4 MBProgress (2): 413 kB | 1.1/1.4 MBProgress (2): 413 kB | 1.1/1.4 MBProgress (2): 413 kB | 1.1/1.4 MBProgress (2): 413 kB | 1.1/1.4 MBProgress (2): 413 kB | 1.1/1.4 MBProgress (2): 413 kB | 1.1/1.4 MBProgress (2): 413 kB | 1.2/1.4 MBProgress (2): 413 kB | 1.2/1.4 MBProgress (2): 413 kB | 1.2/1.4 MBProgress (2): 413 kB | 1.2/1.4 MBProgress (2): 413 kB | 1.2/1.4 MBProgress (2): 413 kB | 1.2/1.4 MBProgress (2): 413 kB | 1.2/1.4 MBProgress (2): 413 kB | 1.2/1.4 MBProgress (2): 413 kB | 1.2/1.4 MBProgress (2): 413 kB | 1.2/1.4 MBProgress (2): 413 kB | 1.2/1.4 MBProgress (2): 413 kB | 1.2/1.4 MBProgress (2): 413 kB | 1.3/1.4 MBProgress (2): 413 kB | 1.3/1.4 MBProgress (2): 413 kB | 1.3/1.4 MBProgress (2): 413 kB | 1.3/1.4 MBProgress (2): 413 kB | 1.3/1.4 MBProgress (2): 413 kB | 1.3/1.4 MBProgress (2): 413 kB | 1.3/1.4 MBProgress (2): 413 kB | 1.3/1.4 MBProgress (2): 413 kB | 1.3/1.4 MBProgress (2): 413 kB | 1.3/1.4 MBProgress (2): 413 kB | 1.3/1.4 MBProgress (2): 413 kB | 1.3/1.4 MBProgress (2): 413 kB | 1.4/1.4 MBProgress (2): 413 kB | 1.4/1.4 MBProgress (3): 413 kB | 1.4/1.4 MB | 4.1/221 kBProgress (3): 413 kB | 1.4/1.4 MB | 7.7/221 kBProgress (3): 413 kB | 1.4/1.4 MB | 12/221 kB Progress (3): 413 kB | 1.4/1.4 MB | 16/221 kBProgress (3): 413 kB | 1.4/1.4 MB | 20/221 kBProgress (3): 413 kB | 1.4/1.4 MB | 24/221 kBProgress (3): 413 kB | 1.4/1.4 MB | 28/221 kBProgress (3): 413 kB | 1.4/1.4 MB | 32/221 kBProgress (3): 413 kB | 1.4/1.4 MB | 36/221 kBProgress (3): 413 kB | 1.4/1.4 MB | 40/221 kBProgress (3): 413 kB | 1.4/1.4 MB | 45/221 kBProgress (3): 413 kB | 1.4/1.4 MB | 49/221 kBProgress (3): 413 kB | 1.4/1.4 MB | 53/221 kBProgress (3): 413 kB | 1.4/1.4 MB | 57/221 kBProgress (3): 413 kB | 1.4/1.4 MB | 61/221 kBProgress (3): 413 kB | 1.4/1.4 MB | 65/221 kBProgress (3): 413 kB | 1.4/1.4 MB | 69/221 kBProgress (3): 413 kB | 1.4/1.4 MB | 73/221 kBProgress (3): 413 kB | 1.4/1.4 MB | 77/221 kBProgress (3): 413 kB | 1.4/1.4 MB | 77/221 kBProgress (3): 413 kB | 1.4 MB | 77/221 kB    Progress (3): 413 kB | 1.4 MB | 81/221 kBProgress (3): 413 kB | 1.4 MB | 85/221 kBProgress (4): 413 kB | 1.4 MB | 85/221 kB | 3.0/226 kBProgress (4): 413 kB | 1.4 MB | 85/221 kB | 7.1/226 kBProgress (4): 413 kB | 1.4 MB | 85/221 kB | 11/226 kB Progress (4): 413 kB | 1.4 MB | 85/221 kB | 15/226 kBProgress (4): 413 kB | 1.4 MB | 85/221 kB | 19/226 kBProgress (4): 413 kB | 1.4 MB | 85/221 kB | 23/226 kBProgress (4): 413 kB | 1.4 MB | 85/221 kB | 28/226 kBProgress (4): 413 kB | 1.4 MB | 85/221 kB | 32/226 kBProgress (4): 413 kB | 1.4 MB | 85/221 kB | 36/226 kBProgress (4): 413 kB | 1.4 MB | 85/221 kB | 40/226 kBProgress (4): 413 kB | 1.4 MB | 85/221 kB | 44/226 kBProgress (4): 413 kB | 1.4 MB | 90/221 kB | 44/226 kBProgress (4): 413 kB | 1.4 MB | 94/221 kB | 44/226 kBProgress (4): 413 kB | 1.4 MB | 98/221 kB | 44/226 kBProgress (4): 413 kB | 1.4 MB | 102/221 kB | 44/226 kBProgress (4): 413 kB | 1.4 MB | 106/221 kB | 44/226 kBProgress (4): 413 kB | 1.4 MB | 110/221 kB | 44/226 kBProgress (4): 413 kB | 1.4 MB | 114/221 kB | 44/226 kBProgress (4): 413 kB | 1.4 MB | 114/221 kB | 48/226 kBProgress (4): 413 kB | 1.4 MB | 114/221 kB | 52/226 kBProgress (4): 413 kB | 1.4 MB | 114/221 kB | 56/226 kBProgress (4): 413 kB | 1.4 MB | 114/221 kB | 60/226 kBProgress (4): 413 kB | 1.4 MB | 114/221 kB | 64/226 kBProgress (4): 413 kB | 1.4 MB | 114/221 kB | 69/226 kBProgress (4): 413 kB | 1.4 MB | 114/221 kB | 73/226 kBProgress (4): 413 kB | 1.4 MB | 114/221 kB | 77/226 kBProgress (4): 413 kB | 1.4 MB | 114/221 kB | 81/226 kBProgress (4): 413 kB | 1.4 MB | 118/221 kB | 81/226 kBProgress (4): 413 kB | 1.4 MB | 122/221 kB | 81/226 kBProgress (4): 413 kB | 1.4 MB | 126/221 kB | 81/226 kBProgress (4): 413 kB | 1.4 MB | 131/221 kB | 81/226 kBProgress (4): 413 kB | 1.4 MB | 135/221 kB | 81/226 kBProgress (4): 413 kB | 1.4 MB | 139/221 kB | 81/226 kBProgress (4): 413 kB | 1.4 MB | 143/221 kB | 81/226 kBProgress (4): 413 kB | 1.4 MB | 147/221 kB | 81/226 kBProgress (4): 413 kB | 1.4 MB | 147/221 kB | 85/226 kBProgress (4): 413 kB | 1.4 MB | 147/221 kB | 89/226 kBProgress (4): 413 kB | 1.4 MB | 147/221 kB | 93/226 kBProgress (4): 413 kB | 1.4 MB | 147/221 kB | 97/226 kBProgress (4): 413 kB | 1.4 MB | 147/221 kB | 101/226 kBProgress (4): 413 kB | 1.4 MB | 147/221 kB | 105/226 kBProgress (4): 413 kB | 1.4 MB | 147/221 kB | 109/226 kBProgress (4): 413 kB | 1.4 MB | 147/221 kB | 114/226 kBProgress (4): 413 kB | 1.4 MB | 147/221 kB | 118/226 kBProgress (4): 413 kB | 1.4 MB | 147/221 kB | 122/226 kBProgress (4): 413 kB | 1.4 MB | 147/221 kB | 126/226 kBProgress (4): 413 kB | 1.4 MB | 147/221 kB | 130/226 kBProgress (4): 413 kB | 1.4 MB | 147/221 kB | 134/226 kBProgress (4): 413 kB | 1.4 MB | 147/221 kB | 138/226 kBProgress (4): 413 kB | 1.4 MB | 147/221 kB | 142/226 kBProgress (4): 413 kB | 1.4 MB | 147/221 kB | 146/226 kB                                                       Downloaded from central: https://repo.maven.apache.org/maven2/org/apache/commons/commons-lang3/3.3.2/commons-lang3-3.3.2.jar (413 kB at 88 kB/s)
Downloading from central: https://repo.maven.apache.org/maven2/urbanophile/java-getopt/1.0.9/java-getopt-1.0.9.jar
Progress (4): 1.4 MB | 147/221 kB | 146/226 kB | 4.1/151 kBProgress (4): 1.4 MB | 147/221 kB | 146/226 kB | 8.2/151 kBProgress (4): 1.4 MB | 147/221 kB | 146/226 kB | 12/151 kB Progress (4): 1.4 MB | 147/221 kB | 146/226 kB | 16/151 kBProgress (4): 1.4 MB | 147/221 kB | 146/226 kB | 20/151 kBProgress (4): 1.4 MB | 147/221 kB | 146/226 kB | 25/151 kBProgress (4): 1.4 MB | 147/221 kB | 146/226 kB | 29/151 kBProgress (4): 1.4 MB | 147/221 kB | 146/226 kB | 33/151 kBProgress (4): 1.4 MB | 147/221 kB | 146/226 kB | 37/151 kBProgress (4): 1.4 MB | 147/221 kB | 146/226 kB | 41/151 kBProgress (4): 1.4 MB | 147/221 kB | 146/226 kB | 45/151 kBProgress (4): 1.4 MB | 147/221 kB | 146/226 kB | 49/151 kBProgress (4): 1.4 MB | 147/221 kB | 146/226 kB | 53/151 kBProgress (4): 1.4 MB | 147/221 kB | 146/226 kB | 57/151 kBProgress (4): 1.4 MB | 147/221 kB | 146/226 kB | 61/151 kBProgress (4): 1.4 MB | 147/221 kB | 146/226 kB | 66/151 kBProgress (4): 1.4 MB | 147/221 kB | 146/226 kB | 70/151 kBProgress (4): 1.4 MB | 147/221 kB | 146/226 kB | 74/151 kBProgress (4): 1.4 MB | 147/221 kB | 146/226 kB | 78/151 kBProgress (4): 1.4 MB | 147/221 kB | 146/226 kB | 82/151 kBProgress (4): 1.4 MB | 147/221 kB | 146/226 kB | 86/151 kBProgress (4): 1.4 MB | 147/221 kB | 146/226 kB | 90/151 kBProgress (4): 1.4 MB | 147/221 kB | 146/226 kB | 94/151 kBProgress (4): 1.4 MB | 147/221 kB | 146/226 kB | 98/151 kBProgress (4): 1.4 MB | 147/221 kB | 146/226 kB | 102/151 kBProgress (4): 1.4 MB | 147/221 kB | 146/226 kB | 106/151 kBProgress (4): 1.4 MB | 147/221 kB | 146/226 kB | 111/151 kBProgress (4): 1.4 MB | 147/221 kB | 146/226 kB | 115/151 kBProgress (4): 1.4 MB | 147/221 kB | 146/226 kB | 119/151 kBProgress (4): 1.4 MB | 147/221 kB | 146/226 kB | 123/151 kBProgress (4): 1.4 MB | 147/221 kB | 146/226 kB | 127/151 kBProgress (4): 1.4 MB | 147/221 kB | 146/226 kB | 131/151 kBProgress (4): 1.4 MB | 147/221 kB | 146/226 kB | 135/151 kBProgress (4): 1.4 MB | 147/221 kB | 146/226 kB | 139/151 kBProgress (4): 1.4 MB | 147/221 kB | 146/226 kB | 143/151 kBProgress (4): 1.4 MB | 147/221 kB | 146/226 kB | 147/151 kBProgress (4): 1.4 MB | 147/221 kB | 146/226 kB | 151 kB    Progress (4): 1.4 MB | 151/221 kB | 146/226 kB | 151 kBProgress (4): 1.4 MB | 155/221 kB | 146/226 kB | 151 kBProgress (4): 1.4 MB | 159/221 kB | 146/226 kB | 151 kBProgress (4): 1.4 MB | 163/221 kB | 146/226 kB | 151 kBProgress (4): 1.4 MB | 167/221 kB | 146/226 kB | 151 kBProgress (4): 1.4 MB | 171/221 kB | 146/226 kB | 151 kBProgress (4): 1.4 MB | 176/221 kB | 146/226 kB | 151 kBProgress (4): 1.4 MB | 180/221 kB | 146/226 kB | 151 kBProgress (4): 1.4 MB | 184/221 kB | 146/226 kB | 151 kBProgress (4): 1.4 MB | 188/221 kB | 146/226 kB | 151 kBProgress (4): 1.4 MB | 192/221 kB | 146/226 kB | 151 kBProgress (4): 1.4 MB | 196/221 kB | 146/226 kB | 151 kBProgress (4): 1.4 MB | 200/221 kB | 146/226 kB | 151 kBProgress (4): 1.4 MB | 204/221 kB | 146/226 kB | 151 kBProgress (4): 1.4 MB | 208/221 kB | 146/226 kB | 151 kBProgress (4): 1.4 MB | 212/221 kB | 146/226 kB | 151 kBProgress (4): 1.4 MB | 217/221 kB | 146/226 kB | 151 kBProgress (4): 1.4 MB | 221 kB | 146/226 kB | 151 kB    Progress (4): 1.4 MB | 221 kB | 150/226 kB | 151 kBProgress (4): 1.4 MB | 221 kB | 155/226 kB | 151 kBProgress (4): 1.4 MB | 221 kB | 159/226 kB | 151 kBProgress (4): 1.4 MB | 221 kB | 163/226 kB | 151 kBProgress (4): 1.4 MB | 221 kB | 165/226 kB | 151 kBProgress (4): 1.4 MB | 221 kB | 168/226 kB | 151 kBProgress (4): 1.4 MB | 221 kB | 171/226 kB | 151 kBProgress (4): 1.4 MB | 221 kB | 174/226 kB | 151 kBProgress (4): 1.4 MB | 221 kB | 177/226 kB | 151 kBProgress (4): 1.4 MB | 221 kB | 179/226 kB | 151 kBProgress (4): 1.4 MB | 221 kB | 182/226 kB | 151 kBProgress (4): 1.4 MB | 221 kB | 185/226 kB | 151 kBProgress (4): 1.4 MB | 221 kB | 187/226 kB | 151 kBProgress (4): 1.4 MB | 221 kB | 190/226 kB | 151 kBProgress (4): 1.4 MB | 221 kB | 193/226 kB | 151 kBProgress (4): 1.4 MB | 221 kB | 195/226 kB | 151 kBProgress (4): 1.4 MB | 221 kB | 200/226 kB | 151 kBProgress (4): 1.4 MB | 221 kB | 204/226 kB | 151 kBProgress (4): 1.4 MB | 221 kB | 208/226 kB | 151 kBProgress (4): 1.4 MB | 221 kB | 212/226 kB | 151 kBProgress (4): 1.4 MB | 221 kB | 216/226 kB | 151 kBProgress (4): 1.4 MB | 221 kB | 220/226 kB | 151 kBProgress (4): 1.4 MB | 221 kB | 224/226 kB | 151 kBProgress (4): 1.4 MB | 221 kB | 226 kB | 151 kB                                                   Downloaded from central: https://repo.maven.apache.org/maven2/xerces/xercesImpl/2.11.0/xercesImpl-2.11.0.jar (1.4 MB at 282 kB/s)
Downloading from central: https://repo.maven.apache.org/maven2/org/apache/maven/maven-core/2.0.8/maven-core-2.0.8.jar
Progress (4): 221 kB | 226 kB | 151 kB | 4.1/54 kBProgress (4): 221 kB | 226 kB | 151 kB | 7.7/54 kBProgress (4): 221 kB | 226 kB | 151 kB | 12/54 kB Progress (4): 221 kB | 226 kB | 151 kB | 16/54 kBProgress (4): 221 kB | 226 kB | 151 kB | 20/54 kBProgress (4): 221 kB | 226 kB | 151 kB | 24/54 kBProgress (4): 221 kB | 226 kB | 151 kB | 28/54 kBProgress (4): 221 kB | 226 kB | 151 kB | 32/54 kBProgress (4): 221 kB | 226 kB | 151 kB | 36/54 kBProgress (4): 221 kB | 226 kB | 151 kB | 40/54 kBProgress (4): 221 kB | 226 kB | 151 kB | 45/54 kBProgress (4): 221 kB | 226 kB | 151 kB | 49/54 kBProgress (4): 221 kB | 226 kB | 151 kB | 53/54 kBProgress (4): 221 kB | 226 kB | 151 kB | 54 kB                                                 Downloaded from central: https://repo.maven.apache.org/maven2/org/jdom/jdom/1.1.3/jdom-1.1.3.jar (151 kB at 30 kB/s)
Downloading from central: https://repo.maven.apache.org/maven2/org/apache/maven/maven-settings/2.0.8/maven-settings-2.0.8.jar
Downloaded from central: https://repo.maven.apache.org/maven2/xml-apis/xml-apis/1.4.01/xml-apis-1.4.01.jar (221 kB at 44 kB/s)
Downloading from central: https://repo.maven.apache.org/maven2/org/apache/maven/maven-plugin-parameter-documenter/2.0.8/maven-plugin-parameter-documenter-2.0.8.jar
Downloaded from central: https://repo.maven.apache.org/maven2/jaxen/jaxen/1.1.4/jaxen-1.1.4.jar (226 kB at 45 kB/s)
Downloading from central: https://repo.maven.apache.org/maven2/org/apache/maven/maven-profile/2.0.8/maven-profile-2.0.8.jar
Progress (2): 54 kB | 2.6/154 kBProgress (2): 54 kB | 5.4/154 kBProgress (2): 54 kB | 9.5/154 kBProgress (2): 54 kB | 14/154 kB Progress (2): 54 kB | 18/154 kBProgress (2): 54 kB | 22/154 kBProgress (2): 54 kB | 26/154 kBProgress (2): 54 kB | 30/154 kBProgress (2): 54 kB | 34/154 kBProgress (2): 54 kB | 38/154 kBProgress (2): 54 kB | 42/154 kBProgress (2): 54 kB | 46/154 kBProgress (2): 54 kB | 50/154 kBProgress (2): 54 kB | 55/154 kBProgress (2): 54 kB | 59/154 kBProgress (2): 54 kB | 63/154 kBProgress (2): 54 kB | 67/154 kBProgress (2): 54 kB | 71/154 kBProgress (2): 54 kB | 75/154 kBProgress (2): 54 kB | 79/154 kBProgress (2): 54 kB | 83/154 kBProgress (2): 54 kB | 87/154 kBProgress (2): 54 kB | 91/154 kBProgress (2): 54 kB | 95/154 kBProgress (2): 54 kB | 100/154 kBProgress (2): 54 kB | 104/154 kBProgress (2): 54 kB | 108/154 kBProgress (2): 54 kB | 111/154 kBProgress (2): 54 kB | 113/154 kBProgress (2): 54 kB | 116/154 kBProgress (2): 54 kB | 120/154 kBProgress (2): 54 kB | 124/154 kBProgress (2): 54 kB | 128/154 kBProgress (2): 54 kB | 132/154 kBProgress (2): 54 kB | 136/154 kBProgress (2): 54 kB | 141/154 kBProgress (2): 54 kB | 145/154 kBProgress (2): 54 kB | 149/154 kBProgress (2): 54 kB | 151/154 kBProgress (2): 54 kB | 154 kB                                Downloaded from central: https://repo.maven.apache.org/maven2/urbanophile/java-getopt/1.0.9/java-getopt-1.0.9.jar (54 kB at 11 kB/s)
Downloading from central: https://repo.maven.apache.org/maven2/org/apache/maven/maven-model/2.0.8/maven-model-2.0.8.jar
Progress (2): 154 kB | 4.1/49 kBProgress (2): 154 kB | 7.7/49 kBProgress (2): 154 kB | 12/49 kB Progress (2): 154 kB | 16/49 kBProgress (2): 154 kB | 20/49 kBProgress (2): 154 kB | 24/49 kBProgress (2): 154 kB | 28/49 kBProgress (2): 154 kB | 32/49 kBProgress (2): 154 kB | 36/49 kBProgress (2): 154 kB | 40/49 kBProgress (2): 154 kB | 45/49 kBProgress (2): 154 kB | 49/49 kBProgress (2): 154 kB | 49 kB   Progress (3): 154 kB | 49 kB | 4.1/21 kBProgress (3): 154 kB | 49 kB | 7.7/21 kBProgress (3): 154 kB | 49 kB | 12/21 kB Progress (3): 154 kB | 49 kB | 16/21 kBProgress (3): 154 kB | 49 kB | 20/21 kBProgress (3): 154 kB | 49 kB | 21 kB   Progress (4): 154 kB | 49 kB | 21 kB | 4.1/35 kBProgress (4): 154 kB | 49 kB | 21 kB | 7.7/35 kBProgress (4): 154 kB | 49 kB | 21 kB | 12/35 kB Progress (4): 154 kB | 49 kB | 21 kB | 16/35 kBProgress (4): 154 kB | 49 kB | 21 kB | 20/35 kBProgress (4): 154 kB | 49 kB | 21 kB | 24/35 kBProgress (4): 154 kB | 49 kB | 21 kB | 28/35 kBProgress (4): 154 kB | 49 kB | 21 kB | 32/35 kBProgress (4): 154 kB | 49 kB | 21 kB | 35 kB   Progress (5): 154 kB | 49 kB | 21 kB | 35 kB | 2.8/87 kBProgress (5): 154 kB | 49 kB | 21 kB | 35 kB | 5.5/87 kBProgress (5): 154 kB | 49 kB | 21 kB | 35 kB | 8.3/87 kBProgress (5): 154 kB | 49 kB | 21 kB | 35 kB | 11/87 kB Progress (5): 154 kB | 49 kB | 21 kB | 35 kB | 14/87 kBProgress (5): 154 kB | 49 kB | 21 kB | 35 kB | 16/87 kBProgress (5): 154 kB | 49 kB | 21 kB | 35 kB | 19/87 kBProgress (5): 154 kB | 49 kB | 21 kB | 35 kB | 22/87 kBProgress (5): 154 kB | 49 kB | 21 kB | 35 kB | 25/87 kBProgress (5): 154 kB | 49 kB | 21 kB | 35 kB | 27/87 kBProgress (5): 154 kB | 49 kB | 21 kB | 35 kB | 30/87 kBProgress (5): 154 kB | 49 kB | 21 kB | 35 kB | 33/87 kB                                                       Downloaded from central: https://repo.maven.apache.org/maven2/org/apache/maven/maven-core/2.0.8/maven-core-2.0.8.jar (154 kB at 29 kB/s)
Downloading from central: https://repo.maven.apache.org/maven2/org/apache/maven/maven-repository-metadata/2.0.8/maven-repository-metadata-2.0.8.jar
Progress (4): 49 kB | 21 kB | 35 kB | 37/87 kBProgress (4): 49 kB | 21 kB | 35 kB | 41/87 kBProgress (4): 49 kB | 21 kB | 35 kB | 45/87 kBProgress (4): 49 kB | 21 kB | 35 kB | 49/87 kBProgress (4): 49 kB | 21 kB | 35 kB | 53/87 kBProgress (4): 49 kB | 21 kB | 35 kB | 57/87 kBProgress (4): 49 kB | 21 kB | 35 kB | 61/87 kBProgress (4): 49 kB | 21 kB | 35 kB | 66/87 kBProgress (4): 49 kB | 21 kB | 35 kB | 70/87 kBProgress (4): 49 kB | 21 kB | 35 kB | 74/87 kBProgress (4): 49 kB | 21 kB | 35 kB | 78/87 kBProgress (4): 49 kB | 21 kB | 35 kB | 82/87 kBProgress (4): 49 kB | 21 kB | 35 kB | 86/87 kBProgress (4): 49 kB | 21 kB | 35 kB | 87 kB                                              Downloaded from central: https://repo.maven.apache.org/maven2/org/apache/maven/maven-settings/2.0.8/maven-settings-2.0.8.jar (49 kB at 8.9 kB/s)
Downloading from central: https://repo.maven.apache.org/maven2/org/apache/maven/maven-error-diagnostics/2.0.8/maven-error-diagnostics-2.0.8.jar
Downloaded from central: https://repo.maven.apache.org/maven2/org/apache/maven/maven-plugin-parameter-documenter/2.0.8/maven-plugin-parameter-documenter-2.0.8.jar (21 kB at 3.8 kB/s)
Downloading from central: https://repo.maven.apache.org/maven2/org/apache/maven/maven-plugin-descriptor/2.0.8/maven-plugin-descriptor-2.0.8.jar
Downloaded from central: https://repo.maven.apache.org/maven2/org/apache/maven/maven-profile/2.0.8/maven-profile-2.0.8.jar (35 kB at 6.4 kB/s)
Downloading from central: https://repo.maven.apache.org/maven2/org/apache/maven/maven-artifact-manager/2.0.8/maven-artifact-manager-2.0.8.jar
Progress (2): 87 kB | 2.2/25 kBProgress (2): 87 kB | 5.0/25 kBProgress (2): 87 kB | 7.7/25 kBProgress (2): 87 kB | 10/25 kB Progress (2): 87 kB | 13/25 kBProgress (2): 87 kB | 16/25 kBProgress (2): 87 kB | 19/25 kBProgress (2): 87 kB | 21/25 kBProgress (2): 87 kB | 24/25 kBProgress (2): 87 kB | 25 kB                              Downloaded from central: https://repo.maven.apache.org/maven2/org/apache/maven/maven-model/2.0.8/maven-model-2.0.8.jar (87 kB at 16 kB/s)
Downloading from central: https://repo.maven.apache.org/maven2/org/apache/maven/maven-monitor/2.0.8/maven-monitor-2.0.8.jar
Progress (2): 25 kB | 4.1/14 kBProgress (2): 25 kB | 7.7/14 kBProgress (2): 25 kB | 12/14 kB Progress (2): 25 kB | 14 kB   Progress (3): 25 kB | 14 kB | 4.1/37 kBProgress (3): 25 kB | 14 kB | 7.7/37 kBProgress (3): 25 kB | 14 kB | 12/37 kB Progress (3): 25 kB | 14 kB | 16/37 kBProgress (3): 25 kB | 14 kB | 20/37 kBProgress (3): 25 kB | 14 kB | 24/37 kBProgress (3): 25 kB | 14 kB | 28/37 kBProgress (3): 25 kB | 14 kB | 32/37 kBProgress (3): 25 kB | 14 kB | 36/37 kBProgress (3): 25 kB | 14 kB | 37 kB   Progress (4): 25 kB | 14 kB | 37 kB | 4.1/57 kBProgress (4): 25 kB | 14 kB | 37 kB | 7.7/57 kBProgress (4): 25 kB | 14 kB | 37 kB | 12/57 kB Progress (4): 25 kB | 14 kB | 37 kB | 16/57 kBProgress (4): 25 kB | 14 kB | 37 kB | 20/57 kBProgress (4): 25 kB | 14 kB | 37 kB | 24/57 kBProgress (4): 25 kB | 14 kB | 37 kB | 28/57 kBProgress (4): 25 kB | 14 kB | 37 kB | 32/57 kBProgress (4): 25 kB | 14 kB | 37 kB | 36/57 kBProgress (4): 25 kB | 14 kB | 37 kB | 40/57 kBProgress (4): 25 kB | 14 kB | 37 kB | 45/57 kBProgress (4): 25 kB | 14 kB | 37 kB | 49/57 kBProgress (4): 25 kB | 14 kB | 37 kB | 53/57 kBProgress (4): 25 kB | 14 kB | 37 kB | 57 kB                                              Downloaded from central: https://repo.maven.apache.org/maven2/org/apache/maven/maven-repository-metadata/2.0.8/maven-repository-metadata-2.0.8.jar (25 kB at 4.2 kB/s)
Downloading from central: https://repo.maven.apache.org/maven2/org/apache/maven/maven-artifact/2.0.8/maven-artifact-2.0.8.jar
Progress (4): 14 kB | 37 kB | 57 kB | 2.8/10 kBProgress (4): 14 kB | 37 kB | 57 kB | 5.5/10 kBProgress (4): 14 kB | 37 kB | 57 kB | 8.3/10 kBProgress (4): 14 kB | 37 kB | 57 kB | 10 kB                                               Downloaded from central: https://repo.maven.apache.org/maven2/org/apache/maven/maven-error-diagnostics/2.0.8/maven-error-diagnostics-2.0.8.jar (14 kB at 2.3 kB/s)
Downloading from central: https://repo.maven.apache.org/maven2/org/apache/maven/maven-plugin-api/2.0.8/maven-plugin-api-2.0.8.jar
Downloaded from central: https://repo.maven.apache.org/maven2/org/apache/maven/maven-plugin-descriptor/2.0.8/maven-plugin-descriptor-2.0.8.jar (37 kB at 6.2 kB/s)
Downloading from central: https://repo.maven.apache.org/maven2/org/apache/maven/reporting/maven-reporting-api/2.0.8/maven-reporting-api-2.0.8.jar
Downloaded from central: https://repo.maven.apache.org/maven2/org/apache/maven/maven-artifact-manager/2.0.8/maven-artifact-manager-2.0.8.jar (57 kB at 9.5 kB/s)
Downloading from central: https://repo.maven.apache.org/maven2/org/apache/maven/doxia/doxia-sink-api/1.0-alpha-9/doxia-sink-api-1.0-alpha-9.jar
Progress (2): 10 kB | 2.8/88 kBProgress (2): 10 kB | 6.5/88 kBProgress (2): 10 kB | 11/88 kB Progress (2): 10 kB | 15/88 kBProgress (2): 10 kB | 19/88 kBProgress (2): 10 kB | 23/88 kBProgress (2): 10 kB | 27/88 kBProgress (2): 10 kB | 31/88 kBProgress (2): 10 kB | 35/88 kBProgress (2): 10 kB | 38/88 kBProgress (2): 10 kB | 41/88 kBProgress (2): 10 kB | 43/88 kBProgress (2): 10 kB | 47/88 kBProgress (2): 10 kB | 52/88 kBProgress (2): 10 kB | 56/88 kBProgress (2): 10 kB | 60/88 kBProgress (2): 10 kB | 64/88 kB                              Downloaded from central: https://repo.maven.apache.org/maven2/org/apache/maven/maven-monitor/2.0.8/maven-monitor-2.0.8.jar (10 kB at 1.7 kB/s)
Downloading from central: https://repo.maven.apache.org/maven2/org/apache/maven/maven-project/2.0.8/maven-project-2.0.8.jar
Progress (1): 68/88 kBProgress (1): 72/88 kBProgress (1): 76/88 kBProgress (1): 80/88 kBProgress (1): 84/88 kBProgress (1): 87/88 kBProgress (1): 88 kB   Progress (2): 88 kB | 4.1/10 kBProgress (2): 88 kB | 7.7/10 kBProgress (2): 88 kB | 10 kB    Progress (3): 88 kB | 10 kB | 4.1/13 kBProgress (3): 88 kB | 10 kB | 7.7/13 kBProgress (3): 88 kB | 10 kB | 12/13 kB Progress (3): 88 kB | 10 kB | 13 kB   Progress (4): 88 kB | 10 kB | 13 kB | 4.1/9.9 kBProgress (4): 88 kB | 10 kB | 13 kB | 7.7/9.9 kBProgress (4): 88 kB | 10 kB | 13 kB | 9.9 kB    Progress (5): 88 kB | 10 kB | 13 kB | 9.9 kB | 2.8/117 kBProgress (5): 88 kB | 10 kB | 13 kB | 9.9 kB | 5.5/117 kBProgress (5): 88 kB | 10 kB | 13 kB | 9.9 kB | 8.3/117 kBProgress (5): 88 kB | 10 kB | 13 kB | 9.9 kB | 11/117 kB Progress (5): 88 kB | 10 kB | 13 kB | 9.9 kB | 14/117 kBProgress (5): 88 kB | 10 kB | 13 kB | 9.9 kB | 16/117 kBProgress (5): 88 kB | 10 kB | 13 kB | 9.9 kB | 19/117 kBProgress (5): 88 kB | 10 kB | 13 kB | 9.9 kB | 22/117 kBProgress (5): 88 kB | 10 kB | 13 kB | 9.9 kB | 25/117 kBProgress (5): 88 kB | 10 kB | 13 kB | 9.9 kB | 27/117 kBProgress (5): 88 kB | 10 kB | 13 kB | 9.9 kB | 30/117 kBProgress (5): 88 kB | 10 kB | 13 kB | 9.9 kB | 33/117 kBProgress (5): 88 kB | 10 kB | 13 kB | 9.9 kB | 37/117 kBProgress (5): 88 kB | 10 kB | 13 kB | 9.9 kB | 41/117 kBProgress (5): 88 kB | 10 kB | 13 kB | 9.9 kB | 45/117 kB                                                        Downloaded from central: https://repo.maven.apache.org/maven2/org/apache/maven/maven-artifact/2.0.8/maven-artifact-2.0.8.jar (88 kB at 14 kB/s)
Downloading from central: https://repo.maven.apache.org/maven2/org/apache/maven/maven-plugin-registry/2.0.8/maven-plugin-registry-2.0.8.jar
Progress (4): 10 kB | 13 kB | 9.9 kB | 49/117 kBProgress (4): 10 kB | 13 kB | 9.9 kB | 53/117 kBProgress (4): 10 kB | 13 kB | 9.9 kB | 57/117 kBProgress (4): 10 kB | 13 kB | 9.9 kB | 61/117 kBProgress (4): 10 kB | 13 kB | 9.9 kB | 66/117 kBProgress (4): 10 kB | 13 kB | 9.9 kB | 70/117 kBProgress (4): 10 kB | 13 kB | 9.9 kB | 74/117 kBProgress (4): 10 kB | 13 kB | 9.9 kB | 78/117 kBProgress (4): 10 kB | 13 kB | 9.9 kB | 82/117 kBProgress (4): 10 kB | 13 kB | 9.9 kB | 86/117 kBProgress (4): 10 kB | 13 kB | 9.9 kB | 90/117 kBProgress (4): 10 kB | 13 kB | 9.9 kB | 94/117 kBProgress (4): 10 kB | 13 kB | 9.9 kB | 98/117 kBProgress (4): 10 kB | 13 kB | 9.9 kB | 102/117 kBProgress (4): 10 kB | 13 kB | 9.9 kB | 106/117 kBProgress (4): 10 kB | 13 kB | 9.9 kB | 111/117 kBProgress (4): 10 kB | 13 kB | 9.9 kB | 115/117 kBProgress (4): 10 kB | 13 kB | 9.9 kB | 117 kB                                                 Downloaded from central: https://repo.maven.apache.org/maven2/org/apache/maven/reporting/maven-reporting-api/2.0.8/maven-reporting-api-2.0.8.jar (10 kB at 1.6 kB/s)
Downloading from central: https://repo.maven.apache.org/maven2/org/apache/maven/reporting/maven-reporting-impl/2.0.4.2/maven-reporting-impl-2.0.4.2.jar
Downloaded from central: https://repo.maven.apache.org/maven2/org/apache/maven/maven-plugin-api/2.0.8/maven-plugin-api-2.0.8.jar (13 kB at 2.0 kB/s)
Downloading from central: https://repo.maven.apache.org/maven2/commons-validator/commons-validator/1.2.0/commons-validator-1.2.0.jar
Downloaded from central: https://repo.maven.apache.org/maven2/org/apache/maven/doxia/doxia-sink-api/1.0-alpha-9/doxia-sink-api-1.0-alpha-9.jar (9.9 kB at 1.5 kB/s)
Downloading from central: https://repo.maven.apache.org/maven2/commons-digester/commons-digester/1.6/commons-digester-1.6.jar
Progress (2): 117 kB | 2.2/29 kBProgress (2): 117 kB | 5.0/29 kBProgress (2): 117 kB | 7.7/29 kBProgress (2): 117 kB | 10/29 kB Progress (2): 117 kB | 13/29 kBProgress (2): 117 kB | 16/29 kBProgress (2): 117 kB | 19/29 kBProgress (2): 117 kB | 21/29 kBProgress (2): 117 kB | 24/29 kBProgress (2): 117 kB | 27/29 kBProgress (2): 117 kB | 29 kB                               Downloaded from central: https://repo.maven.apache.org/maven2/org/apache/maven/maven-project/2.0.8/maven-project-2.0.8.jar (117 kB at 18 kB/s)
Downloading from central: https://repo.maven.apache.org/maven2/commons-logging/commons-logging/1.0.4/commons-logging-1.0.4.jar
Progress (2): 29 kB | 4.1/91 kBProgress (2): 29 kB | 8.2/91 kBProgress (2): 29 kB | 12/91 kB Progress (2): 29 kB | 16/91 kBProgress (2): 29 kB | 20/91 kBProgress (2): 29 kB | 25/91 kBProgress (2): 29 kB | 29/91 kBProgress (2): 29 kB | 33/91 kBProgress (2): 29 kB | 37/91 kBProgress (2): 29 kB | 41/91 kBProgress (2): 29 kB | 45/91 kBProgress (2): 29 kB | 49/91 kBProgress (2): 29 kB | 53/91 kBProgress (2): 29 kB | 57/91 kBProgress (2): 29 kB | 61/91 kBProgress (2): 29 kB | 65/91 kBProgress (2): 29 kB | 69/91 kBProgress (2): 29 kB | 73/91 kBProgress (2): 29 kB | 77/91 kBProgress (2): 29 kB | 82/91 kBProgress (2): 29 kB | 86/91 kBProgress (2): 29 kB | 90/91 kBProgress (3): 29 kB | 90/91 kB | 4.1/20 kBProgress (3): 29 kB | 90/91 kB | 7.7/20 kBProgress (3): 29 kB | 90/91 kB | 12/20 kB Progress (3): 29 kB | 90/91 kB | 16/20 kBProgress (3): 29 kB | 90/91 kB | 20/20 kBProgress (3): 29 kB | 90/91 kB | 20 kB   Progress (3): 29 kB | 91 kB | 20 kB   Progress (4): 29 kB | 91 kB | 20 kB | 4.1/168 kBProgress (4): 29 kB | 91 kB | 20 kB | 7.6/168 kBProgress (4): 29 kB | 91 kB | 20 kB | 12/168 kB Progress (4): 29 kB | 91 kB | 20 kB | 16/168 kBProgress (4): 29 kB | 91 kB | 20 kB | 20/168 kBProgress (4): 29 kB | 91 kB | 20 kB | 24/168 kBProgress (4): 29 kB | 91 kB | 20 kB | 28/168 kBProgress (4): 29 kB | 91 kB | 20 kB | 32/168 kBProgress (4): 29 kB | 91 kB | 20 kB | 36/168 kBProgress (4): 29 kB | 91 kB | 20 kB | 40/168 kBProgress (4): 29 kB | 91 kB | 20 kB | 45/168 kBProgress (4): 29 kB | 91 kB | 20 kB | 49/168 kBProgress (4): 29 kB | 91 kB | 20 kB | 53/168 kBProgress (4): 29 kB | 91 kB | 20 kB | 57/168 kBProgress (4): 29 kB | 91 kB | 20 kB | 61/168 kBProgress (4): 29 kB | 91 kB | 20 kB | 65/168 kBProgress (4): 29 kB | 91 kB | 20 kB | 69/168 kBProgress (4): 29 kB | 91 kB | 20 kB | 73/168 kBProgress (4): 29 kB | 91 kB | 20 kB | 77/168 kBProgress (4): 29 kB | 91 kB | 20 kB | 81/168 kBProgress (4): 29 kB | 91 kB | 20 kB | 85/168 kBProgress (4): 29 kB | 91 kB | 20 kB | 90/168 kBProgress (4): 29 kB | 91 kB | 20 kB | 94/168 kBProgress (4): 29 kB | 91 kB | 20 kB | 98/168 kBProgress (4): 29 kB | 91 kB | 20 kB | 102/168 kBProgress (4): 29 kB | 91 kB | 20 kB | 106/168 kBProgress (4): 29 kB | 91 kB | 20 kB | 110/168 kBProgress (4): 29 kB | 91 kB | 20 kB | 114/168 kBProgress (4): 29 kB | 91 kB | 20 kB | 118/168 kBProgress (4): 29 kB | 91 kB | 20 kB | 122/168 kBProgress (4): 29 kB | 91 kB | 20 kB | 126/168 kBProgress (4): 29 kB | 91 kB | 20 kB | 131/168 kBProgress (4): 29 kB | 91 kB | 20 kB | 135/168 kBProgress (4): 29 kB | 91 kB | 20 kB | 139/168 kBProgress (4): 29 kB | 91 kB | 20 kB | 143/168 kBProgress (4): 29 kB | 91 kB | 20 kB | 147/168 kBProgress (4): 29 kB | 91 kB | 20 kB | 151/168 kBProgress (4): 29 kB | 91 kB | 20 kB | 155/168 kBProgress (4): 29 kB | 91 kB | 20 kB | 159/168 kBProgress (4): 29 kB | 91 kB | 20 kB | 163/168 kBProgress (4): 29 kB | 91 kB | 20 kB | 167/168 kBProgress (4): 29 kB | 91 kB | 20 kB | 168 kB                                                Downloaded from central: https://repo.maven.apache.org/maven2/org/apache/maven/maven-plugin-registry/2.0.8/maven-plugin-registry-2.0.8.jar (29 kB at 4.3 kB/s)
Downloading from central: https://repo.maven.apache.org/maven2/org/apache/maven/doxia/doxia-core/1.0/doxia-core-1.0.jar
Progress (4): 91 kB | 20 kB | 168 kB | 4.1/38 kBProgress (4): 91 kB | 20 kB | 168 kB | 7.7/38 kBProgress (4): 91 kB | 20 kB | 168 kB | 12/38 kB Progress (4): 91 kB | 20 kB | 168 kB | 16/38 kBProgress (4): 91 kB | 20 kB | 168 kB | 20/38 kBProgress (4): 91 kB | 20 kB | 168 kB | 24/38 kBProgress (4): 91 kB | 20 kB | 168 kB | 28/38 kBProgress (4): 91 kB | 20 kB | 168 kB | 32/38 kBProgress (4): 91 kB | 20 kB | 168 kB | 36/38 kBProgress (4): 91 kB | 20 kB | 168 kB | 38 kB                                               Downloaded from central: https://repo.maven.apache.org/maven2/org/apache/maven/reporting/maven-reporting-impl/2.0.4.2/maven-reporting-impl-2.0.4.2.jar (20 kB at 2.9 kB/s)
Downloading from central: https://repo.maven.apache.org/maven2/org/apache/maven/doxia/doxia-site-renderer/1.0/doxia-site-renderer-1.0.jar
Downloaded from central: https://repo.maven.apache.org/maven2/commons-validator/commons-validator/1.2.0/commons-validator-1.2.0.jar (91 kB at 13 kB/s)
Downloading from central: https://repo.maven.apache.org/maven2/org/apache/velocity/velocity/1.5/velocity-1.5.jar
Downloaded from central: https://repo.maven.apache.org/maven2/commons-digester/commons-digester/1.6/commons-digester-1.6.jar (168 kB at 25 kB/s)
Downloading from central: https://repo.maven.apache.org/maven2/org/apache/maven/doxia/doxia-decoration-model/1.0/doxia-decoration-model-1.0.jar
Progress (2): 38 kB | 3.7/55 kBProgress (2): 38 kB | 7.8/55 kBProgress (2): 38 kB | 12/55 kB Progress (2): 38 kB | 16/55 kBProgress (2): 38 kB | 20/55 kBProgress (2): 38 kB | 24/55 kBProgress (2): 38 kB | 28/55 kB                              Downloaded from central: https://repo.maven.apache.org/maven2/commons-logging/commons-logging/1.0.4/commons-logging-1.0.4.jar (38 kB at 5.5 kB/s)
Downloading from central: https://repo.maven.apache.org/maven2/commons-collections/commons-collections/3.2/commons-collections-3.2.jar
Progress (1): 32/55 kBProgress (1): 37/55 kBProgress (1): 41/55 kBProgress (1): 45/55 kBProgress (1): 49/55 kBProgress (1): 53/55 kBProgress (1): 55 kB   Progress (2): 55 kB | 4.1/47 kBProgress (2): 55 kB | 7.7/47 kBProgress (2): 55 kB | 12/47 kB Progress (2): 55 kB | 16/47 kBProgress (2): 55 kB | 20/47 kBProgress (2): 55 kB | 24/47 kBProgress (2): 55 kB | 28/47 kBProgress (2): 55 kB | 32/47 kBProgress (2): 55 kB | 36/47 kBProgress (2): 55 kB | 40/47 kBProgress (2): 55 kB | 45/47 kBProgress (2): 55 kB | 47 kB   Progress (3): 55 kB | 47 kB | 4.1/392 kBProgress (3): 55 kB | 47 kB | 7.7/392 kBProgress (3): 55 kB | 47 kB | 12/392 kB Progress (3): 55 kB | 47 kB | 16/392 kBProgress (3): 55 kB | 47 kB | 20/392 kBProgress (3): 55 kB | 47 kB | 24/392 kBProgress (3): 55 kB | 47 kB | 28/392 kBProgress (3): 55 kB | 47 kB | 32/392 kBProgress (3): 55 kB | 47 kB | 36/392 kBProgress (3): 55 kB | 47 kB | 40/392 kBProgress (3): 55 kB | 47 kB | 45/392 kBProgress (3): 55 kB | 47 kB | 49/392 kBProgress (3): 55 kB | 47 kB | 53/392 kBProgress (3): 55 kB | 47 kB | 57/392 kBProgress (3): 55 kB | 47 kB | 61/392 kBProgress (3): 55 kB | 47 kB | 65/392 kBProgress (3): 55 kB | 47 kB | 69/392 kBProgress (3): 55 kB | 47 kB | 73/392 kBProgress (3): 55 kB | 47 kB | 77/392 kBProgress (3): 55 kB | 47 kB | 81/392 kBProgress (3): 55 kB | 47 kB | 85/392 kBProgress (3): 55 kB | 47 kB | 90/392 kBProgress (3): 55 kB | 47 kB | 94/392 kBProgress (3): 55 kB | 47 kB | 98/392 kBProgress (3): 55 kB | 47 kB | 102/392 kBProgress (3): 55 kB | 47 kB | 106/392 kBProgress (3): 55 kB | 47 kB | 110/392 kBProgress (3): 55 kB | 47 kB | 114/392 kBProgress (3): 55 kB | 47 kB | 118/392 kBProgress (3): 55 kB | 47 kB | 122/392 kBProgress (3): 55 kB | 47 kB | 126/392 kBProgress (3): 55 kB | 47 kB | 131/392 kBProgress (3): 55 kB | 47 kB | 135/392 kBProgress (3): 55 kB | 47 kB | 139/392 kBProgress (3): 55 kB | 47 kB | 143/392 kBProgress (3): 55 kB | 47 kB | 147/392 kBProgress (3): 55 kB | 47 kB | 151/392 kBProgress (3): 55 kB | 47 kB | 155/392 kBProgress (3): 55 kB | 47 kB | 159/392 kBProgress (3): 55 kB | 47 kB | 163/392 kBProgress (3): 55 kB | 47 kB | 167/392 kBProgress (3): 55 kB | 47 kB | 171/392 kBProgress (3): 55 kB | 47 kB | 176/392 kBProgress (3): 55 kB | 47 kB | 180/392 kBProgress (3): 55 kB | 47 kB | 184/392 kBProgress (3): 55 kB | 47 kB | 188/392 kBProgress (3): 55 kB | 47 kB | 192/392 kBProgress (3): 55 kB | 47 kB | 196/392 kBProgress (3): 55 kB | 47 kB | 200/392 kBProgress (3): 55 kB | 47 kB | 204/392 kBProgress (3): 55 kB | 47 kB | 208/392 kBProgress (3): 55 kB | 47 kB | 212/392 kBProgress (3): 55 kB | 47 kB | 217/392 kBProgress (3): 55 kB | 47 kB | 221/392 kBProgress (3): 55 kB | 47 kB | 225/392 kBProgress (3): 55 kB | 47 kB | 229/392 kBProgress (3): 55 kB | 47 kB | 233/392 kBProgress (3): 55 kB | 47 kB | 237/392 kBProgress (3): 55 kB | 47 kB | 241/392 kBProgress (3): 55 kB | 47 kB | 245/392 kBProgress (3): 55 kB | 47 kB | 249/392 kBProgress (3): 55 kB | 47 kB | 253/392 kBProgress (3): 55 kB | 47 kB | 258/392 kBProgress (3): 55 kB | 47 kB | 262/392 kBProgress (3): 55 kB | 47 kB | 266/392 kBProgress (3): 55 kB | 47 kB | 270/392 kBProgress (3): 55 kB | 47 kB | 274/392 kBProgress (3): 55 kB | 47 kB | 278/392 kBProgress (3): 55 kB | 47 kB | 282/392 kBProgress (3): 55 kB | 47 kB | 286/392 kBProgress (3): 55 kB | 47 kB | 290/392 kBProgress (3): 55 kB | 47 kB | 294/392 kBProgress (3): 55 kB | 47 kB | 298/392 kBProgress (3): 55 kB | 47 kB | 303/392 kBProgress (3): 55 kB | 47 kB | 307/392 kBProgress (3): 55 kB | 47 kB | 311/392 kBProgress (3): 55 kB | 47 kB | 315/392 kBProgress (3): 55 kB | 47 kB | 319/392 kBProgress (3): 55 kB | 47 kB | 323/392 kBProgress (3): 55 kB | 47 kB | 327/392 kBProgress (3): 55 kB | 47 kB | 331/392 kBProgress (3): 55 kB | 47 kB | 335/392 kBProgress (3): 55 kB | 47 kB | 339/392 kBProgress (4): 55 kB | 47 kB | 339/392 kB | 4.1/49 kBProgress (4): 55 kB | 47 kB | 339/392 kB | 7.7/49 kBProgress (4): 55 kB | 47 kB | 339/392 kB | 12/49 kB Progress (4): 55 kB | 47 kB | 339/392 kB | 16/49 kBProgress (4): 55 kB | 47 kB | 339/392 kB | 20/49 kBProgress (4): 55 kB | 47 kB | 339/392 kB | 24/49 kBProgress (4): 55 kB | 47 kB | 339/392 kB | 28/49 kBProgress (4): 55 kB | 47 kB | 339/392 kB | 32/49 kBProgress (4): 55 kB | 47 kB | 339/392 kB | 36/49 kBProgress (4): 55 kB | 47 kB | 339/392 kB | 40/49 kBProgress (4): 55 kB | 47 kB | 339/392 kB | 45/49 kBProgress (4): 55 kB | 47 kB | 339/392 kB | 49/49 kBProgress (4): 55 kB | 47 kB | 339/392 kB | 49 kB   Progress (4): 55 kB | 47 kB | 344/392 kB | 49 kBProgress (4): 55 kB | 47 kB | 348/392 kB | 49 kBProgress (4): 55 kB | 47 kB | 352/392 kB | 49 kBProgress (4): 55 kB | 47 kB | 356/392 kB | 49 kBProgress (4): 55 kB | 47 kB | 360/392 kB | 49 kBProgress (4): 55 kB | 47 kB | 364/392 kB | 49 kBProgress (4): 55 kB | 47 kB | 368/392 kB | 49 kBProgress (4): 55 kB | 47 kB | 372/392 kB | 49 kBProgress (4): 55 kB | 47 kB | 376/392 kB | 49 kBProgress (4): 55 kB | 47 kB | 380/392 kB | 49 kBProgress (4): 55 kB | 47 kB | 384/392 kB | 49 kBProgress (4): 55 kB | 47 kB | 389/392 kB | 49 kBProgress (4): 55 kB | 47 kB | 392 kB | 49 kB    Progress (5): 55 kB | 47 kB | 392 kB | 49 kB | 4.1/571 kBProgress (5): 55 kB | 47 kB | 392 kB | 49 kB | 7.7/571 kB                                                         Downloaded from central: https://repo.maven.apache.org/maven2/org/apache/maven/doxia/doxia-core/1.0/doxia-core-1.0.jar (55 kB at 7.6 kB/s)
Downloading from central: https://repo.maven.apache.org/maven2/org/apache/maven/doxia/doxia-module-apt/1.0/doxia-module-apt-1.0.jar
Progress (4): 47 kB | 392 kB | 49 kB | 12/571 kBProgress (4): 47 kB | 392 kB | 49 kB | 16/571 kBProgress (4): 47 kB | 392 kB | 49 kB | 20/571 kBProgress (4): 47 kB | 392 kB | 49 kB | 24/571 kBProgress (4): 47 kB | 392 kB | 49 kB | 28/571 kBProgress (4): 47 kB | 392 kB | 49 kB | 32/571 kBProgress (4): 47 kB | 392 kB | 49 kB | 36/571 kBProgress (4): 47 kB | 392 kB | 49 kB | 40/571 kBProgress (4): 47 kB | 392 kB | 49 kB | 45/571 kBProgress (4): 47 kB | 392 kB | 49 kB | 49/571 kBProgress (4): 47 kB | 392 kB | 49 kB | 53/571 kBProgress (4): 47 kB | 392 kB | 49 kB | 57/571 kBProgress (4): 47 kB | 392 kB | 49 kB | 61/571 kBProgress (4): 47 kB | 392 kB | 49 kB | 65/571 kBProgress (4): 47 kB | 392 kB | 49 kB | 69/571 kBProgress (4): 47 kB | 392 kB | 49 kB | 73/571 kBProgress (4): 47 kB | 392 kB | 49 kB | 77/571 kBProgress (4): 47 kB | 392 kB | 49 kB | 81/571 kBProgress (4): 47 kB | 392 kB | 49 kB | 85/571 kBProgress (4): 47 kB | 392 kB | 49 kB | 90/571 kBProgress (4): 47 kB | 392 kB | 49 kB | 94/571 kBProgress (4): 47 kB | 392 kB | 49 kB | 98/571 kBProgress (4): 47 kB | 392 kB | 49 kB | 102/571 kBProgress (4): 47 kB | 392 kB | 49 kB | 106/571 kBProgress (4): 47 kB | 392 kB | 49 kB | 110/571 kBProgress (4): 47 kB | 392 kB | 49 kB | 114/571 kBProgress (4): 47 kB | 392 kB | 49 kB | 118/571 kBProgress (4): 47 kB | 392 kB | 49 kB | 122/571 kBProgress (4): 47 kB | 392 kB | 49 kB | 126/571 kBProgress (4): 47 kB | 392 kB | 49 kB | 131/571 kBProgress (4): 47 kB | 392 kB | 49 kB | 135/571 kBProgress (4): 47 kB | 392 kB | 49 kB | 139/571 kBProgress (4): 47 kB | 392 kB | 49 kB | 143/571 kBProgress (4): 47 kB | 392 kB | 49 kB | 147/571 kBProgress (4): 47 kB | 392 kB | 49 kB | 151/571 kBProgress (4): 47 kB | 392 kB | 49 kB | 155/571 kBProgress (4): 47 kB | 392 kB | 49 kB | 159/571 kBProgress (4): 47 kB | 392 kB | 49 kB | 163/571 kBProgress (4): 47 kB | 392 kB | 49 kB | 167/571 kBProgress (4): 47 kB | 392 kB | 49 kB | 171/571 kBProgress (4): 47 kB | 392 kB | 49 kB | 176/571 kBProgress (4): 47 kB | 392 kB | 49 kB | 180/571 kBProgress (4): 47 kB | 392 kB | 49 kB | 184/571 kBProgress (4): 47 kB | 392 kB | 49 kB | 188/571 kBProgress (4): 47 kB | 392 kB | 49 kB | 192/571 kBProgress (4): 47 kB | 392 kB | 49 kB | 196/571 kBProgress (4): 47 kB | 392 kB | 49 kB | 200/571 kBProgress (4): 47 kB | 392 kB | 49 kB | 204/571 kBProgress (4): 47 kB | 392 kB | 49 kB | 208/571 kBProgress (4): 47 kB | 392 kB | 49 kB | 212/571 kBProgress (4): 47 kB | 392 kB | 49 kB | 217/571 kBProgress (4): 47 kB | 392 kB | 49 kB | 221/571 kBProgress (4): 47 kB | 392 kB | 49 kB | 225/571 kBProgress (4): 47 kB | 392 kB | 49 kB | 229/571 kBProgress (4): 47 kB | 392 kB | 49 kB | 233/571 kBProgress (4): 47 kB | 392 kB | 49 kB | 237/571 kBProgress (4): 47 kB | 392 kB | 49 kB | 241/571 kBProgress (4): 47 kB | 392 kB | 49 kB | 245/571 kBProgress (4): 47 kB | 392 kB | 49 kB | 249/571 kBProgress (4): 47 kB | 392 kB | 49 kB | 253/571 kBProgress (4): 47 kB | 392 kB | 49 kB | 258/571 kBProgress (4): 47 kB | 392 kB | 49 kB | 262/571 kBProgress (4): 47 kB | 392 kB | 49 kB | 266/571 kBProgress (4): 47 kB | 392 kB | 49 kB | 270/571 kBProgress (4): 47 kB | 392 kB | 49 kB | 274/571 kBProgress (4): 47 kB | 392 kB | 49 kB | 278/571 kBProgress (4): 47 kB | 392 kB | 49 kB | 282/571 kBProgress (4): 47 kB | 392 kB | 49 kB | 286/571 kBProgress (4): 47 kB | 392 kB | 49 kB | 290/571 kBProgress (4): 47 kB | 392 kB | 49 kB | 294/571 kBProgress (4): 47 kB | 392 kB | 49 kB | 298/571 kBProgress (4): 47 kB | 392 kB | 49 kB | 303/571 kBProgress (4): 47 kB | 392 kB | 49 kB | 307/571 kBProgress (4): 47 kB | 392 kB | 49 kB | 311/571 kBProgress (4): 47 kB | 392 kB | 49 kB | 315/571 kBProgress (4): 47 kB | 392 kB | 49 kB | 319/571 kBProgress (4): 47 kB | 392 kB | 49 kB | 323/571 kBProgress (4): 47 kB | 392 kB | 49 kB | 327/571 kBProgress (4): 47 kB | 392 kB | 49 kB | 331/571 kBProgress (4): 47 kB | 392 kB | 49 kB | 335/571 kBProgress (4): 47 kB | 392 kB | 49 kB | 339/571 kBProgress (4): 47 kB | 392 kB | 49 kB | 344/571 kBProgress (4): 47 kB | 392 kB | 49 kB | 348/571 kBProgress (4): 47 kB | 392 kB | 49 kB | 352/571 kBProgress (4): 47 kB | 392 kB | 49 kB | 356/571 kBProgress (4): 47 kB | 392 kB | 49 kB | 360/571 kBProgress (4): 47 kB | 392 kB | 49 kB | 364/571 kBProgress (4): 47 kB | 392 kB | 49 kB | 368/571 kBProgress (4): 47 kB | 392 kB | 49 kB | 372/571 kBProgress (4): 47 kB | 392 kB | 49 kB | 376/571 kBProgress (4): 47 kB | 392 kB | 49 kB | 380/571 kBProgress (4): 47 kB | 392 kB | 49 kB | 384/571 kBProgress (4): 47 kB | 392 kB | 49 kB | 389/571 kBProgress (4): 47 kB | 392 kB | 49 kB | 393/571 kBProgress (4): 47 kB | 392 kB | 49 kB | 397/571 kBProgress (4): 47 kB | 392 kB | 49 kB | 401/571 kBProgress (4): 47 kB | 392 kB | 49 kB | 405/571 kBProgress (4): 47 kB | 392 kB | 49 kB | 409/571 kBProgress (4): 47 kB | 392 kB | 49 kB | 413/571 kBProgress (4): 47 kB | 392 kB | 49 kB | 417/571 kBProgress (4): 47 kB | 392 kB | 49 kB | 421/571 kBProgress (4): 47 kB | 392 kB | 49 kB | 425/571 kBProgress (4): 47 kB | 392 kB | 49 kB | 430/571 kBProgress (4): 47 kB | 392 kB | 49 kB | 434/571 kBProgress (4): 47 kB | 392 kB | 49 kB | 438/571 kBProgress (4): 47 kB | 392 kB | 49 kB | 442/571 kBProgress (4): 47 kB | 392 kB | 49 kB | 446/571 kBProgress (4): 47 kB | 392 kB | 49 kB | 450/571 kBProgress (4): 47 kB | 392 kB | 49 kB | 454/571 kBProgress (4): 47 kB | 392 kB | 49 kB | 458/571 kBProgress (4): 47 kB | 392 kB | 49 kB | 462/571 kBProgress (4): 47 kB | 392 kB | 49 kB | 466/571 kBProgress (4): 47 kB | 392 kB | 49 kB | 470/571 kBProgress (4): 47 kB | 392 kB | 49 kB | 475/571 kB                                                 Downloaded from central: https://repo.maven.apache.org/maven2/org/apache/maven/doxia/doxia-site-renderer/1.0/doxia-site-renderer-1.0.jar (47 kB at 6.4 kB/s)
Downloading from central: https://repo.maven.apache.org/maven2/org/apache/maven/doxia/doxia-module-fml/1.0/doxia-module-fml-1.0.jar
Downloaded from central: https://repo.maven.apache.org/maven2/org/apache/maven/doxia/doxia-decoration-model/1.0/doxia-decoration-model-1.0.jar (49 kB at 6.7 kB/s)
Downloading from central: https://repo.maven.apache.org/maven2/org/apache/maven/doxia/doxia-module-xdoc/1.0/doxia-module-xdoc-1.0.jar
Downloaded from central: https://repo.maven.apache.org/maven2/org/apache/velocity/velocity/1.5/velocity-1.5.jar (392 kB at 53 kB/s)
Downloading from central: https://repo.maven.apache.org/maven2/org/apache/maven/doxia/doxia-module-xhtml/1.0/doxia-module-xhtml-1.0.jar
Progress (1): 479/571 kBProgress (1): 483/571 kBProgress (1): 487/571 kBProgress (1): 491/571 kBProgress (1): 495/571 kBProgress (1): 499/571 kBProgress (1): 503/571 kBProgress (1): 507/571 kBProgress (1): 511/571 kBProgress (1): 516/571 kBProgress (1): 520/571 kBProgress (1): 524/571 kBProgress (1): 528/571 kBProgress (1): 532/571 kBProgress (1): 536/571 kBProgress (1): 540/571 kBProgress (1): 544/571 kBProgress (1): 548/571 kBProgress (1): 552/571 kBProgress (1): 557/571 kBProgress (1): 561/571 kBProgress (1): 565/571 kBProgress (1): 569/571 kBProgress (1): 571 kB    Progress (2): 571 kB | 2.8/47 kBProgress (2): 571 kB | 6.6/47 kBProgress (2): 571 kB | 11/47 kB Progress (2): 571 kB | 15/47 kBProgress (2): 571 kB | 18/47 kBProgress (2): 571 kB | 20/47 kBProgress (2): 571 kB | 23/47 kBProgress (2): 571 kB | 27/47 kBProgress (2): 571 kB | 31/47 kBProgress (2): 571 kB | 35/47 kBProgress (2): 571 kB | 39/47 kBProgress (2): 571 kB | 42/47 kBProgress (2): 571 kB | 45/47 kBProgress (2): 571 kB | 47 kB   Progress (3): 571 kB | 47 kB | 4.1/19 kBProgress (3): 571 kB | 47 kB | 8.2/19 kBProgress (3): 571 kB | 47 kB | 12/19 kB Progress (3): 571 kB | 47 kB | 16/19 kBProgress (3): 571 kB | 47 kB | 19 kB   Progress (4): 571 kB | 47 kB | 19 kB | 4.1/28 kBProgress (4): 571 kB | 47 kB | 19 kB | 7.7/28 kBProgress (4): 571 kB | 47 kB | 19 kB | 12/28 kB Progress (4): 571 kB | 47 kB | 19 kB | 16/28 kBProgress (4): 571 kB | 47 kB | 19 kB | 20/28 kBProgress (4): 571 kB | 47 kB | 19 kB | 24/28 kBProgress (4): 571 kB | 47 kB | 19 kB | 28 kB   Progress (5): 571 kB | 47 kB | 19 kB | 28 kB | 4.1/22 kBProgress (5): 571 kB | 47 kB | 19 kB | 28 kB | 7.7/22 kBProgress (5): 571 kB | 47 kB | 19 kB | 28 kB | 12/22 kB Progress (5): 571 kB | 47 kB | 19 kB | 28 kB | 16/22 kBProgress (5): 571 kB | 47 kB | 19 kB | 28 kB | 20/22 kBProgress (5): 571 kB | 47 kB | 19 kB | 28 kB | 22 kB                                                       Downloaded from central: https://repo.maven.apache.org/maven2/commons-collections/commons-collections/3.2/commons-collections-3.2.jar (571 kB at 75 kB/s)
Downloading from central: https://repo.maven.apache.org/maven2/org/codehaus/plexus/plexus-utils/2.0.2/plexus-utils-2.0.2.jar
Downloaded from central: https://repo.maven.apache.org/maven2/org/apache/maven/doxia/doxia-module-apt/1.0/doxia-module-apt-1.0.jar (47 kB at 6.1 kB/s)
Downloading from central: https://repo.maven.apache.org/maven2/org/apache/maven/shared/maven-invoker/2.0.11/maven-invoker-2.0.11.jar
Downloaded from central: https://repo.maven.apache.org/maven2/org/apache/maven/doxia/doxia-module-fml/1.0/doxia-module-fml-1.0.jar (19 kB at 2.4 kB/s)
Downloaded from central: https://repo.maven.apache.org/maven2/org/apache/maven/doxia/doxia-module-xhtml/1.0/doxia-module-xhtml-1.0.jar (22 kB at 2.8 kB/s)
Downloaded from central: https://repo.maven.apache.org/maven2/org/apache/maven/doxia/doxia-module-xdoc/1.0/doxia-module-xdoc-1.0.jar (28 kB at 3.6 kB/s)
Progress (1): 4.1/223 kBProgress (1): 7.7/223 kBProgress (1): 12/223 kB Progress (1): 16/223 kBProgress (1): 20/223 kBProgress (1): 24/223 kBProgress (1): 28/223 kBProgress (1): 32/223 kBProgress (1): 36/223 kBProgress (1): 40/223 kBProgress (1): 45/223 kBProgress (1): 49/223 kBProgress (1): 53/223 kBProgress (1): 57/223 kBProgress (1): 61/223 kBProgress (1): 65/223 kBProgress (1): 69/223 kBProgress (1): 73/223 kBProgress (1): 77/223 kBProgress (1): 81/223 kBProgress (1): 85/223 kBProgress (1): 90/223 kBProgress (1): 94/223 kBProgress (1): 98/223 kBProgress (1): 102/223 kBProgress (1): 106/223 kBProgress (1): 110/223 kBProgress (1): 114/223 kBProgress (1): 118/223 kBProgress (1): 122/223 kBProgress (1): 126/223 kBProgress (1): 131/223 kBProgress (1): 135/223 kBProgress (1): 139/223 kBProgress (1): 143/223 kBProgress (1): 147/223 kBProgress (1): 151/223 kBProgress (1): 155/223 kBProgress (1): 159/223 kBProgress (1): 163/223 kBProgress (1): 167/223 kBProgress (1): 171/223 kBProgress (1): 176/223 kBProgress (1): 180/223 kBProgress (1): 184/223 kBProgress (1): 188/223 kBProgress (1): 192/223 kBProgress (1): 196/223 kBProgress (1): 200/223 kBProgress (1): 204/223 kBProgress (1): 208/223 kBProgress (1): 212/223 kBProgress (1): 217/223 kBProgress (1): 221/223 kBProgress (1): 223 kB    Progress (2): 223 kB | 2.2/29 kBProgress (2): 223 kB | 5.0/29 kBProgress (2): 223 kB | 7.7/29 kBProgress (2): 223 kB | 10/29 kB Progress (2): 223 kB | 13/29 kBProgress (2): 223 kB | 16/29 kBProgress (2): 223 kB | 19/29 kBProgress (2): 223 kB | 21/29 kBProgress (2): 223 kB | 24/29 kBProgress (2): 223 kB | 27/29 kBProgress (2): 223 kB | 29 kB                               Downloaded from central: https://repo.maven.apache.org/maven2/org/codehaus/plexus/plexus-utils/2.0.2/plexus-utils-2.0.2.jar (223 kB at 27 kB/s)
Downloaded from central: https://repo.maven.apache.org/maven2/org/apache/maven/shared/maven-invoker/2.0.11/maven-invoker-2.0.11.jar (29 kB at 3.5 kB/s)
[INFO] Cobertura 2.1.1 - GNU GPL License (NO WARRANTY) - See COPYRIGHT file
[INFO] Cobertura: Saved information on 17 classes.
[INFO] Cobertura: Saved information on 17 classes.

[8mha:////4DueJoJWoIbh8nFctjvOd/DWJNLwH3Gcrb6d74v7GyrQAAAAYB+LCAAAAAAAAP9b85aBtbiIQSmjNKU4P0+vJLE4u1gvPjexLDVPzxdEuhYV5Rf55ZekOlc7RKnPKH7IxMBQUcQgBdWQnJ9XnJ+TqucMoUEKGSCAEaSwAACsNFCqYAAAAA==[0m[ERROR] SLF4J: Class path contains multiple SLF4J bindings.
SLF4J: Found binding in [jar:file:/var/lib/jenkins/.m2/repository/ch/qos/logback/logback-classic/1.0.13/logback-classic-1.0.13.jar!/org/slf4j/impl/StaticLoggerBinder.class]
SLF4J: Found binding in [jar:file:/var/lib/jenkins/.m2/repository/org/slf4j/slf4j-simple/1.7.7/slf4j-simple-1.7.7.jar!/org/slf4j/impl/StaticLoggerBinder.class]
SLF4J: Found binding in [jar:file:/var/lib/jenkins/.m2/repository/org/slf4j/slf4j-log4j12/1.7.7/slf4j-log4j12-1.7.7.jar!/org/slf4j/impl/StaticLoggerBinder.class]
SLF4J: See http://www.slf4j.org/codes.html#multiple_bindings for an explanation.
SLF4J: Actual binding is of type [ch.qos.logback.classic.util.ContextSelectorStaticBinder]

[INFO] Instrumentation was successful.
[INFO] NOT adding cobertura ser file to attached artifacts list.
[INFO] 
[8mha:////4HTIpRfnJuW0rzlcLafLj5GokxxrN2ZoQGQUho61lxmTAAAAYB+LCAAAAAAAAP9b85aBtbiIQSmjNKU4P0+vJLE4u1gvPjexLDVPzxdEGvvmZ+X75ZekLlOVfvTjc8FPJgaGiiIGKaiG5Py84vycVD1nCA1SyAABjCCFBQCV27OjYAAAAA==[0m[INFO] --- maven-resources-plugin:2.6:testResources (default-testResources) @ addressbook ---
[INFO] Using 'UTF-8' encoding to copy filtered resources.
[INFO] Copying 1 resource
[INFO] 
[8mha:////4HTIpRfnJuW0rzlcLafLj5GokxxrN2ZoQGQUho61lxmTAAAAYB+LCAAAAAAAAP9b85aBtbiIQSmjNKU4P0+vJLE4u1gvPjexLDVPzxdEGvvmZ+X75ZekLlOVfvTjc8FPJgaGiiIGKaiG5Py84vycVD1nCA1SyAABjCCFBQCV27OjYAAAAA==[0m[INFO] --- maven-compiler-plugin:3.2:testCompile (default-testCompile) @ addressbook ---
[INFO] Changes detected - recompiling the module!
[INFO] Compiling 5 source files to /var/lib/jenkins/workspace/CodeMetricREport/target/test-classes
[INFO] 
[8mha:////4HTIpRfnJuW0rzlcLafLj5GokxxrN2ZoQGQUho61lxmTAAAAYB+LCAAAAAAAAP9b85aBtbiIQSmjNKU4P0+vJLE4u1gvPjexLDVPzxdEGvvmZ+X75ZekLlOVfvTjc8FPJgaGiiIGKaiG5Py84vycVD1nCA1SyAABjCCFBQCV27OjYAAAAA==[0m[INFO] --- maven-surefire-plugin:2.19.1:test (default-test) @ addressbook ---

-------------------------------------------------------
 T E S T S
-------------------------------------------------------
Running com.edurekademo.utilities.TestLogger
SLF4J: Class path contains multiple SLF4J bindings.
SLF4J: Found binding in [jar:file:/var/lib/jenkins/.m2/repository/org/slf4j/slf4j-simple/1.7.7/slf4j-simple-1.7.7.jar!/org/slf4j/impl/StaticLoggerBinder.class]
SLF4J: Found binding in [jar:file:/var/lib/jenkins/.m2/repository/org/slf4j/slf4j-log4j12/1.7.7/slf4j-log4j12-1.7.7.jar!/org/slf4j/impl/StaticLoggerBinder.class]
SLF4J: Found binding in [jar:file:/var/lib/jenkins/.m2/repository/ch/qos/logback/logback-classic/1.0.13/logback-classic-1.0.13.jar!/org/slf4j/impl/StaticLoggerBinder.class]
SLF4J: See http://www.slf4j.org/codes.html#multiple_bindings for an explanation.
SLF4J: Actual binding is of type [org.slf4j.impl.SimpleLoggerFactory]
[pool-1-thread-1] INFO com.edurekademo.utilities.TestLogger - java.lang.ArithmeticException: / by zero
Cause:at com.edurekademo.utilities.TestLogger.testGetErrorMessage1(TestLogger.java:14)
Cause:at sun.reflect.NativeMethodAccessorImpl.invoke0(Native Method)
[pool-1-thread-2] INFO com.edurekademo.utilities.TestLogger - java.lang.ArithmeticException: / by zero
Cause:at com.edurekademo.utilities.TestLogger.testGetErrorMessage2(TestLogger.java:30)
Cause:at sun.reflect.NativeMethodAccessorImpl.invoke0(Native Method)
[pool-1-thread-3] INFO com.edurekademo.utilities.TestLogger - java.lang.ArithmeticException: / by zero
Cause:at com.edurekademo.utilities.ExceptionThrower.getCounter(ExceptionThrower.java:13)
Cause:at com.edurekademo.utilities.TestLogger.testGetErrorMessage3(TestLogger.java:45)
[pool-1-thread-4] INFO com.edurekademo.utilities.TestLogger - java.io.IOException: TESTIOEXCEPTION
Cause:at com.edurekademo.utilities.ExceptionThrower.doNothing(ExceptionThrower.java:18)
Cause:at com.edurekademo.utilities.TestLogger.testGetErrorMessage4(TestLogger.java:60)
[pool-1-thread-5] ERROR com.edurekademo.utilities.ExceptionThrower - java.lang.Exception: DEAR
Cause:at com.edurekademo.utilities.ExceptionThrower.doYYY(ExceptionThrower.java:35)
Cause:at com.edurekademo.utilities.ExceptionThrower.doXXX(ExceptionThrower.java:23)
[pool-1-thread-5] INFO com.edurekademo.utilities.TestLogger - java.lang.Exception: TEST MESSAGE
Cause:at com.edurekademo.utilities.ExceptionThrower.doCheck(ExceptionThrower.java:43)
Cause:at com.edurekademo.utilities.TestLogger.testGetErrorMessage5(TestLogger.java:75)
***** java.lang.Exception: TEST MESSAGE
Cause:at com.edurekademo.utilities.ExceptionThrower.doCheck(ExceptionThrower.java:43)
Cause:at com.edurekademo.utilities.TestLogger.testGetErrorMessage5(TestLogger.java:75)
Tests run: 5, Failures: 0, Errors: 0, Skipped: 0, Time elapsed: 0.05 sec - in com.edurekademo.utilities.TestLogger
Running com.edurekademo.utilities.TestHexAsciiConversion
74657374696e6720617363696920636f6e76657274696f6e20696e746f2068657861646563696d616c
testing ascii convertion into hexadecimal
Tests run: 4, Failures: 0, Errors: 0, Skipped: 0, Time elapsed: 0.025 sec - in com.edurekademo.utilities.TestHexAsciiConversion
Running com.edurekademo.utilities.TestGenericComparator
Tests run: 14, Failures: 0, Errors: 0, Skipped: 0, Time elapsed: 0.059 sec - in com.edurekademo.utilities.TestGenericComparator

Results :

Tests run: 23, Failures: 0, Errors: 0, Skipped: 0

[INFO] 
[INFO] <<< cobertura-maven-plugin:2.7:cobertura (default-cli) < [cobertura]test @ addressbook <<<
[INFO] 
[INFO] 
[8mha:////4HTIpRfnJuW0rzlcLafLj5GokxxrN2ZoQGQUho61lxmTAAAAYB+LCAAAAAAAAP9b85aBtbiIQSmjNKU4P0+vJLE4u1gvPjexLDVPzxdEGvvmZ+X75ZekLlOVfvTjc8FPJgaGiiIGKaiG5Py84vycVD1nCA1SyAABjCCFBQCV27OjYAAAAA==[0m[INFO] --- cobertura-maven-plugin:2.7:cobertura (default-cli) @ addressbook ---
[INFO] Cobertura 2.1.1 - GNU GPL License (NO WARRANTY) - See COPYRIGHT file
[INFO] Cobertura: Loaded information on 17 classes.
[WARN] JavaNCSS got an error while parsing the java file /var/lib/jenkins/workspace/CodeMetricREport/src/main/java/com/edurekademo/tutorial/addressbook/AddressbookUI.java
ParseException in STDIN
Last useful checkpoint: "com.edurekademo.tutorial.addressbook.AddressbookUI.configureComponents()"
Encountered " ">" "> "" at line 72, column 40.
Was expecting one of:
    "assert" ...
    "boolean" ...
    "byte" ...
    "char" ...
    "double" ...
    "enum" ...
    "false" ...
    "float" ...
    "int" ...
    "long" ...
    "new" ...
    "null" ...
    "short" ...
    "super" ...
    "this" ...
    "true" ...
    "void" ...
    <INTEGER_LITERAL> ...
    <FLOATING_POINT_LITERAL> ...
    <CHARACTER_LITERAL> ...
    <STRING_LITERAL> ...
    <IDENTIFIER> ...
    "(" ...
    "!" ...
    "~" ...
    "++" ...
    "--" ...
    "+" ...
    "-" ...
    

[WARN] JavaNCSS got an error while parsing the java file /var/lib/jenkins/workspace/CodeMetricREport/src/main/java/com/edurekademo/tutorial/addressbook/ContactForm.java
ParseException in STDIN
Last useful checkpoint: "com.edurekademo.tutorial.addressbook.ContactForm"
Encountered " ":" ": "" at line 26, column 42.
Was expecting one of:
    "assert" ...
    "instanceof" ...
    "new" ...
    <IDENTIFIER> ...
    ")" ...
    "," ...
    "." ...
    "=" ...
    ">" ...
    "<" ...
    "?" ...
    "==" ...
    "<=" ...
    ">=" ...
    "!=" ...
    "||" ...
    "&&" ...
    "++" ...
    "--" ...
    "+" ...
    "-" ...
    "*" ...
    "/" ...
    "&" ...
    "|" ...
    "^" ...
    "%" ...
    "+=" ...
    "-=" ...
    "*=" ...
    "/=" ...
    "&=" ...
    "|=" ...
    "^=" ...
    "%=" ...
    "<<=" ...
    ">>=" ...
    ">>>=" ...
    ">" ...
    "." ...
    "." ...
    "." ...
    "." ...
    

Report time: 546ms

[8mha:////4DueJoJWoIbh8nFctjvOd/DWJNLwH3Gcrb6d74v7GyrQAAAAYB+LCAAAAAAAAP9b85aBtbiIQSmjNKU4P0+vJLE4u1gvPjexLDVPzxdEuhYV5Rf55ZekOlc7RKnPKH7IxMBQUcQgBdWQnJ9XnJ+TqucMoUEKGSCAEaSwAACsNFCqYAAAAA==[0m[ERROR] net.sourceforge.cobertura.javancss.parser.ParseException: Encountered " ">" "> "" at line 72, column 40.
Was expecting one of:
    "assert" ...
    "boolean" ...
    "byte" ...
    "char" ...
    "double" ...
    "enum" ...
    "false" ...
    "float" ...
    "int" ...
    "long" ...
    "new" ...
    "null" ...
    "short" ...
    "super" ...
    "this" ...
    "true" ...
    "void" ...
    <INTEGER_LITERAL> ...
    <FLOATING_POINT_LITERAL> ...
    <CHARACTER_LITERAL> ...
    <STRING_LITERAL> ...
    <IDENTIFIER> ...
    "(" ...
    "!" ...
    "~" ...
    "++" ...
    "--" ...
    "+" ...
    "-" ...
    
	at net.sourceforge.cobertura.javancss.parser.JavaParser.generateParseException(JavaParser.java:10490)
	at net.sourceforge.cobertura.javancss.parser.JavaParser.jj_consume_token(JavaParser.java:10366)
	at net.sourceforge.cobertura.javancss.parser.JavaParser.UnaryExpression(JavaParser.java:3175)
	at net.sourceforge.cobertura.javancss.parser.JavaParser.MultiplicativeExpression(JavaParser.java:3090)
	at net.sourceforge.cobertura.javancss.parser.JavaParser.AdditiveExpression(JavaParser.java:3085)
	at net.sourceforge.cobertura.javancss.parser.JavaParser.ShiftExpression(JavaParser.java:3027)
	at net.sourceforge.cobertura.javancss.parser.JavaParser.RelationalExpression(JavaParser.java:2990)
	at net.sourceforge.cobertura.javancss.parser.JavaParser.InstanceOfExpression(JavaParser.java:2977)
	at net.sourceforge.cobertura.javancss.parser.JavaParser.AssigmentExpression(JavaParser.java:2959)
	at net.sourceforge.cobertura.javancss.parser.JavaParser.EqualityExpression(JavaParser.java:2886)
	at net.sourceforge.cobertura.javancss.parser.JavaParser.AndExpression(JavaParser.java:2860)
	at net.sourceforge.cobertura.javancss.parser.JavaParser.ExclusiveOrExpression(JavaParser.java:2843)
	at net.sourceforge.cobertura.javancss.parser.JavaParser.InclusiveOrExpression(JavaParser.java:2826)
	at net.sourceforge.cobertura.javancss.parser.JavaParser.ConditionalAndExpression(JavaParser.java:2808)
	at net.sourceforge.cobertura.javancss.parser.JavaParser.ConditionalOrExpression(JavaParser.java:2790)
	at net.sourceforge.cobertura.javancss.parser.JavaParser.ConditionalExpression(JavaParser.java:2774)
	at net.sourceforge.cobertura.javancss.parser.JavaParser.Expression(JavaParser.java:2718)
	at net.sourceforge.cobertura.javancss.parser.JavaParser.ArgumentList(JavaParser.java:3620)
	at net.sourceforge.cobertura.javancss.parser.JavaParser.Arguments(JavaParser.java:3610)
	at net.sourceforge.cobertura.javancss.parser.JavaParser.PrimarySuffix(JavaParser.java:3511)
	at net.sourceforge.cobertura.javancss.parser.JavaParser.PrimaryExpression(JavaParser.java:3384)
	at net.sourceforge.cobertura.javancss.parser.JavaParser.StatementExpression(JavaParser.java:4070)
	at net.sourceforge.cobertura.javancss.parser.JavaParser.Statement(JavaParser.java:3795)
	at net.sourceforge.cobertura.javancss.parser.JavaParser.BlockStatement(JavaParser.java:3984)
	at net.sourceforge.cobertura.javancss.parser.JavaParser.Block(JavaParser.java:3934)
	at net.sourceforge.cobertura.javancss.parser.JavaParser.MethodDeclaration(JavaParser.java:1987)
	at net.sourceforge.cobertura.javancss.parser.JavaParser.ClassBodyDeclaration(JavaParser.java:1039)
	at net.sourceforge.cobertura.javancss.parser.JavaParser.ClassBody(JavaParser.java:898)
	at net.sourceforge.cobertura.javancss.parser.JavaParser.UnmodifiedClassDeclaration(JavaParser.java:824)
	at net.sourceforge.cobertura.javancss.parser.JavaParser.ClassDeclaration(JavaParser.java:728)
	at net.sourceforge.cobertura.javancss.parser.JavaParser.TypeDeclaration(JavaParser.java:575)
	at net.sourceforge.cobertura.javancss.parser.JavaParser.CompilationUnit(JavaParser.java:318)
	at net.sourceforge.cobertura.javancss.parser.JavaParser.parse(JavaParser.java:100)
	at net.sourceforge.cobertura.javancss.Javancss._measureSource(Javancss.java:192)
	at net.sourceforge.cobertura.javancss.Javancss._measureRoot(Javancss.java:268)
	at net.sourceforge.cobertura.javancss.Javancss.<init>(Javancss.java:347)
	at net.sourceforge.cobertura.javancss.JavancssFactory.newInstance(JavancssFactory.java:40)
	at net.sourceforge.cobertura.reporting.ComplexityCalculator.getFunctionMetricsForSingleFile(ComplexityCalculator.java:243)
	at net.sourceforge.cobertura.reporting.ComplexityCalculator.getAccumlatedCCNForSingleFile(ComplexityCalculator.java:143)
	at net.sourceforge.cobertura.reporting.ComplexityCalculator.getCCNForSourceFileNameInternal(ComplexityCalculator.java:273)
	at net.sourceforge.cobertura.reporting.ComplexityCalculator.getCCNForPackageInternal(ComplexityCalculator.java:208)
	at net.sourceforge.cobertura.reporting.ComplexityCalculator.getCCNForProject(ComplexityCalculator.java:174)
	at net.sourceforge.cobertura.reporting.html.HTMLReport.generateTableRowForTotal(HTMLReport.java:606)
	at net.sourceforge.cobertura.reporting.html.HTMLReport.generateOverview(HTMLReport.java:290)
	at net.sourceforge.cobertura.reporting.html.HTMLReport.generateOverviews(HTMLReport.java:231)
	at net.sourceforge.cobertura.reporting.html.HTMLReport.<init>(HTMLReport.java:74)
	at net.sourceforge.cobertura.reporting.html.HTMLReportFormatStrategy.save(HTMLReportFormatStrategy.java:18)
	at net.sourceforge.cobertura.reporting.NativeReport.export(NativeReport.java:31)
	at net.sourceforge.cobertura.reporting.CompositeReport.export(CompositeReport.java:19)
	at net.sourceforge.cobertura.reporting.ReportMain.parseArgumentsAndReport(ReportMain.java:91)
	at net.sourceforge.cobertura.reporting.ReportMain.generateReport(ReportMain.java:141)
	at net.sourceforge.cobertura.reporting.ReportMain.main(ReportMain.java:151)
net.sourceforge.cobertura.javancss.parser.ParseException: Encountered " ":" ": "" at line 26, column 42.
Was expecting one of:
    "assert" ...
    "instanceof" ...
    "new" ...
    <IDENTIFIER> ...
    ")" ...
    "," ...
    "." ...
    "=" ...
    ">" ...
    "<" ...
    "?" ...
    "==" ...
    "<=" ...
    ">=" ...
    "!=" ...
    "||" ...
    "&&" ...
    "++" ...
    "--" ...
    "+" ...
    "-" ...
    "*" ...
    "/" ...
    "&" ...
    "|" ...
    "^" ...
    "%" ...
    "+=" ...
    "-=" ...
    "*=" ...
    "/=" ...
    "&=" ...
    "|=" ...
    "^=" ...
    "%=" ...
    "<<=" ...
    ">>=" ...
    ">>>=" ...
    ">" ...
    "." ...
    "." ...
    "." ...
    "." ...
    
	at net.sourceforge.cobertura.javancss.parser.JavaParser.generateParseException(JavaParser.java:10490)
	at net.sourceforge.cobertura.javancss.parser.JavaParser.jj_consume_token(JavaParser.java:10366)
	at net.sourceforge.cobertura.javancss.parser.JavaParser.Arguments(JavaParser.java:3616)
	at net.sourceforge.cobertura.javancss.parser.JavaParser.AllocationExpression(JavaParser.java:3665)
	at net.sourceforge.cobertura.javancss.parser.JavaParser.PrimaryPrefix(JavaParser.java:3456)
	at net.sourceforge.cobertura.javancss.parser.JavaParser.PrimaryExpression(JavaParser.java:3376)
	at net.sourceforge.cobertura.javancss.parser.JavaParser.PostfixExpression(JavaParser.java:3330)
	at net.sourceforge.cobertura.javancss.parser.JavaParser.UnaryExpressionNotPlusMinus(JavaParser.java:3237)
	at net.sourceforge.cobertura.javancss.parser.JavaParser.UnaryExpression(JavaParser.java:3171)
	at net.sourceforge.cobertura.javancss.parser.JavaParser.MultiplicativeExpression(JavaParser.java:3090)
	at net.sourceforge.cobertura.javancss.parser.JavaParser.AdditiveExpression(JavaParser.java:3061)
	at net.sourceforge.cobertura.javancss.parser.JavaParser.ShiftExpression(JavaParser.java:3027)
	at net.sourceforge.cobertura.javancss.parser.JavaParser.RelationalExpression(JavaParser.java:2990)
	at net.sourceforge.cobertura.javancss.parser.JavaParser.InstanceOfExpression(JavaParser.java:2977)
	at net.sourceforge.cobertura.javancss.parser.JavaParser.AssigmentExpression(JavaParser.java:2959)
	at net.sourceforge.cobertura.javancss.parser.JavaParser.EqualityExpression(JavaParser.java:2886)
	at net.sourceforge.cobertura.javancss.parser.JavaParser.AndExpression(JavaParser.java:2860)
	at net.sourceforge.cobertura.javancss.parser.JavaParser.ExclusiveOrExpression(JavaParser.java:2843)
	at net.sourceforge.cobertura.javancss.parser.JavaParser.InclusiveOrExpression(JavaParser.java:2826)
	at net.sourceforge.cobertura.javancss.parser.JavaParser.ConditionalAndExpression(JavaParser.java:2808)
	at net.sourceforge.cobertura.javancss.parser.JavaParser.ConditionalOrExpression(JavaParser.java:2790)
	at net.sourceforge.cobertura.javancss.parser.JavaParser.ConditionalExpression(JavaParser.java:2774)
	at net.sourceforge.cobertura.javancss.parser.JavaParser.Expression(JavaParser.java:2718)
	at net.sourceforge.cobertura.javancss.parser.JavaParser.VariableInitializer(JavaParser.java:1744)
	at net.sourceforge.cobertura.javancss.parser.JavaParser.VariableDeclarator(JavaParser.java:1672)
	at net.sourceforge.cobertura.javancss.parser.JavaParser.FieldDeclaration(JavaParser.java:1649)
	at net.sourceforge.cobertura.javancss.parser.JavaParser.ClassBodyDeclaration(JavaParser.java:1071)
	at net.sourceforge.cobertura.javancss.parser.JavaParser.ClassBody(JavaParser.java:898)
	at net.sourceforge.cobertura.javancss.parser.JavaParser.UnmodifiedClassDeclaration(JavaParser.java:824)
	at net.sourceforge.cobertura.javancss.parser.JavaParser.ClassDeclaration(JavaParser.java:728)
	at net.sourceforge.cobertura.javancss.parser.JavaParser.TypeDeclaration(JavaParser.java:575)
	at net.sourceforge.cobertura.javancss.parser.JavaParser.CompilationUnit(JavaParser.java:318)
	at net.sourceforge.cobertura.javancss.parser.JavaParser.parse(JavaParser.java:100)
	at net.sourceforge.cobertura.javancss.Javancss._measureSource(Javancss.java:192)
	at net.sourceforge.cobertura.javancss.Javancss._measureRoot(Javancss.java:268)
	at net.sourceforge.cobertura.javancss.Javancss.<init>(Javancss.java:347)
	at net.sourceforge.cobertura.javancss.JavancssFactory.newInstance(JavancssFactory.java:40)
	at net.sourceforge.cobertura.reporting.ComplexityCalculator.getFunctionMetricsForSingleFile(ComplexityCalculator.java:243)
	at net.sourceforge.cobertura.reporting.ComplexityCalculator.getAccumlatedCCNForSingleFile(ComplexityCalculator.java:143)
	at net.sourceforge.cobertura.reporting.ComplexityCalculator.getCCNForSourceFileNameInternal(ComplexityCalculator.java:273)
	at net.sourceforge.cobertura.reporting.ComplexityCalculator.getCCNForPackageInternal(ComplexityCalculator.java:208)
	at net.sourceforge.cobertura.reporting.ComplexityCalculator.getCCNForProject(ComplexityCalculator.java:174)
	at net.sourceforge.cobertura.reporting.html.HTMLReport.generateTableRowForTotal(HTMLReport.java:606)
	at net.sourceforge.cobertura.reporting.html.HTMLReport.generateOverview(HTMLReport.java:290)
	at net.sourceforge.cobertura.reporting.html.HTMLReport.generateOverviews(HTMLReport.java:231)
	at net.sourceforge.cobertura.reporting.html.HTMLReport.<init>(HTMLReport.java:74)
	at net.sourceforge.cobertura.reporting.html.HTMLReportFormatStrategy.save(HTMLReportFormatStrategy.java:18)
	at net.sourceforge.cobertura.reporting.NativeReport.export(NativeReport.java:31)
	at net.sourceforge.cobertura.reporting.CompositeReport.export(CompositeReport.java:19)
	at net.sourceforge.cobertura.reporting.ReportMain.parseArgumentsAndReport(ReportMain.java:91)
	at net.sourceforge.cobertura.reporting.ReportMain.generateReport(ReportMain.java:141)
	at net.sourceforge.cobertura.reporting.ReportMain.main(ReportMain.java:151)

[INFO] Cobertura Report generation was successful.
[INFO] ------------------------------------------------------------------------
[INFO] BUILD SUCCESS
[INFO] ------------------------------------------------------------------------
[INFO] Total time:  01:06 min
[INFO] Finished at: 2019-07-22T22:06:15Z
[INFO] ------------------------------------------------------------------------
Finished: SUCCESS
