Started by user [8mha:////4BbNipqdW8QvyvBznXbVurklSboX/g7KnEUFZnMtNF2TAAAAlx+LCAAAAAAAAP9b85aBtbiIQTGjNKU4P08vOT+vOD8nVc83PyU1x6OyILUoJzMv2y+/JJUBAhiZGBgqihhk0NSjKDWzXb3RdlLBUSYGJk8GtpzUvPSSDB8G5tKinBIGIZ+sxLJE/ZzEvHT94JKizLx0a6BxUmjGOUNodHsLgAyeEgZu/dLi1CL9/OLcxDwAr+3J4cAAAAA=[0mosman Elamin
Running as SYSTEM
Building in workspace /var/lib/jenkins/workspace/AdressBook Test
No credentials specified
Cloning the remote Git repository
Cloning repository https://github.com/edureka-git/devops.git
 > git init /var/lib/jenkins/workspace/AdressBook Test # timeout=10
Fetching upstream changes from https://github.com/edureka-git/devops.git
 > git --version # timeout=10
 > git fetch --tags --progress https://github.com/edureka-git/devops.git +refs/heads/*:refs/remotes/origin/*
 > git config remote.origin.url https://github.com/edureka-git/devops.git # timeout=10
 > git config --add remote.origin.fetch +refs/heads/*:refs/remotes/origin/* # timeout=10
 > git config remote.origin.url https://github.com/edureka-git/devops.git # timeout=10
Fetching upstream changes from https://github.com/edureka-git/devops.git
 > git fetch --tags --progress https://github.com/edureka-git/devops.git +refs/heads/*:refs/remotes/origin/*
 > git rev-parse refs/remotes/origin/master^{commit} # timeout=10
 > git rev-parse refs/remotes/origin/origin/master^{commit} # timeout=10
Checking out Revision 5e377755b086788c6b195a4bf782b0cdb53262c3 (refs/remotes/origin/master)
 > git config core.sparsecheckout # timeout=10
 > git checkout -f 5e377755b086788c6b195a4bf782b0cdb53262c3
Commit message: "for demo"
First time build. Skipping changelog.
[AdressBook Test] $ /var/lib/jenkins/tools/hudson.tasks.Maven_MavenInstallation/MyMaven/bin/mvn test
[INFO] Scanning for projects...
[8mha:////4AtTYqSrPOVKTpBKbmQJ6GNzxRpjCxPCnN4DkFBgymiAAAAAYx+LCAAAAAAAAP9b85aBtbiIQSWjNKU4P0+vJLE4u1gvPjexLDVPzxdEhicW5WXmpfvll6S2fNly5fzGzauYGBgqihikoFqS8/OK83NS9ZwhNEghAwQwghQWAACwxA+XYgAAAA==[0m[WARNING] 
[8mha:////4AtTYqSrPOVKTpBKbmQJ6GNzxRpjCxPCnN4DkFBgymiAAAAAYx+LCAAAAAAAAP9b85aBtbiIQSWjNKU4P0+vJLE4u1gvPjexLDVPzxdEhicW5WXmpfvll6S2fNly5fzGzauYGBgqihikoFqS8/OK83NS9ZwhNEghAwQwghQWAACwxA+XYgAAAA==[0m[WARNING] Some problems were encountered while building the effective model for com.edurekademo.tutorial:addressbook:war:2.0
[8mha:////4AtTYqSrPOVKTpBKbmQJ6GNzxRpjCxPCnN4DkFBgymiAAAAAYx+LCAAAAAAAAP9b85aBtbiIQSWjNKU4P0+vJLE4u1gvPjexLDVPzxdEhicW5WXmpfvll6S2fNly5fzGzauYGBgqihikoFqS8/OK83NS9ZwhNEghAwQwghQWAACwxA+XYgAAAA==[0m[WARNING] Reporting configuration should be done in <reporting> section, not in maven-site-plugin <configuration> as reportPlugins parameter. @ line 298, column 40
[8mha:////4AtTYqSrPOVKTpBKbmQJ6GNzxRpjCxPCnN4DkFBgymiAAAAAYx+LCAAAAAAAAP9b85aBtbiIQSWjNKU4P0+vJLE4u1gvPjexLDVPzxdEhicW5WXmpfvll6S2fNly5fzGzauYGBgqihikoFqS8/OK83NS9ZwhNEghAwQwghQWAACwxA+XYgAAAA==[0m[WARNING] 
[8mha:////4AtTYqSrPOVKTpBKbmQJ6GNzxRpjCxPCnN4DkFBgymiAAAAAYx+LCAAAAAAAAP9b85aBtbiIQSWjNKU4P0+vJLE4u1gvPjexLDVPzxdEhicW5WXmpfvll6S2fNly5fzGzauYGBgqihikoFqS8/OK83NS9ZwhNEghAwQwghQWAACwxA+XYgAAAA==[0m[WARNING] It is highly recommended to fix these problems because they threaten the stability of your build.
[8mha:////4AtTYqSrPOVKTpBKbmQJ6GNzxRpjCxPCnN4DkFBgymiAAAAAYx+LCAAAAAAAAP9b85aBtbiIQSWjNKU4P0+vJLE4u1gvPjexLDVPzxdEhicW5WXmpfvll6S2fNly5fzGzauYGBgqihikoFqS8/OK83NS9ZwhNEghAwQwghQWAACwxA+XYgAAAA==[0m[WARNING] 
[8mha:////4AtTYqSrPOVKTpBKbmQJ6GNzxRpjCxPCnN4DkFBgymiAAAAAYx+LCAAAAAAAAP9b85aBtbiIQSWjNKU4P0+vJLE4u1gvPjexLDVPzxdEhicW5WXmpfvll6S2fNly5fzGzauYGBgqihikoFqS8/OK83NS9ZwhNEghAwQwghQWAACwxA+XYgAAAA==[0m[WARNING] For this reason, future Maven versions might no longer support building such malformed projects.
[8mha:////4AtTYqSrPOVKTpBKbmQJ6GNzxRpjCxPCnN4DkFBgymiAAAAAYx+LCAAAAAAAAP9b85aBtbiIQSWjNKU4P0+vJLE4u1gvPjexLDVPzxdEhicW5WXmpfvll6S2fNly5fzGzauYGBgqihikoFqS8/OK83NS9ZwhNEghAwQwghQWAACwxA+XYgAAAA==[0m[WARNING] 
[INFO] 
[INFO] ----------------< com.edurekademo.tutorial:addressbook >----------------
[INFO] Building Vaadin Addressbook example 2.0
[INFO] --------------------------------[ war ]---------------------------------
[INFO] 
[8mha:////4HTIpRfnJuW0rzlcLafLj5GokxxrN2ZoQGQUho61lxmTAAAAYB+LCAAAAAAAAP9b85aBtbiIQSmjNKU4P0+vJLE4u1gvPjexLDVPzxdEGvvmZ+X75ZekLlOVfvTjc8FPJgaGiiIGKaiG5Py84vycVD1nCA1SyAABjCCFBQCV27OjYAAAAA==[0m[INFO] --- maven-enforcer-plugin:1.0:enforce (enforce-versions) @ addressbook ---
[INFO] 
[8mha:////4HTIpRfnJuW0rzlcLafLj5GokxxrN2ZoQGQUho61lxmTAAAAYB+LCAAAAAAAAP9b85aBtbiIQSmjNKU4P0+vJLE4u1gvPjexLDVPzxdEGvvmZ+X75ZekLlOVfvTjc8FPJgaGiiIGKaiG5Py84vycVD1nCA1SyAABjCCFBQCV27OjYAAAAA==[0m[INFO] --- maven-resources-plugin:2.6:resources (default-resources) @ addressbook ---
[INFO] Using 'UTF-8' encoding to copy filtered resources.
[INFO] skip non existing resourceDirectory /var/lib/jenkins/workspace/AdressBook Test/src/main/resources
[INFO] 
[8mha:////4HTIpRfnJuW0rzlcLafLj5GokxxrN2ZoQGQUho61lxmTAAAAYB+LCAAAAAAAAP9b85aBtbiIQSmjNKU4P0+vJLE4u1gvPjexLDVPzxdEGvvmZ+X75ZekLlOVfvTjc8FPJgaGiiIGKaiG5Py84vycVD1nCA1SyAABjCCFBQCV27OjYAAAAA==[0m[INFO] --- maven-compiler-plugin:3.2:compile (default-compile) @ addressbook ---
[INFO] Changes detected - recompiling the module!
[INFO] Compiling 13 source files to /var/lib/jenkins/workspace/AdressBook Test/target/classes
[INFO] /var/lib/jenkins/workspace/AdressBook Test/src/main/java/com/edurekademo/tutorial/addressbook/ContactForm.java: Some input files use or override a deprecated API.
[INFO] /var/lib/jenkins/workspace/AdressBook Test/src/main/java/com/edurekademo/tutorial/addressbook/ContactForm.java: Recompile with -Xlint:deprecation for details.
[INFO] /var/lib/jenkins/workspace/AdressBook Test/src/main/java/com/edurekademo/tutorial/addressbook/backend/ContactService.java: /var/lib/jenkins/workspace/AdressBook Test/src/main/java/com/edurekademo/tutorial/addressbook/backend/ContactService.java uses unchecked or unsafe operations.
[INFO] /var/lib/jenkins/workspace/AdressBook Test/src/main/java/com/edurekademo/tutorial/addressbook/backend/ContactService.java: Recompile with -Xlint:unchecked for details.
[INFO] 
[8mha:////4HTIpRfnJuW0rzlcLafLj5GokxxrN2ZoQGQUho61lxmTAAAAYB+LCAAAAAAAAP9b85aBtbiIQSmjNKU4P0+vJLE4u1gvPjexLDVPzxdEGvvmZ+X75ZekLlOVfvTjc8FPJgaGiiIGKaiG5Py84vycVD1nCA1SyAABjCCFBQCV27OjYAAAAA==[0m[INFO] --- maven-resources-plugin:2.6:testResources (default-testResources) @ addressbook ---
[INFO] Using 'UTF-8' encoding to copy filtered resources.
[INFO] Copying 1 resource
[INFO] 
[8mha:////4HTIpRfnJuW0rzlcLafLj5GokxxrN2ZoQGQUho61lxmTAAAAYB+LCAAAAAAAAP9b85aBtbiIQSmjNKU4P0+vJLE4u1gvPjexLDVPzxdEGvvmZ+X75ZekLlOVfvTjc8FPJgaGiiIGKaiG5Py84vycVD1nCA1SyAABjCCFBQCV27OjYAAAAA==[0m[INFO] --- maven-compiler-plugin:3.2:testCompile (default-testCompile) @ addressbook ---
[INFO] Changes detected - recompiling the module!
[INFO] Compiling 5 source files to /var/lib/jenkins/workspace/AdressBook Test/target/test-classes
[INFO] 
[8mha:////4HTIpRfnJuW0rzlcLafLj5GokxxrN2ZoQGQUho61lxmTAAAAYB+LCAAAAAAAAP9b85aBtbiIQSmjNKU4P0+vJLE4u1gvPjexLDVPzxdEGvvmZ+X75ZekLlOVfvTjc8FPJgaGiiIGKaiG5Py84vycVD1nCA1SyAABjCCFBQCV27OjYAAAAA==[0m[INFO] --- maven-surefire-plugin:2.19.1:test (default-test) @ addressbook ---
Downloading from central: https://repo.maven.apache.org/maven2/org/apache/maven/surefire/maven-surefire-common/2.19.1/maven-surefire-common-2.19.1.pom
Progress (1): 2.2/7.3 kBProgress (1): 5.0/7.3 kBProgress (1): 7.3 kB                        Downloaded from central: https://repo.maven.apache.org/maven2/org/apache/maven/surefire/maven-surefire-common/2.19.1/maven-surefire-common-2.19.1.pom (7.3 kB at 2.0 kB/s)
Downloading from central: https://repo.maven.apache.org/maven2/org/apache/maven/plugin-tools/maven-plugin-annotations/3.3/maven-plugin-annotations-3.3.pom
Progress (1): 1.6 kB                    Downloaded from central: https://repo.maven.apache.org/maven2/org/apache/maven/plugin-tools/maven-plugin-annotations/3.3/maven-plugin-annotations-3.3.pom (1.6 kB at 3.5 kB/s)
Downloading from central: https://repo.maven.apache.org/maven2/org/apache/maven/plugin-tools/maven-plugin-tools/3.3/maven-plugin-tools-3.3.pom
Progress (1): 2.2/13 kBProgress (1): 5.0/13 kBProgress (1): 7.8/13 kBProgress (1): 11/13 kB Progress (1): 13 kB                      Downloaded from central: https://repo.maven.apache.org/maven2/org/apache/maven/plugin-tools/maven-plugin-tools/3.3/maven-plugin-tools-3.3.pom (13 kB at 27 kB/s)
Downloading from central: https://repo.maven.apache.org/maven2/org/apache/maven/surefire/surefire-api/2.19.1/surefire-api-2.19.1.pom
Progress (1): 2.2/3.5 kBProgress (1): 3.5 kB                        Downloaded from central: https://repo.maven.apache.org/maven2/org/apache/maven/surefire/surefire-api/2.19.1/surefire-api-2.19.1.pom (3.5 kB at 7.5 kB/s)
Downloading from central: https://repo.maven.apache.org/maven2/org/apache/maven/surefire/surefire-booter/2.19.1/surefire-booter-2.19.1.pom
Progress (1): 2.2/3.2 kBProgress (1): 3.2 kB                        Downloaded from central: https://repo.maven.apache.org/maven2/org/apache/maven/surefire/surefire-booter/2.19.1/surefire-booter-2.19.1.pom (3.2 kB at 6.8 kB/s)
Downloading from central: https://repo.maven.apache.org/maven2/junit/junit/4.12/junit-4.12.pom
Progress (1): 2.2/24 kBProgress (1): 5.0/24 kBProgress (1): 7.8/24 kBProgress (1): 11/24 kB Progress (1): 13/24 kBProgress (1): 16/24 kBProgress (1): 19/24 kBProgress (1): 21/24 kBProgress (1): 24 kB                      Downloaded from central: https://repo.maven.apache.org/maven2/junit/junit/4.12/junit-4.12.pom (24 kB at 49 kB/s)
Downloading from central: https://repo.maven.apache.org/maven2/org/hamcrest/hamcrest-core/1.3/hamcrest-core-1.3.pom
Progress (1): 766 B                   Downloaded from central: https://repo.maven.apache.org/maven2/org/hamcrest/hamcrest-core/1.3/hamcrest-core-1.3.pom (766 B at 1.7 kB/s)
Downloading from central: https://repo.maven.apache.org/maven2/org/hamcrest/hamcrest-parent/1.3/hamcrest-parent-1.3.pom
Progress (1): 2.0 kB                    Downloaded from central: https://repo.maven.apache.org/maven2/org/hamcrest/hamcrest-parent/1.3/hamcrest-parent-1.3.pom (2.0 kB at 4.2 kB/s)
Downloading from central: https://repo.maven.apache.org/maven2/org/apache/maven/maven-toolchain/2.2.1/maven-toolchain-2.2.1.pom
Progress (1): 2.2/3.3 kBProgress (1): 3.3 kB                        Downloaded from central: https://repo.maven.apache.org/maven2/org/apache/maven/maven-toolchain/2.2.1/maven-toolchain-2.2.1.pom (3.3 kB at 7.2 kB/s)
Downloading from central: https://repo.maven.apache.org/maven2/org/apache/maven/maven-plugin-api/2.2.1/maven-plugin-api-2.2.1.jar
Downloading from central: https://repo.maven.apache.org/maven2/org/apache/maven/surefire/surefire-booter/2.19.1/surefire-booter-2.19.1.jar
Downloading from central: https://repo.maven.apache.org/maven2/org/codehaus/plexus/plexus-utils/1.5.15/plexus-utils-1.5.15.jar
Downloading from central: https://repo.maven.apache.org/maven2/org/apache/maven/maven-artifact/2.2.1/maven-artifact-2.2.1.jar
Downloading from central: https://repo.maven.apache.org/maven2/org/apache/maven/surefire/maven-surefire-common/2.19.1/maven-surefire-common-2.19.1.jar
Progress (1): 2.2/228 kBProgress (1): 5.0/228 kBProgress (1): 7.7/228 kBProgress (1): 10/228 kB Progress (1): 13/228 kBProgress (1): 16/228 kBProgress (1): 19/228 kBProgress (1): 21/228 kBProgress (1): 24/228 kBProgress (1): 27/228 kBProgress (1): 30/228 kBProgress (1): 32/228 kBProgress (1): 36/228 kBProgress (1): 40/228 kBProgress (1): 45/228 kBProgress (1): 49/228 kBProgress (1): 53/228 kBProgress (1): 57/228 kBProgress (1): 61/228 kBProgress (1): 65/228 kBProgress (1): 69/228 kBProgress (1): 73/228 kBProgress (1): 77/228 kBProgress (1): 81/228 kBProgress (1): 85/228 kBProgress (1): 90/228 kBProgress (1): 94/228 kBProgress (1): 98/228 kBProgress (1): 102/228 kBProgress (1): 106/228 kBProgress (1): 110/228 kBProgress (1): 114/228 kBProgress (1): 118/228 kBProgress (1): 122/228 kBProgress (1): 126/228 kBProgress (1): 131/228 kBProgress (1): 135/228 kBProgress (1): 139/228 kBProgress (1): 143/228 kBProgress (1): 147/228 kBProgress (1): 151/228 kBProgress (1): 155/228 kBProgress (1): 159/228 kBProgress (1): 163/228 kBProgress (1): 167/228 kBProgress (1): 171/228 kBProgress (1): 176/228 kBProgress (1): 180/228 kBProgress (1): 184/228 kBProgress (1): 188/228 kBProgress (1): 192/228 kBProgress (1): 196/228 kBProgress (2): 196/228 kB | 2.2/46 kBProgress (2): 196/228 kB | 5.0/46 kBProgress (2): 196/228 kB | 7.7/46 kBProgress (2): 196/228 kB | 10/46 kB Progress (3): 196/228 kB | 10/46 kB | 2.2/293 kBProgress (3): 196/228 kB | 10/46 kB | 5.0/293 kBProgress (3): 196/228 kB | 10/46 kB | 7.7/293 kBProgress (3): 196/228 kB | 10/46 kB | 10/293 kB Progress (3): 196/228 kB | 10/46 kB | 13/293 kBProgress (4): 196/228 kB | 10/46 kB | 13/293 kB | 2.2/12 kBProgress (4): 196/228 kB | 10/46 kB | 13/293 kB | 5.0/12 kBProgress (4): 196/228 kB | 10/46 kB | 13/293 kB | 7.7/12 kBProgress (4): 196/228 kB | 10/46 kB | 13/293 kB | 10/12 kB Progress (4): 196/228 kB | 13/46 kB | 13/293 kB | 10/12 kBProgress (5): 196/228 kB | 13/46 kB | 13/293 kB | 10/12 kB | 2.8/80 kBProgress (5): 196/228 kB | 13/46 kB | 13/293 kB | 10/12 kB | 5.5/80 kBProgress (5): 196/228 kB | 13/46 kB | 13/293 kB | 10/12 kB | 8.3/80 kBProgress (5): 196/228 kB | 13/46 kB | 13/293 kB | 10/12 kB | 11/80 kB Progress (5): 200/228 kB | 13/46 kB | 13/293 kB | 10/12 kB | 11/80 kBProgress (5): 204/228 kB | 13/46 kB | 13/293 kB | 10/12 kB | 11/80 kBProgress (5): 208/228 kB | 13/46 kB | 13/293 kB | 10/12 kB | 11/80 kBProgress (5): 208/228 kB | 13/46 kB | 13/293 kB | 12 kB | 11/80 kB   Progress (5): 212/228 kB | 13/46 kB | 13/293 kB | 12 kB | 11/80 kBProgress (5): 217/228 kB | 13/46 kB | 13/293 kB | 12 kB | 11/80 kBProgress (5): 221/228 kB | 13/46 kB | 13/293 kB | 12 kB | 11/80 kBProgress (5): 225/228 kB | 13/46 kB | 13/293 kB | 12 kB | 11/80 kBProgress (5): 228 kB | 13/46 kB | 13/293 kB | 12 kB | 11/80 kB    Progress (5): 228 kB | 13/46 kB | 16/293 kB | 12 kB | 11/80 kBProgress (5): 228 kB | 16/46 kB | 16/293 kB | 12 kB | 11/80 kBProgress (5): 228 kB | 19/46 kB | 16/293 kB | 12 kB | 11/80 kBProgress (5): 228 kB | 21/46 kB | 16/293 kB | 12 kB | 11/80 kBProgress (5): 228 kB | 24/46 kB | 16/293 kB | 12 kB | 11/80 kBProgress (5): 228 kB | 24/46 kB | 19/293 kB | 12 kB | 11/80 kBProgress (5): 228 kB | 24/46 kB | 21/293 kB | 12 kB | 11/80 kBProgress (5): 228 kB | 24/46 kB | 24/293 kB | 12 kB | 11/80 kBProgress (5): 228 kB | 24/46 kB | 27/293 kB | 12 kB | 11/80 kBProgress (5): 228 kB | 24/46 kB | 30/293 kB | 12 kB | 11/80 kBProgress (5): 228 kB | 24/46 kB | 32/293 kB | 12 kB | 11/80 kBProgress (5): 228 kB | 27/46 kB | 32/293 kB | 12 kB | 11/80 kBProgress (5): 228 kB | 27/46 kB | 32/293 kB | 12 kB | 14/80 kBProgress (5): 228 kB | 27/46 kB | 32/293 kB | 12 kB | 16/80 kBProgress (5): 228 kB | 27/46 kB | 32/293 kB | 12 kB | 19/80 kBProgress (5): 228 kB | 27/46 kB | 32/293 kB | 12 kB | 22/80 kBProgress (5): 228 kB | 27/46 kB | 32/293 kB | 12 kB | 25/80 kBProgress (5): 228 kB | 27/46 kB | 32/293 kB | 12 kB | 27/80 kBProgress (5): 228 kB | 27/46 kB | 32/293 kB | 12 kB | 30/80 kBProgress (5): 228 kB | 27/46 kB | 32/293 kB | 12 kB | 33/80 kBProgress (5): 228 kB | 30/46 kB | 32/293 kB | 12 kB | 33/80 kBProgress (5): 228 kB | 32/46 kB | 32/293 kB | 12 kB | 33/80 kB                                                              Downloaded from central: https://repo.maven.apache.org/maven2/org/apache/maven/maven-plugin-api/2.2.1/maven-plugin-api-2.2.1.jar (12 kB at 12 kB/s)
Downloading from central: https://repo.maven.apache.org/maven2/org/apache/maven/maven-plugin-descriptor/2.2.1/maven-plugin-descriptor-2.2.1.jar
Downloaded from central: https://repo.maven.apache.org/maven2/org/codehaus/plexus/plexus-utils/1.5.15/plexus-utils-1.5.15.jar (228 kB at 230 kB/s)
Downloading from central: https://repo.maven.apache.org/maven2/junit/junit/4.12/junit-4.12.jar
Progress (3): 32/46 kB | 36/293 kB | 33/80 kBProgress (3): 32/46 kB | 40/293 kB | 33/80 kBProgress (3): 32/46 kB | 45/293 kB | 33/80 kBProgress (3): 32/46 kB | 49/293 kB | 33/80 kBProgress (3): 36/46 kB | 49/293 kB | 33/80 kBProgress (3): 40/46 kB | 49/293 kB | 33/80 kBProgress (3): 45/46 kB | 49/293 kB | 33/80 kBProgress (3): 46 kB | 49/293 kB | 33/80 kB   Progress (3): 46 kB | 53/293 kB | 33/80 kBProgress (3): 46 kB | 57/293 kB | 33/80 kBProgress (3): 46 kB | 61/293 kB | 33/80 kBProgress (3): 46 kB | 65/293 kB | 33/80 kBProgress (3): 46 kB | 69/293 kB | 33/80 kBProgress (3): 46 kB | 73/293 kB | 33/80 kBProgress (3): 46 kB | 77/293 kB | 33/80 kBProgress (3): 46 kB | 77/293 kB | 37/80 kBProgress (3): 46 kB | 77/293 kB | 41/80 kBProgress (3): 46 kB | 77/293 kB | 45/80 kBProgress (3): 46 kB | 77/293 kB | 49/80 kBProgress (3): 46 kB | 77/293 kB | 53/80 kBProgress (3): 46 kB | 77/293 kB | 57/80 kBProgress (3): 46 kB | 77/293 kB | 61/80 kBProgress (3): 46 kB | 77/293 kB | 66/80 kBProgress (3): 46 kB | 77/293 kB | 70/80 kBProgress (3): 46 kB | 77/293 kB | 74/80 kBProgress (3): 46 kB | 77/293 kB | 78/80 kBProgress (3): 46 kB | 77/293 kB | 80 kB   Progress (3): 46 kB | 81/293 kB | 80 kBProgress (4): 46 kB | 81/293 kB | 80 kB | 2.2/39 kBProgress (4): 46 kB | 81/293 kB | 80 kB | 5.0/39 kBProgress (4): 46 kB | 81/293 kB | 80 kB | 7.7/39 kBProgress (4): 46 kB | 81/293 kB | 80 kB | 10/39 kB Progress (4): 46 kB | 81/293 kB | 80 kB | 13/39 kBProgress (4): 46 kB | 81/293 kB | 80 kB | 16/39 kBProgress (4): 46 kB | 81/293 kB | 80 kB | 19/39 kBProgress (4): 46 kB | 81/293 kB | 80 kB | 21/39 kBProgress (4): 46 kB | 81/293 kB | 80 kB | 24/39 kBProgress (4): 46 kB | 81/293 kB | 80 kB | 27/39 kBProgress (5): 46 kB | 81/293 kB | 80 kB | 27/39 kB | 4.1/315 kBProgress (5): 46 kB | 81/293 kB | 80 kB | 27/39 kB | 7.7/315 kBProgress (5): 46 kB | 81/293 kB | 80 kB | 27/39 kB | 12/315 kB Progress (5): 46 kB | 81/293 kB | 80 kB | 27/39 kB | 16/315 kBProgress (5): 46 kB | 81/293 kB | 80 kB | 27/39 kB | 20/315 kBProgress (5): 46 kB | 81/293 kB | 80 kB | 27/39 kB | 24/315 kBProgress (5): 46 kB | 81/293 kB | 80 kB | 27/39 kB | 28/315 kBProgress (5): 46 kB | 81/293 kB | 80 kB | 27/39 kB | 32/315 kBProgress (5): 46 kB | 81/293 kB | 80 kB | 27/39 kB | 36/315 kBProgress (5): 46 kB | 81/293 kB | 80 kB | 27/39 kB | 40/315 kBProgress (5): 46 kB | 81/293 kB | 80 kB | 27/39 kB | 45/315 kBProgress (5): 46 kB | 81/293 kB | 80 kB | 27/39 kB | 49/315 kBProgress (5): 46 kB | 81/293 kB | 80 kB | 27/39 kB | 53/315 kBProgress (5): 46 kB | 81/293 kB | 80 kB | 27/39 kB | 57/315 kBProgress (5): 46 kB | 81/293 kB | 80 kB | 27/39 kB | 61/315 kBProgress (5): 46 kB | 81/293 kB | 80 kB | 27/39 kB | 65/315 kBProgress (5): 46 kB | 81/293 kB | 80 kB | 27/39 kB | 69/315 kBProgress (5): 46 kB | 81/293 kB | 80 kB | 27/39 kB | 73/315 kBProgress (5): 46 kB | 81/293 kB | 80 kB | 27/39 kB | 77/315 kBProgress (5): 46 kB | 81/293 kB | 80 kB | 27/39 kB | 81/315 kBProgress (5): 46 kB | 81/293 kB | 80 kB | 27/39 kB | 85/315 kBProgress (5): 46 kB | 81/293 kB | 80 kB | 27/39 kB | 90/315 kBProgress (5): 46 kB | 81/293 kB | 80 kB | 27/39 kB | 94/315 kBProgress (5): 46 kB | 81/293 kB | 80 kB | 27/39 kB | 98/315 kBProgress (5): 46 kB | 81/293 kB | 80 kB | 27/39 kB | 102/315 kBProgress (5): 46 kB | 81/293 kB | 80 kB | 27/39 kB | 106/315 kBProgress (5): 46 kB | 81/293 kB | 80 kB | 27/39 kB | 110/315 kBProgress (5): 46 kB | 81/293 kB | 80 kB | 27/39 kB | 114/315 kBProgress (5): 46 kB | 81/293 kB | 80 kB | 27/39 kB | 118/315 kBProgress (5): 46 kB | 81/293 kB | 80 kB | 27/39 kB | 122/315 kBProgress (5): 46 kB | 81/293 kB | 80 kB | 27/39 kB | 126/315 kBProgress (5): 46 kB | 81/293 kB | 80 kB | 27/39 kB | 131/315 kBProgress (5): 46 kB | 81/293 kB | 80 kB | 27/39 kB | 135/315 kBProgress (5): 46 kB | 81/293 kB | 80 kB | 27/39 kB | 139/315 kBProgress (5): 46 kB | 81/293 kB | 80 kB | 27/39 kB | 143/315 kBProgress (5): 46 kB | 81/293 kB | 80 kB | 27/39 kB | 147/315 kBProgress (5): 46 kB | 81/293 kB | 80 kB | 27/39 kB | 151/315 kBProgress (5): 46 kB | 81/293 kB | 80 kB | 27/39 kB | 155/315 kBProgress (5): 46 kB | 81/293 kB | 80 kB | 27/39 kB | 159/315 kBProgress (5): 46 kB | 81/293 kB | 80 kB | 27/39 kB | 163/315 kBProgress (5): 46 kB | 81/293 kB | 80 kB | 27/39 kB | 167/315 kBProgress (5): 46 kB | 81/293 kB | 80 kB | 27/39 kB | 171/315 kBProgress (5): 46 kB | 81/293 kB | 80 kB | 27/39 kB | 176/315 kBProgress (5): 46 kB | 81/293 kB | 80 kB | 27/39 kB | 180/315 kBProgress (5): 46 kB | 81/293 kB | 80 kB | 27/39 kB | 184/315 kBProgress (5): 46 kB | 81/293 kB | 80 kB | 27/39 kB | 188/315 kBProgress (5): 46 kB | 81/293 kB | 80 kB | 27/39 kB | 192/315 kBProgress (5): 46 kB | 81/293 kB | 80 kB | 27/39 kB | 196/315 kBProgress (5): 46 kB | 81/293 kB | 80 kB | 27/39 kB | 200/315 kBProgress (5): 46 kB | 81/293 kB | 80 kB | 27/39 kB | 204/315 kBProgress (5): 46 kB | 81/293 kB | 80 kB | 27/39 kB | 208/315 kBProgress (5): 46 kB | 81/293 kB | 80 kB | 27/39 kB | 212/315 kBProgress (5): 46 kB | 81/293 kB | 80 kB | 27/39 kB | 217/315 kBProgress (5): 46 kB | 81/293 kB | 80 kB | 27/39 kB | 221/315 kBProgress (5): 46 kB | 81/293 kB | 80 kB | 27/39 kB | 225/315 kBProgress (5): 46 kB | 81/293 kB | 80 kB | 27/39 kB | 229/315 kBProgress (5): 46 kB | 85/293 kB | 80 kB | 27/39 kB | 229/315 kBProgress (5): 46 kB | 90/293 kB | 80 kB | 27/39 kB | 229/315 kBProgress (5): 46 kB | 94/293 kB | 80 kB | 27/39 kB | 229/315 kBProgress (5): 46 kB | 98/293 kB | 80 kB | 27/39 kB | 229/315 kBProgress (5): 46 kB | 102/293 kB | 80 kB | 27/39 kB | 229/315 kBProgress (5): 46 kB | 106/293 kB | 80 kB | 27/39 kB | 229/315 kBProgress (5): 46 kB | 110/293 kB | 80 kB | 27/39 kB | 229/315 kBProgress (5): 46 kB | 114/293 kB | 80 kB | 27/39 kB | 229/315 kB                                                                Downloaded from central: https://repo.maven.apache.org/maven2/org/apache/maven/surefire/surefire-booter/2.19.1/surefire-booter-2.19.1.jar (46 kB at 32 kB/s)
Downloading from central: https://repo.maven.apache.org/maven2/org/hamcrest/hamcrest-core/1.3/hamcrest-core-1.3.jar
Progress (4): 118/293 kB | 80 kB | 27/39 kB | 229/315 kBProgress (4): 122/293 kB | 80 kB | 27/39 kB | 229/315 kBProgress (4): 126/293 kB | 80 kB | 27/39 kB | 229/315 kBProgress (4): 131/293 kB | 80 kB | 27/39 kB | 229/315 kBProgress (4): 135/293 kB | 80 kB | 27/39 kB | 229/315 kBProgress (4): 139/293 kB | 80 kB | 27/39 kB | 229/315 kBProgress (4): 143/293 kB | 80 kB | 27/39 kB | 229/315 kBProgress (4): 147/293 kB | 80 kB | 27/39 kB | 229/315 kBProgress (4): 151/293 kB | 80 kB | 27/39 kB | 229/315 kBProgress (4): 155/293 kB | 80 kB | 27/39 kB | 229/315 kBProgress (4): 159/293 kB | 80 kB | 27/39 kB | 229/315 kBProgress (4): 159/293 kB | 80 kB | 30/39 kB | 229/315 kBProgress (4): 159/293 kB | 80 kB | 32/39 kB | 229/315 kBProgress (4): 159/293 kB | 80 kB | 35/39 kB | 229/315 kBProgress (4): 159/293 kB | 80 kB | 38/39 kB | 229/315 kBProgress (4): 159/293 kB | 80 kB | 39 kB | 229/315 kB                                                        Downloaded from central: https://repo.maven.apache.org/maven2/org/apache/maven/maven-artifact/2.2.1/maven-artifact-2.2.1.jar (80 kB at 56 kB/s)
Downloading from central: https://repo.maven.apache.org/maven2/org/apache/maven/maven-project/2.2.1/maven-project-2.2.1.jar
Progress (3): 163/293 kB | 39 kB | 229/315 kBProgress (3): 167/293 kB | 39 kB | 229/315 kBProgress (3): 171/293 kB | 39 kB | 229/315 kBProgress (3): 176/293 kB | 39 kB | 229/315 kBProgress (3): 180/293 kB | 39 kB | 229/315 kBProgress (3): 184/293 kB | 39 kB | 229/315 kBProgress (3): 188/293 kB | 39 kB | 229/315 kBProgress (3): 192/293 kB | 39 kB | 229/315 kBProgress (3): 196/293 kB | 39 kB | 229/315 kBProgress (3): 196/293 kB | 39 kB | 233/315 kBProgress (3): 196/293 kB | 39 kB | 237/315 kBProgress (3): 196/293 kB | 39 kB | 241/315 kBProgress (3): 196/293 kB | 39 kB | 245/315 kBProgress (3): 196/293 kB | 39 kB | 249/315 kBProgress (3): 196/293 kB | 39 kB | 253/315 kBProgress (3): 196/293 kB | 39 kB | 258/315 kBProgress (3): 196/293 kB | 39 kB | 262/315 kBProgress (3): 196/293 kB | 39 kB | 266/315 kBProgress (3): 196/293 kB | 39 kB | 270/315 kBProgress (3): 196/293 kB | 39 kB | 274/315 kBProgress (3): 196/293 kB | 39 kB | 278/315 kBProgress (3): 196/293 kB | 39 kB | 282/315 kBProgress (3): 196/293 kB | 39 kB | 286/315 kBProgress (3): 196/293 kB | 39 kB | 290/315 kBProgress (3): 196/293 kB | 39 kB | 294/315 kBProgress (3): 196/293 kB | 39 kB | 298/315 kBProgress (3): 196/293 kB | 39 kB | 303/315 kBProgress (3): 196/293 kB | 39 kB | 307/315 kBProgress (3): 196/293 kB | 39 kB | 311/315 kBProgress (3): 196/293 kB | 39 kB | 315/315 kBProgress (3): 196/293 kB | 39 kB | 315 kB    Progress (3): 200/293 kB | 39 kB | 315 kBProgress (3): 204/293 kB | 39 kB | 315 kBProgress (3): 208/293 kB | 39 kB | 315 kBProgress (3): 212/293 kB | 39 kB | 315 kBProgress (3): 217/293 kB | 39 kB | 315 kBProgress (3): 221/293 kB | 39 kB | 315 kBProgress (3): 225/293 kB | 39 kB | 315 kBProgress (3): 229/293 kB | 39 kB | 315 kBProgress (3): 233/293 kB | 39 kB | 315 kBProgress (3): 237/293 kB | 39 kB | 315 kBProgress (3): 241/293 kB | 39 kB | 315 kBProgress (3): 245/293 kB | 39 kB | 315 kBProgress (3): 249/293 kB | 39 kB | 315 kBProgress (3): 253/293 kB | 39 kB | 315 kBProgress (3): 258/293 kB | 39 kB | 315 kBProgress (3): 262/293 kB | 39 kB | 315 kBProgress (4): 262/293 kB | 39 kB | 315 kB | 4.1/45 kBProgress (4): 262/293 kB | 39 kB | 315 kB | 7.6/45 kBProgress (4): 262/293 kB | 39 kB | 315 kB | 12/45 kB Progress (4): 262/293 kB | 39 kB | 315 kB | 16/45 kBProgress (4): 262/293 kB | 39 kB | 315 kB | 20/45 kBProgress (4): 262/293 kB | 39 kB | 315 kB | 24/45 kBProgress (4): 262/293 kB | 39 kB | 315 kB | 28/45 kBProgress (4): 262/293 kB | 39 kB | 315 kB | 32/45 kBProgress (4): 266/293 kB | 39 kB | 315 kB | 32/45 kBProgress (4): 270/293 kB | 39 kB | 315 kB | 32/45 kBProgress (4): 274/293 kB | 39 kB | 315 kB | 32/45 kBProgress (4): 278/293 kB | 39 kB | 315 kB | 32/45 kBProgress (4): 282/293 kB | 39 kB | 315 kB | 32/45 kBProgress (4): 282/293 kB | 39 kB | 315 kB | 36/45 kBProgress (4): 282/293 kB | 39 kB | 315 kB | 40/45 kBProgress (4): 282/293 kB | 39 kB | 315 kB | 45/45 kBProgress (4): 282/293 kB | 39 kB | 315 kB | 45 kB   Progress (4): 286/293 kB | 39 kB | 315 kB | 45 kBProgress (4): 290/293 kB | 39 kB | 315 kB | 45 kBProgress (4): 293 kB | 39 kB | 315 kB | 45 kB                                                 Downloaded from central: https://repo.maven.apache.org/maven2/org/apache/maven/maven-plugin-descriptor/2.2.1/maven-plugin-descriptor-2.2.1.jar (39 kB at 24 kB/s)
Downloading from central: https://repo.maven.apache.org/maven2/org/apache/maven/maven-settings/2.2.1/maven-settings-2.2.1.jar
Progress (4): 293 kB | 315 kB | 45 kB | 4.1/156 kBProgress (4): 293 kB | 315 kB | 45 kB | 7.7/156 kBProgress (4): 293 kB | 315 kB | 45 kB | 12/156 kB Progress (4): 293 kB | 315 kB | 45 kB | 16/156 kBProgress (4): 293 kB | 315 kB | 45 kB | 20/156 kBProgress (4): 293 kB | 315 kB | 45 kB | 24/156 kBProgress (4): 293 kB | 315 kB | 45 kB | 28/156 kBProgress (4): 293 kB | 315 kB | 45 kB | 32/156 kBProgress (4): 293 kB | 315 kB | 45 kB | 36/156 kBProgress (4): 293 kB | 315 kB | 45 kB | 40/156 kBProgress (4): 293 kB | 315 kB | 45 kB | 45/156 kBProgress (4): 293 kB | 315 kB | 45 kB | 49/156 kBProgress (4): 293 kB | 315 kB | 45 kB | 53/156 kBProgress (4): 293 kB | 315 kB | 45 kB | 57/156 kBProgress (4): 293 kB | 315 kB | 45 kB | 61/156 kBProgress (4): 293 kB | 315 kB | 45 kB | 65/156 kBProgress (4): 293 kB | 315 kB | 45 kB | 69/156 kBProgress (4): 293 kB | 315 kB | 45 kB | 73/156 kBProgress (4): 293 kB | 315 kB | 45 kB | 77/156 kBProgress (4): 293 kB | 315 kB | 45 kB | 81/156 kB                                                 Downloaded from central: https://repo.maven.apache.org/maven2/junit/junit/4.12/junit-4.12.jar (315 kB at 190 kB/s)
Downloading from central: https://repo.maven.apache.org/maven2/org/apache/maven/maven-profile/2.2.1/maven-profile-2.2.1.jar
Downloaded from central: https://repo.maven.apache.org/maven2/org/apache/maven/surefire/maven-surefire-common/2.19.1/maven-surefire-common-2.19.1.jar (293 kB at 155 kB/s)
Downloading from central: https://repo.maven.apache.org/maven2/org/apache/maven/maven-artifact-manager/2.2.1/maven-artifact-manager-2.2.1.jar
Downloaded from central: https://repo.maven.apache.org/maven2/org/hamcrest/hamcrest-core/1.3/hamcrest-core-1.3.jar (45 kB at 24 kB/s)
Downloading from central: https://repo.maven.apache.org/maven2/backport-util-concurrent/backport-util-concurrent/3.1/backport-util-concurrent-3.1.jar
Progress (2): 81/156 kB | 2.2/49 kBProgress (2): 81/156 kB | 5.0/49 kBProgress (2): 81/156 kB | 7.7/49 kBProgress (2): 81/156 kB | 10/49 kB Progress (2): 81/156 kB | 13/49 kBProgress (2): 81/156 kB | 16/49 kBProgress (2): 81/156 kB | 19/49 kBProgress (2): 81/156 kB | 21/49 kBProgress (2): 81/156 kB | 24/49 kBProgress (2): 81/156 kB | 27/49 kBProgress (2): 81/156 kB | 30/49 kBProgress (2): 81/156 kB | 32/49 kBProgress (2): 81/156 kB | 36/49 kBProgress (2): 81/156 kB | 40/49 kBProgress (2): 81/156 kB | 45/49 kBProgress (2): 81/156 kB | 49/49 kBProgress (2): 85/156 kB | 49/49 kBProgress (2): 90/156 kB | 49/49 kBProgress (2): 94/156 kB | 49/49 kBProgress (2): 98/156 kB | 49/49 kBProgress (2): 102/156 kB | 49/49 kBProgress (2): 106/156 kB | 49/49 kBProgress (2): 110/156 kB | 49/49 kBProgress (2): 114/156 kB | 49/49 kBProgress (2): 118/156 kB | 49/49 kBProgress (2): 122/156 kB | 49/49 kBProgress (2): 126/156 kB | 49/49 kBProgress (2): 131/156 kB | 49/49 kBProgress (2): 135/156 kB | 49/49 kBProgress (2): 139/156 kB | 49/49 kBProgress (2): 143/156 kB | 49/49 kBProgress (2): 147/156 kB | 49/49 kBProgress (2): 151/156 kB | 49/49 kBProgress (2): 155/156 kB | 49/49 kBProgress (2): 156 kB | 49/49 kB    Progress (3): 156 kB | 49/49 kB | 4.1/35 kBProgress (3): 156 kB | 49/49 kB | 7.7/35 kBProgress (3): 156 kB | 49/49 kB | 12/35 kB Progress (3): 156 kB | 49/49 kB | 16/35 kBProgress (3): 156 kB | 49/49 kB | 20/35 kBProgress (3): 156 kB | 49/49 kB | 24/35 kBProgress (3): 156 kB | 49/49 kB | 28/35 kBProgress (3): 156 kB | 49/49 kB | 32/35 kBProgress (3): 156 kB | 49/49 kB | 35 kB   Progress (3): 156 kB | 49 kB | 35 kB   Progress (4): 156 kB | 49 kB | 35 kB | 4.1/332 kBProgress (4): 156 kB | 49 kB | 35 kB | 8.2/332 kBProgress (4): 156 kB | 49 kB | 35 kB | 12/332 kB Progress (4): 156 kB | 49 kB | 35 kB | 16/332 kBProgress (4): 156 kB | 49 kB | 35 kB | 20/332 kBProgress (4): 156 kB | 49 kB | 35 kB | 25/332 kBProgress (4): 156 kB | 49 kB | 35 kB | 29/332 kBProgress (4): 156 kB | 49 kB | 35 kB | 33/332 kBProgress (5): 156 kB | 49 kB | 35 kB | 33/332 kB | 2.8/68 kBProgress (5): 156 kB | 49 kB | 35 kB | 33/332 kB | 6.4/68 kBProgress (5): 156 kB | 49 kB | 35 kB | 33/332 kB | 10/68 kB Progress (5): 156 kB | 49 kB | 35 kB | 33/332 kB | 15/68 kBProgress (5): 156 kB | 49 kB | 35 kB | 33/332 kB | 19/68 kBProgress (5): 156 kB | 49 kB | 35 kB | 37/332 kB | 19/68 kBProgress (5): 156 kB | 49 kB | 35 kB | 41/332 kB | 19/68 kBProgress (5): 156 kB | 49 kB | 35 kB | 45/332 kB | 19/68 kBProgress (5): 156 kB | 49 kB | 35 kB | 49/332 kB | 19/68 kBProgress (5): 156 kB | 49 kB | 35 kB | 49/332 kB | 23/68 kBProgress (5): 156 kB | 49 kB | 35 kB | 49/332 kB | 27/68 kBProgress (5): 156 kB | 49 kB | 35 kB | 49/332 kB | 31/68 kBProgress (5): 156 kB | 49 kB | 35 kB | 49/332 kB | 35/68 kBProgress (5): 156 kB | 49 kB | 35 kB | 49/332 kB | 39/68 kBProgress (5): 156 kB | 49 kB | 35 kB | 49/332 kB | 43/68 kBProgress (5): 156 kB | 49 kB | 35 kB | 49/332 kB | 47/68 kBProgress (5): 156 kB | 49 kB | 35 kB | 49/332 kB | 51/68 kBProgress (5): 156 kB | 49 kB | 35 kB | 49/332 kB | 56/68 kBProgress (5): 156 kB | 49 kB | 35 kB | 49/332 kB | 60/68 kBProgress (5): 156 kB | 49 kB | 35 kB | 49/332 kB | 64/68 kBProgress (5): 156 kB | 49 kB | 35 kB | 49/332 kB | 66/68 kBProgress (5): 156 kB | 49 kB | 35 kB | 49/332 kB | 68 kB                                                           Downloaded from central: https://repo.maven.apache.org/maven2/org/apache/maven/maven-project/2.2.1/maven-project-2.2.1.jar (156 kB at 74 kB/s)
Downloading from central: https://repo.maven.apache.org/maven2/org/apache/maven/maven-plugin-registry/2.2.1/maven-plugin-registry-2.2.1.jar
Downloaded from central: https://repo.maven.apache.org/maven2/org/apache/maven/maven-profile/2.2.1/maven-profile-2.2.1.jar (35 kB at 17 kB/s)
Downloading from central: https://repo.maven.apache.org/maven2/org/codehaus/plexus/plexus-interpolation/1.11/plexus-interpolation-1.11.jar
Progress (3): 49 kB | 53/332 kB | 68 kBProgress (3): 49 kB | 57/332 kB | 68 kBProgress (3): 49 kB | 61/332 kB | 68 kBProgress (3): 49 kB | 66/332 kB | 68 kBProgress (3): 49 kB | 70/332 kB | 68 kBProgress (3): 49 kB | 74/332 kB | 68 kBProgress (3): 49 kB | 78/332 kB | 68 kBProgress (3): 49 kB | 82/332 kB | 68 kBProgress (3): 49 kB | 86/332 kB | 68 kBProgress (3): 49 kB | 90/332 kB | 68 kB                                       Downloaded from central: https://repo.maven.apache.org/maven2/org/apache/maven/maven-settings/2.2.1/maven-settings-2.2.1.jar (49 kB at 21 kB/s)
Downloading from central: https://repo.maven.apache.org/maven2/org/apache/maven/maven-model/2.2.1/maven-model-2.2.1.jar
Progress (2): 94/332 kB | 68 kBProgress (2): 98/332 kB | 68 kBProgress (2): 102/332 kB | 68 kBProgress (2): 106/332 kB | 68 kBProgress (2): 111/332 kB | 68 kBProgress (2): 115/332 kB | 68 kBProgress (2): 119/332 kB | 68 kBProgress (2): 123/332 kB | 68 kBProgress (2): 127/332 kB | 68 kBProgress (2): 131/332 kB | 68 kBProgress (2): 135/332 kB | 68 kBProgress (2): 139/332 kB | 68 kBProgress (2): 143/332 kB | 68 kBProgress (2): 147/332 kB | 68 kBProgress (2): 152/332 kB | 68 kBProgress (2): 156/332 kB | 68 kBProgress (2): 160/332 kB | 68 kBProgress (2): 164/332 kB | 68 kBProgress (2): 168/332 kB | 68 kBProgress (2): 172/332 kB | 68 kBProgress (2): 176/332 kB | 68 kBProgress (2): 180/332 kB | 68 kB                                Downloaded from central: https://repo.maven.apache.org/maven2/org/apache/maven/maven-artifact-manager/2.2.1/maven-artifact-manager-2.2.1.jar (68 kB at 29 kB/s)
Downloading from central: https://repo.maven.apache.org/maven2/org/apache/maven/maven-core/2.2.1/maven-core-2.2.1.jar
Progress (2): 180/332 kB | 4.1/30 kBProgress (2): 180/332 kB | 7.7/30 kBProgress (2): 180/332 kB | 12/30 kB Progress (2): 180/332 kB | 16/30 kBProgress (2): 180/332 kB | 20/30 kBProgress (2): 180/332 kB | 24/30 kBProgress (2): 180/332 kB | 28/30 kBProgress (2): 180/332 kB | 30 kB   Progress (3): 180/332 kB | 30 kB | 4.1/51 kBProgress (3): 180/332 kB | 30 kB | 7.7/51 kBProgress (3): 180/332 kB | 30 kB | 12/51 kB Progress (3): 180/332 kB | 30 kB | 16/51 kBProgress (3): 180/332 kB | 30 kB | 20/51 kBProgress (3): 180/332 kB | 30 kB | 24/51 kBProgress (3): 180/332 kB | 30 kB | 28/51 kBProgress (3): 180/332 kB | 30 kB | 32/51 kBProgress (3): 180/332 kB | 30 kB | 36/51 kBProgress (3): 180/332 kB | 30 kB | 40/51 kBProgress (3): 180/332 kB | 30 kB | 45/51 kBProgress (3): 180/332 kB | 30 kB | 49/51 kBProgress (3): 180/332 kB | 30 kB | 51 kB   Progress (3): 184/332 kB | 30 kB | 51 kBProgress (3): 188/332 kB | 30 kB | 51 kBProgress (3): 193/332 kB | 30 kB | 51 kBProgress (4): 193/332 kB | 30 kB | 51 kB | 4.1/88 kBProgress (4): 193/332 kB | 30 kB | 51 kB | 7.7/88 kBProgress (4): 193/332 kB | 30 kB | 51 kB | 12/88 kB Progress (4): 193/332 kB | 30 kB | 51 kB | 16/88 kBProgress (4): 193/332 kB | 30 kB | 51 kB | 20/88 kBProgress (4): 193/332 kB | 30 kB | 51 kB | 24/88 kBProgress (4): 193/332 kB | 30 kB | 51 kB | 28/88 kBProgress (4): 193/332 kB | 30 kB | 51 kB | 32/88 kBProgress (4): 193/332 kB | 30 kB | 51 kB | 36/88 kBProgress (4): 197/332 kB | 30 kB | 51 kB | 36/88 kBProgress (4): 201/332 kB | 30 kB | 51 kB | 36/88 kBProgress (4): 205/332 kB | 30 kB | 51 kB | 36/88 kBProgress (4): 209/332 kB | 30 kB | 51 kB | 36/88 kBProgress (4): 213/332 kB | 30 kB | 51 kB | 36/88 kBProgress (4): 217/332 kB | 30 kB | 51 kB | 36/88 kBProgress (4): 217/332 kB | 30 kB | 51 kB | 40/88 kBProgress (4): 217/332 kB | 30 kB | 51 kB | 45/88 kBProgress (4): 217/332 kB | 30 kB | 51 kB | 49/88 kBProgress (4): 217/332 kB | 30 kB | 51 kB | 53/88 kBProgress (4): 217/332 kB | 30 kB | 51 kB | 57/88 kBProgress (4): 217/332 kB | 30 kB | 51 kB | 61/88 kBProgress (4): 217/332 kB | 30 kB | 51 kB | 65/88 kBProgress (4): 217/332 kB | 30 kB | 51 kB | 69/88 kBProgress (4): 217/332 kB | 30 kB | 51 kB | 73/88 kBProgress (4): 217/332 kB | 30 kB | 51 kB | 77/88 kBProgress (4): 221/332 kB | 30 kB | 51 kB | 77/88 kBProgress (4): 225/332 kB | 30 kB | 51 kB | 77/88 kBProgress (4): 229/332 kB | 30 kB | 51 kB | 77/88 kBProgress (4): 233/332 kB | 30 kB | 51 kB | 77/88 kBProgress (4): 238/332 kB | 30 kB | 51 kB | 77/88 kBProgress (4): 242/332 kB | 30 kB | 51 kB | 77/88 kBProgress (4): 246/332 kB | 30 kB | 51 kB | 77/88 kBProgress (4): 250/332 kB | 30 kB | 51 kB | 77/88 kBProgress (4): 254/332 kB | 30 kB | 51 kB | 77/88 kBProgress (4): 254/332 kB | 30 kB | 51 kB | 81/88 kBProgress (4): 254/332 kB | 30 kB | 51 kB | 85/88 kBProgress (4): 254/332 kB | 30 kB | 51 kB | 88 kB   Progress (4): 258/332 kB | 30 kB | 51 kB | 88 kBProgress (4): 262/332 kB | 30 kB | 51 kB | 88 kBProgress (4): 266/332 kB | 30 kB | 51 kB | 88 kBProgress (4): 270/332 kB | 30 kB | 51 kB | 88 kBProgress (4): 274/332 kB | 30 kB | 51 kB | 88 kBProgress (4): 279/332 kB | 30 kB | 51 kB | 88 kBProgress (4): 283/332 kB | 30 kB | 51 kB | 88 kBProgress (4): 287/332 kB | 30 kB | 51 kB | 88 kBProgress (5): 287/332 kB | 30 kB | 51 kB | 88 kB | 2.2/178 kBProgress (5): 287/332 kB | 30 kB | 51 kB | 88 kB | 5.0/178 kBProgress (5): 287/332 kB | 30 kB | 51 kB | 88 kB | 7.7/178 kBProgress (5): 287/332 kB | 30 kB | 51 kB | 88 kB | 10/178 kB Progress (5): 287/332 kB | 30 kB | 51 kB | 88 kB | 13/178 kBProgress (5): 287/332 kB | 30 kB | 51 kB | 88 kB | 16/178 kBProgress (5): 287/332 kB | 30 kB | 51 kB | 88 kB | 19/178 kBProgress (5): 287/332 kB | 30 kB | 51 kB | 88 kB | 21/178 kBProgress (5): 287/332 kB | 30 kB | 51 kB | 88 kB | 24/178 kBProgress (5): 287/332 kB | 30 kB | 51 kB | 88 kB | 27/178 kBProgress (5): 287/332 kB | 30 kB | 51 kB | 88 kB | 30/178 kBProgress (5): 291/332 kB | 30 kB | 51 kB | 88 kB | 30/178 kBProgress (5): 295/332 kB | 30 kB | 51 kB | 88 kB | 30/178 kBProgress (5): 299/332 kB | 30 kB | 51 kB | 88 kB | 30/178 kBProgress (5): 303/332 kB | 30 kB | 51 kB | 88 kB | 30/178 kBProgress (5): 307/332 kB | 30 kB | 51 kB | 88 kB | 30/178 kBProgress (5): 311/332 kB | 30 kB | 51 kB | 88 kB | 30/178 kBProgress (5): 315/332 kB | 30 kB | 51 kB | 88 kB | 30/178 kBProgress (5): 319/332 kB | 30 kB | 51 kB | 88 kB | 30/178 kBProgress (5): 324/332 kB | 30 kB | 51 kB | 88 kB | 30/178 kBProgress (5): 328/332 kB | 30 kB | 51 kB | 88 kB | 30/178 kBProgress (5): 332 kB | 30 kB | 51 kB | 88 kB | 30/178 kB    Progress (5): 332 kB | 30 kB | 51 kB | 88 kB | 32/178 kBProgress (5): 332 kB | 30 kB | 51 kB | 88 kB | 36/178 kBProgress (5): 332 kB | 30 kB | 51 kB | 88 kB | 40/178 kBProgress (5): 332 kB | 30 kB | 51 kB | 88 kB | 45/178 kBProgress (5): 332 kB | 30 kB | 51 kB | 88 kB | 49/178 kBProgress (5): 332 kB | 30 kB | 51 kB | 88 kB | 53/178 kBProgress (5): 332 kB | 30 kB | 51 kB | 88 kB | 57/178 kBProgress (5): 332 kB | 30 kB | 51 kB | 88 kB | 61/178 kBProgress (5): 332 kB | 30 kB | 51 kB | 88 kB | 65/178 kB                                                        Downloaded from central: https://repo.maven.apache.org/maven2/org/apache/maven/maven-plugin-registry/2.2.1/maven-plugin-registry-2.2.1.jar (30 kB at 12 kB/s)
Downloading from central: https://repo.maven.apache.org/maven2/org/apache/maven/maven-plugin-parameter-documenter/2.2.1/maven-plugin-parameter-documenter-2.2.1.jar
Progress (4): 332 kB | 51 kB | 88 kB | 69/178 kBProgress (4): 332 kB | 51 kB | 88 kB | 73/178 kB                                                Downloaded from central: https://repo.maven.apache.org/maven2/org/codehaus/plexus/plexus-interpolation/1.11/plexus-interpolation-1.11.jar (51 kB at 20 kB/s)
Downloading from central: https://repo.maven.apache.org/maven2/org/slf4j/slf4j-jdk14/1.5.6/slf4j-jdk14-1.5.6.jar
Progress (3): 332 kB | 88 kB | 77/178 kBProgress (3): 332 kB | 88 kB | 81/178 kBProgress (3): 332 kB | 88 kB | 85/178 kBProgress (3): 332 kB | 88 kB | 90/178 kBProgress (3): 332 kB | 88 kB | 94/178 kBProgress (3): 332 kB | 88 kB | 98/178 kBProgress (3): 332 kB | 88 kB | 102/178 kBProgress (3): 332 kB | 88 kB | 106/178 kBProgress (3): 332 kB | 88 kB | 110/178 kBProgress (3): 332 kB | 88 kB | 114/178 kBProgress (3): 332 kB | 88 kB | 118/178 kBProgress (3): 332 kB | 88 kB | 122/178 kBProgress (3): 332 kB | 88 kB | 126/178 kBProgress (3): 332 kB | 88 kB | 131/178 kBProgress (3): 332 kB | 88 kB | 135/178 kBProgress (3): 332 kB | 88 kB | 139/178 kBProgress (3): 332 kB | 88 kB | 143/178 kBProgress (3): 332 kB | 88 kB | 147/178 kBProgress (3): 332 kB | 88 kB | 151/178 kBProgress (3): 332 kB | 88 kB | 155/178 kBProgress (3): 332 kB | 88 kB | 159/178 kBProgress (3): 332 kB | 88 kB | 163/178 kBProgress (3): 332 kB | 88 kB | 167/178 kBProgress (3): 332 kB | 88 kB | 171/178 kBProgress (3): 332 kB | 88 kB | 176/178 kBProgress (3): 332 kB | 88 kB | 178 kB                                         Downloaded from central: https://repo.maven.apache.org/maven2/org/apache/maven/maven-model/2.2.1/maven-model-2.2.1.jar (88 kB at 32 kB/s)
Downloading from central: https://repo.maven.apache.org/maven2/org/slf4j/slf4j-api/1.5.6/slf4j-api-1.5.6.jar
Downloaded from central: https://repo.maven.apache.org/maven2/backport-util-concurrent/backport-util-concurrent/3.1/backport-util-concurrent-3.1.jar (332 kB at 119 kB/s)
Downloading from central: https://repo.maven.apache.org/maven2/org/slf4j/jcl-over-slf4j/1.5.6/jcl-over-slf4j-1.5.6.jar
Progress (2): 178 kB | 4.1/22 kBProgress (2): 178 kB | 7.7/22 kBProgress (2): 178 kB | 12/22 kB Progress (2): 178 kB | 16/22 kBProgress (2): 178 kB | 20/22 kBProgress (2): 178 kB | 22 kB   Progress (3): 178 kB | 22 kB | 4.1/8.8 kBProgress (3): 178 kB | 22 kB | 8.2/8.8 kBProgress (3): 178 kB | 22 kB | 8.8 kB                                         Downloaded from central: https://repo.maven.apache.org/maven2/org/apache/maven/maven-core/2.2.1/maven-core-2.2.1.jar (178 kB at 63 kB/s)
Downloading from central: https://repo.maven.apache.org/maven2/org/apache/maven/maven-repository-metadata/2.2.1/maven-repository-metadata-2.2.1.jar
Progress (3): 22 kB | 8.8 kB | 4.1/22 kBProgress (3): 22 kB | 8.8 kB | 7.7/22 kBProgress (3): 22 kB | 8.8 kB | 12/22 kB Progress (3): 22 kB | 8.8 kB | 16/22 kB                                       Downloaded from central: https://repo.maven.apache.org/maven2/org/slf4j/slf4j-jdk14/1.5.6/slf4j-jdk14-1.5.6.jar (8.8 kB at 2.9 kB/s)
Downloading from central: https://repo.maven.apache.org/maven2/org/apache/maven/maven-error-diagnostics/2.2.1/maven-error-diagnostics-2.2.1.jar
Progress (3): 22 kB | 16/22 kB | 4.1/26 kBProgress (3): 22 kB | 16/22 kB | 7.7/26 kBProgress (3): 22 kB | 16/22 kB | 12/26 kB Progress (3): 22 kB | 16/22 kB | 16/26 kB                                         Downloaded from central: https://repo.maven.apache.org/maven2/org/apache/maven/maven-plugin-parameter-documenter/2.2.1/maven-plugin-parameter-documenter-2.2.1.jar (22 kB at 7.2 kB/s)
Progress (3): 16/22 kB | 16/26 kB | 4.1/17 kBProgress (3): 16/22 kB | 16/26 kB | 7.7/17 kBProgress (3): 16/22 kB | 16/26 kB | 12/17 kB Progress (3): 16/22 kB | 16/26 kB | 16/17 kBProgress (3): 16/22 kB | 16/26 kB | 17 kB                                            Downloading from central: https://repo.maven.apache.org/maven2/org/apache/maven/maven-monitor/2.2.1/maven-monitor-2.2.1.jar
Progress (3): 16/22 kB | 20/26 kB | 17 kBProgress (3): 16/22 kB | 24/26 kB | 17 kBProgress (3): 16/22 kB | 26 kB | 17 kB   Progress (3): 20/22 kB | 26 kB | 17 kBProgress (3): 22 kB | 26 kB | 17 kB                                      Downloaded from central: https://repo.maven.apache.org/maven2/org/slf4j/jcl-over-slf4j/1.5.6/jcl-over-slf4j-1.5.6.jar (17 kB at 5.0 kB/s)
Progress (3): 22 kB | 26 kB | 4.1/10 kBProgress (3): 22 kB | 26 kB | 7.7/10 kBProgress (3): 22 kB | 26 kB | 10 kB                                       Downloaded from central: https://repo.maven.apache.org/maven2/org/apache/maven/maven-repository-metadata/2.2.1/maven-repository-metadata-2.2.1.jar (26 kB at 7.7 kB/s)
Progress (3): 22 kB | 10 kB | 4.1/13 kBProgress (3): 22 kB | 10 kB | 8.2/13 kBProgress (3): 22 kB | 10 kB | 12/13 kB Progress (3): 22 kB | 10 kB | 13 kB                                      Downloaded from central: https://repo.maven.apache.org/maven2/org/slf4j/slf4j-api/1.5.6/slf4j-api-1.5.6.jar (22 kB at 6.7 kB/s)
Downloading from central: https://repo.maven.apache.org/maven2/org/apache/maven/surefire/surefire-api/2.19.1/surefire-api-2.19.1.jar
Downloading from central: https://repo.maven.apache.org/maven2/org/apache/maven/maven-toolchain/2.2.1/maven-toolchain-2.2.1.jar
Downloading from central: https://repo.maven.apache.org/maven2/org/apache/maven/plugin-tools/maven-plugin-annotations/3.3/maven-plugin-annotations-3.3.jar
Progress (3): 10 kB | 13 kB | 4.1/38 kBProgress (3): 10 kB | 13 kB | 7.7/38 kBProgress (3): 10 kB | 13 kB | 12/38 kB Progress (3): 10 kB | 13 kB | 16/38 kB                                      Downloaded from central: https://repo.maven.apache.org/maven2/org/apache/maven/maven-monitor/2.2.1/maven-monitor-2.2.1.jar (10 kB at 2.9 kB/s)
Downloaded from central: https://repo.maven.apache.org/maven2/org/apache/maven/maven-error-diagnostics/2.2.1/maven-error-diagnostics-2.2.1.jar (13 kB at 3.7 kB/s)
Progress (2): 16/38 kB | 4.1/14 kBProgress (2): 16/38 kB | 7.7/14 kBProgress (2): 16/38 kB | 12/14 kB Progress (2): 16/38 kB | 14 kB   Progress (2): 20/38 kB | 14 kBProgress (3): 20/38 kB | 14 kB | 4.1/196 kBProgress (3): 20/38 kB | 14 kB | 7.7/196 kBProgress (3): 20/38 kB | 14 kB | 12/196 kB Progress (3): 20/38 kB | 14 kB | 16/196 kBProgress (3): 20/38 kB | 14 kB | 20/196 kBProgress (3): 20/38 kB | 14 kB | 24/196 kBProgress (3): 20/38 kB | 14 kB | 28/196 kBProgress (3): 20/38 kB | 14 kB | 32/196 kBProgress (3): 20/38 kB | 14 kB | 36/196 kBProgress (3): 20/38 kB | 14 kB | 40/196 kBProgress (3): 20/38 kB | 14 kB | 45/196 kBProgress (3): 20/38 kB | 14 kB | 49/196 kBProgress (3): 20/38 kB | 14 kB | 53/196 kBProgress (3): 20/38 kB | 14 kB | 57/196 kBProgress (3): 20/38 kB | 14 kB | 61/196 kBProgress (3): 20/38 kB | 14 kB | 65/196 kBProgress (3): 20/38 kB | 14 kB | 69/196 kBProgress (3): 20/38 kB | 14 kB | 73/196 kBProgress (3): 20/38 kB | 14 kB | 77/196 kBProgress (3): 20/38 kB | 14 kB | 81/196 kBProgress (3): 24/38 kB | 14 kB | 81/196 kBProgress (3): 28/38 kB | 14 kB | 81/196 kBProgress (3): 32/38 kB | 14 kB | 81/196 kBProgress (3): 36/38 kB | 14 kB | 81/196 kBProgress (3): 38 kB | 14 kB | 81/196 kB   Progress (3): 38 kB | 14 kB | 85/196 kBProgress (3): 38 kB | 14 kB | 90/196 kBProgress (3): 38 kB | 14 kB | 94/196 kBProgress (3): 38 kB | 14 kB | 98/196 kBProgress (3): 38 kB | 14 kB | 102/196 kBProgress (3): 38 kB | 14 kB | 106/196 kBProgress (3): 38 kB | 14 kB | 110/196 kBProgress (3): 38 kB | 14 kB | 114/196 kBProgress (3): 38 kB | 14 kB | 118/196 kBProgress (3): 38 kB | 14 kB | 122/196 kBProgress (3): 38 kB | 14 kB | 126/196 kBProgress (3): 38 kB | 14 kB | 131/196 kB                                        Downloaded from central: https://repo.maven.apache.org/maven2/org/apache/maven/plugin-tools/maven-plugin-annotations/3.3/maven-plugin-annotations-3.3.jar (14 kB at 3.7 kB/s)
Progress (2): 38 kB | 135/196 kBProgress (2): 38 kB | 139/196 kBProgress (2): 38 kB | 143/196 kBProgress (2): 38 kB | 147/196 kBProgress (2): 38 kB | 151/196 kBProgress (2): 38 kB | 155/196 kBProgress (2): 38 kB | 159/196 kBProgress (2): 38 kB | 163/196 kBProgress (2): 38 kB | 167/196 kB                                Downloaded from central: https://repo.maven.apache.org/maven2/org/apache/maven/maven-toolchain/2.2.1/maven-toolchain-2.2.1.jar (38 kB at 9.9 kB/s)
Progress (1): 171/196 kBProgress (1): 176/196 kBProgress (1): 180/196 kBProgress (1): 184/196 kBProgress (1): 188/196 kBProgress (1): 192/196 kBProgress (1): 196/196 kBProgress (1): 196 kB                        Downloaded from central: https://repo.maven.apache.org/maven2/org/apache/maven/surefire/surefire-api/2.19.1/surefire-api-2.19.1.jar (196 kB at 49 kB/s)
Downloading from central: https://repo.maven.apache.org/maven2/org/apache/maven/surefire/surefire-junit47/2.19.1/surefire-junit47-2.19.1.pom
Progress (1): 2.2/6.2 kBProgress (1): 5.0/6.2 kBProgress (1): 6.2 kB                        Downloaded from central: https://repo.maven.apache.org/maven2/org/apache/maven/surefire/surefire-junit47/2.19.1/surefire-junit47-2.19.1.pom (6.2 kB at 13 kB/s)
Downloading from central: https://repo.maven.apache.org/maven2/org/apache/maven/surefire/surefire-providers/2.19.1/surefire-providers-2.19.1.pom
Progress (1): 2.2/2.6 kBProgress (1): 2.6 kB                        Downloaded from central: https://repo.maven.apache.org/maven2/org/apache/maven/surefire/surefire-providers/2.19.1/surefire-providers-2.19.1.pom (2.6 kB at 5.5 kB/s)
Downloading from central: https://repo.maven.apache.org/maven2/org/apache/maven/surefire/common-junit48/2.19.1/common-junit48-2.19.1.pom
Progress (1): 2.2/3.1 kBProgress (1): 3.1 kB                        Downloaded from central: https://repo.maven.apache.org/maven2/org/apache/maven/surefire/common-junit48/2.19.1/common-junit48-2.19.1.pom (3.1 kB at 6.5 kB/s)
Downloading from central: https://repo.maven.apache.org/maven2/org/apache/maven/surefire/common-junit4/2.19.1/common-junit4-2.19.1.pom
Progress (1): 2.1 kB                    Downloaded from central: https://repo.maven.apache.org/maven2/org/apache/maven/surefire/common-junit4/2.19.1/common-junit4-2.19.1.pom (2.1 kB at 4.5 kB/s)
Downloading from central: https://repo.maven.apache.org/maven2/org/apache/maven/surefire/common-junit3/2.19.1/common-junit3-2.19.1.pom
Progress (1): 1.6 kB                    Downloaded from central: https://repo.maven.apache.org/maven2/org/apache/maven/surefire/common-junit3/2.19.1/common-junit3-2.19.1.pom (1.6 kB at 3.2 kB/s)
Downloading from central: https://repo.maven.apache.org/maven2/org/apache/maven/surefire/common-java5/2.19.1/common-java5-2.19.1.pom
Progress (1): 2.2/2.7 kBProgress (1): 2.7 kB                        Downloaded from central: https://repo.maven.apache.org/maven2/org/apache/maven/surefire/common-java5/2.19.1/common-java5-2.19.1.pom (2.7 kB at 5.7 kB/s)
Downloading from central: https://repo.maven.apache.org/maven2/org/apache/maven/shared/maven-shared-utils/0.9/maven-shared-utils-0.9.pom
Progress (1): 2.2/6.2 kBProgress (1): 5.0/6.2 kBProgress (1): 6.2 kB                        Downloaded from central: https://repo.maven.apache.org/maven2/org/apache/maven/shared/maven-shared-utils/0.9/maven-shared-utils-0.9.pom (6.2 kB at 13 kB/s)
Downloading from central: https://repo.maven.apache.org/maven2/org/apache/maven/shared/maven-shared-components/21/maven-shared-components-21.pom
Progress (1): 2.2/5.1 kBProgress (1): 5.0/5.1 kBProgress (1): 5.1 kB                        Downloaded from central: https://repo.maven.apache.org/maven2/org/apache/maven/shared/maven-shared-components/21/maven-shared-components-21.pom (5.1 kB at 11 kB/s)
Downloading from central: https://repo.maven.apache.org/maven2/org/apache/maven/maven-parent/25/maven-parent-25.pom
Progress (1): 2.2/37 kBProgress (1): 5.0/37 kBProgress (1): 7.8/37 kBProgress (1): 11/37 kB Progress (1): 13/37 kBProgress (1): 16/37 kBProgress (1): 19/37 kBProgress (1): 21/37 kBProgress (1): 24/37 kBProgress (1): 27/37 kBProgress (1): 30/37 kBProgress (1): 32/37 kBProgress (1): 35/37 kBProgress (1): 37 kB                      Downloaded from central: https://repo.maven.apache.org/maven2/org/apache/maven/maven-parent/25/maven-parent-25.pom (37 kB at 79 kB/s)
Downloading from central: https://repo.maven.apache.org/maven2/org/apache/apache/15/apache-15.pom
Progress (1): 2.8/15 kBProgress (1): 5.5/15 kBProgress (1): 8.3/15 kBProgress (1): 11/15 kB Progress (1): 14/15 kBProgress (1): 15 kB                      Downloaded from central: https://repo.maven.apache.org/maven2/org/apache/apache/15/apache-15.pom (15 kB at 32 kB/s)
Downloading from central: https://repo.maven.apache.org/maven2/org/apache/maven/surefire/surefire-grouper/2.19.1/surefire-grouper-2.19.1.pom
Progress (1): 2.2/2.6 kBProgress (1): 2.6 kB                        Downloaded from central: https://repo.maven.apache.org/maven2/org/apache/maven/surefire/surefire-grouper/2.19.1/surefire-grouper-2.19.1.pom (2.6 kB at 5.5 kB/s)
Downloading from central: https://repo.maven.apache.org/maven2/org/apache/maven/surefire/surefire-junit47/2.19.1/surefire-junit47-2.19.1.jar
Downloading from central: https://repo.maven.apache.org/maven2/org/apache/maven/surefire/common-junit3/2.19.1/common-junit3-2.19.1.jar
Downloading from central: https://repo.maven.apache.org/maven2/org/apache/maven/surefire/common-java5/2.19.1/common-java5-2.19.1.jar
Downloading from central: https://repo.maven.apache.org/maven2/org/apache/maven/surefire/common-junit48/2.19.1/common-junit48-2.19.1.jar
Downloading from central: https://repo.maven.apache.org/maven2/org/apache/maven/surefire/common-junit4/2.19.1/common-junit4-2.19.1.jar
Progress (1): 2.2/44 kBProgress (1): 5.0/44 kBProgress (2): 5.0/44 kB | 2.2/12 kBProgress (2): 5.0/44 kB | 5.0/12 kBProgress (2): 5.0/44 kB | 7.7/12 kBProgress (2): 5.0/44 kB | 10/12 kB Progress (2): 5.0/44 kB | 12 kB   Progress (3): 5.0/44 kB | 12 kB | 2.2/23 kBProgress (3): 5.0/44 kB | 12 kB | 5.0/23 kBProgress (3): 5.0/44 kB | 12 kB | 7.7/23 kBProgress (3): 5.0/44 kB | 12 kB | 10/23 kB Progress (3): 5.0/44 kB | 12 kB | 13/23 kBProgress (3): 5.0/44 kB | 12 kB | 16/23 kBProgress (3): 5.0/44 kB | 12 kB | 19/23 kBProgress (3): 5.0/44 kB | 12 kB | 21/23 kBProgress (3): 5.0/44 kB | 12 kB | 23 kB   Progress (3): 7.7/44 kB | 12 kB | 23 kBProgress (3): 10/44 kB | 12 kB | 23 kB Progress (3): 13/44 kB | 12 kB | 23 kBProgress (3): 16/44 kB | 12 kB | 23 kBProgress (3): 19/44 kB | 12 kB | 23 kBProgress (3): 21/44 kB | 12 kB | 23 kBProgress (3): 24/44 kB | 12 kB | 23 kBProgress (3): 27/44 kB | 12 kB | 23 kBProgress (3): 30/44 kB | 12 kB | 23 kBProgress (3): 32/44 kB | 12 kB | 23 kBProgress (3): 36/44 kB | 12 kB | 23 kBProgress (3): 40/44 kB | 12 kB | 23 kBProgress (3): 44 kB | 12 kB | 23 kB   Progress (4): 44 kB | 12 kB | 23 kB | 2.2/26 kBProgress (5): 44 kB | 12 kB | 23 kB | 2.2/26 kB | 2.2/153 kBProgress (5): 44 kB | 12 kB | 23 kB | 2.2/26 kB | 5.0/153 kBProgress (5): 44 kB | 12 kB | 23 kB | 2.2/26 kB | 7.7/153 kBProgress (5): 44 kB | 12 kB | 23 kB | 2.2/26 kB | 10/153 kB Progress (5): 44 kB | 12 kB | 23 kB | 2.2/26 kB | 13/153 kBProgress (5): 44 kB | 12 kB | 23 kB | 2.2/26 kB | 16/153 kBProgress (5): 44 kB | 12 kB | 23 kB | 2.2/26 kB | 19/153 kBProgress (5): 44 kB | 12 kB | 23 kB | 2.2/26 kB | 21/153 kBProgress (5): 44 kB | 12 kB | 23 kB | 2.2/26 kB | 24/153 kBProgress (5): 44 kB | 12 kB | 23 kB | 2.2/26 kB | 27/153 kBProgress (5): 44 kB | 12 kB | 23 kB | 2.2/26 kB | 30/153 kBProgress (5): 44 kB | 12 kB | 23 kB | 2.2/26 kB | 32/153 kBProgress (5): 44 kB | 12 kB | 23 kB | 2.2/26 kB | 36/153 kBProgress (5): 44 kB | 12 kB | 23 kB | 2.2/26 kB | 40/153 kBProgress (5): 44 kB | 12 kB | 23 kB | 2.2/26 kB | 45/153 kBProgress (5): 44 kB | 12 kB | 23 kB | 2.2/26 kB | 49/153 kBProgress (5): 44 kB | 12 kB | 23 kB | 2.2/26 kB | 53/153 kBProgress (5): 44 kB | 12 kB | 23 kB | 2.2/26 kB | 57/153 kBProgress (5): 44 kB | 12 kB | 23 kB | 2.2/26 kB | 61/153 kBProgress (5): 44 kB | 12 kB | 23 kB | 2.2/26 kB | 65/153 kBProgress (5): 44 kB | 12 kB | 23 kB | 2.2/26 kB | 69/153 kBProgress (5): 44 kB | 12 kB | 23 kB | 2.2/26 kB | 73/153 kBProgress (5): 44 kB | 12 kB | 23 kB | 2.2/26 kB | 77/153 kBProgress (5): 44 kB | 12 kB | 23 kB | 5.0/26 kB | 77/153 kBProgress (5): 44 kB | 12 kB | 23 kB | 7.7/26 kB | 77/153 kBProgress (5): 44 kB | 12 kB | 23 kB | 10/26 kB | 77/153 kB Progress (5): 44 kB | 12 kB | 23 kB | 13/26 kB | 77/153 kBProgress (5): 44 kB | 12 kB | 23 kB | 16/26 kB | 77/153 kBProgress (5): 44 kB | 12 kB | 23 kB | 19/26 kB | 77/153 kBProgress (5): 44 kB | 12 kB | 23 kB | 21/26 kB | 77/153 kBProgress (5): 44 kB | 12 kB | 23 kB | 24/26 kB | 77/153 kBProgress (5): 44 kB | 12 kB | 23 kB | 26 kB | 77/153 kB   Progress (5): 44 kB | 12 kB | 23 kB | 26 kB | 81/153 kBProgress (5): 44 kB | 12 kB | 23 kB | 26 kB | 85/153 kBProgress (5): 44 kB | 12 kB | 23 kB | 26 kB | 90/153 kBProgress (5): 44 kB | 12 kB | 23 kB | 26 kB | 94/153 kBProgress (5): 44 kB | 12 kB | 23 kB | 26 kB | 98/153 kBProgress (5): 44 kB | 12 kB | 23 kB | 26 kB | 102/153 kBProgress (5): 44 kB | 12 kB | 23 kB | 26 kB | 106/153 kBProgress (5): 44 kB | 12 kB | 23 kB | 26 kB | 110/153 kBProgress (5): 44 kB | 12 kB | 23 kB | 26 kB | 114/153 kBProgress (5): 44 kB | 12 kB | 23 kB | 26 kB | 118/153 kBProgress (5): 44 kB | 12 kB | 23 kB | 26 kB | 122/153 kBProgress (5): 44 kB | 12 kB | 23 kB | 26 kB | 126/153 kBProgress (5): 44 kB | 12 kB | 23 kB | 26 kB | 131/153 kBProgress (5): 44 kB | 12 kB | 23 kB | 26 kB | 135/153 kBProgress (5): 44 kB | 12 kB | 23 kB | 26 kB | 139/153 kBProgress (5): 44 kB | 12 kB | 23 kB | 26 kB | 143/153 kBProgress (5): 44 kB | 12 kB | 23 kB | 26 kB | 147/153 kBProgress (5): 44 kB | 12 kB | 23 kB | 26 kB | 151/153 kBProgress (5): 44 kB | 12 kB | 23 kB | 26 kB | 153 kB                                                        Downloaded from central: https://repo.maven.apache.org/maven2/org/apache/maven/surefire/common-junit3/2.19.1/common-junit3-2.19.1.jar (12 kB at 24 kB/s)
Downloaded from central: https://repo.maven.apache.org/maven2/org/apache/maven/surefire/common-java5/2.19.1/common-java5-2.19.1.jar (44 kB at 93 kB/s)
Downloading from central: https://repo.maven.apache.org/maven2/org/apache/maven/surefire/surefire-grouper/2.19.1/surefire-grouper-2.19.1.jar
Downloading from central: https://repo.maven.apache.org/maven2/org/apache/maven/shared/maven-shared-utils/0.9/maven-shared-utils-0.9.jar
Downloaded from central: https://repo.maven.apache.org/maven2/org/apache/maven/surefire/common-junit48/2.19.1/common-junit48-2.19.1.jar (23 kB at 46 kB/s)
Downloaded from central: https://repo.maven.apache.org/maven2/org/apache/maven/surefire/common-junit4/2.19.1/common-junit4-2.19.1.jar (26 kB at 53 kB/s)
Downloaded from central: https://repo.maven.apache.org/maven2/org/apache/maven/surefire/surefire-junit47/2.19.1/surefire-junit47-2.19.1.jar (153 kB at 298 kB/s)
Progress (1): 2.2/38 kBProgress (2): 2.2/38 kB | 4.1/172 kBProgress (2): 2.2/38 kB | 7.7/172 kBProgress (2): 2.2/38 kB | 12/172 kB Progress (2): 2.2/38 kB | 16/172 kBProgress (2): 5.0/38 kB | 16/172 kBProgress (2): 7.7/38 kB | 16/172 kBProgress (2): 10/38 kB | 16/172 kB Progress (2): 13/38 kB | 16/172 kBProgress (2): 16/38 kB | 16/172 kBProgress (2): 19/38 kB | 16/172 kBProgress (2): 21/38 kB | 16/172 kBProgress (2): 24/38 kB | 16/172 kBProgress (2): 27/38 kB | 16/172 kBProgress (2): 30/38 kB | 16/172 kBProgress (2): 32/38 kB | 16/172 kBProgress (2): 35/38 kB | 16/172 kBProgress (2): 38/38 kB | 16/172 kBProgress (2): 38 kB | 16/172 kB   Progress (2): 38 kB | 20/172 kBProgress (2): 38 kB | 24/172 kBProgress (2): 38 kB | 28/172 kBProgress (2): 38 kB | 32/172 kBProgress (2): 38 kB | 36/172 kBProgress (2): 38 kB | 40/172 kBProgress (2): 38 kB | 45/172 kBProgress (2): 38 kB | 49/172 kBProgress (2): 38 kB | 53/172 kBProgress (2): 38 kB | 57/172 kBProgress (2): 38 kB | 61/172 kBProgress (2): 38 kB | 65/172 kBProgress (2): 38 kB | 69/172 kBProgress (2): 38 kB | 73/172 kBProgress (2): 38 kB | 77/172 kBProgress (2): 38 kB | 81/172 kBProgress (2): 38 kB | 85/172 kBProgress (2): 38 kB | 90/172 kBProgress (2): 38 kB | 94/172 kBProgress (2): 38 kB | 98/172 kBProgress (2): 38 kB | 102/172 kBProgress (2): 38 kB | 106/172 kBProgress (2): 38 kB | 110/172 kBProgress (2): 38 kB | 114/172 kBProgress (2): 38 kB | 118/172 kBProgress (2): 38 kB | 122/172 kBProgress (2): 38 kB | 126/172 kBProgress (2): 38 kB | 131/172 kBProgress (2): 38 kB | 135/172 kBProgress (2): 38 kB | 139/172 kBProgress (2): 38 kB | 143/172 kBProgress (2): 38 kB | 147/172 kBProgress (2): 38 kB | 151/172 kBProgress (2): 38 kB | 155/172 kBProgress (2): 38 kB | 159/172 kBProgress (2): 38 kB | 163/172 kBProgress (2): 38 kB | 167/172 kBProgress (2): 38 kB | 171/172 kBProgress (2): 38 kB | 172 kB                                Downloaded from central: https://repo.maven.apache.org/maven2/org/apache/maven/surefire/surefire-grouper/2.19.1/surefire-grouper-2.19.1.jar (38 kB at 82 kB/s)
Downloaded from central: https://repo.maven.apache.org/maven2/org/apache/maven/shared/maven-shared-utils/0.9/maven-shared-utils-0.9.jar (172 kB at 249 kB/s)

-------------------------------------------------------
 T E S T S
-------------------------------------------------------
Running com.edurekademo.utilities.TestLogger
SLF4J: Class path contains multiple SLF4J bindings.
SLF4J: Found binding in [jar:file:/var/lib/jenkins/.m2/repository/org/slf4j/slf4j-simple/1.7.7/slf4j-simple-1.7.7.jar!/org/slf4j/impl/StaticLoggerBinder.class]
SLF4J: Found binding in [jar:file:/var/lib/jenkins/.m2/repository/org/slf4j/slf4j-log4j12/1.7.7/slf4j-log4j12-1.7.7.jar!/org/slf4j/impl/StaticLoggerBinder.class]
SLF4J: See http://www.slf4j.org/codes.html#multiple_bindings for an explanation.
SLF4J: Actual binding is of type [org.slf4j.impl.SimpleLoggerFactory]
[pool-1-thread-1] INFO com.edurekademo.utilities.TestLogger - java.lang.ArithmeticException: / by zero
Cause:at com.edurekademo.utilities.ExceptionThrower.getCounter(ExceptionThrower.java:13)
Cause:at com.edurekademo.utilities.TestLogger.testGetErrorMessage3(TestLogger.java:45)
[pool-1-thread-2] INFO com.edurekademo.utilities.TestLogger - java.io.IOException: TESTIOEXCEPTION
Cause:at com.edurekademo.utilities.ExceptionThrower.doNothing(ExceptionThrower.java:18)
Cause:at com.edurekademo.utilities.TestLogger.testGetErrorMessage4(TestLogger.java:60)
[pool-1-thread-3] ERROR com.edurekademo.utilities.ExceptionThrower - java.lang.Exception: DEAR
Cause:at com.edurekademo.utilities.ExceptionThrower.doYYY(ExceptionThrower.java:35)
Cause:at com.edurekademo.utilities.ExceptionThrower.doXXX(ExceptionThrower.java:23)
[pool-1-thread-3] INFO com.edurekademo.utilities.TestLogger - java.lang.Exception: TEST MESSAGE
Cause:at com.edurekademo.utilities.ExceptionThrower.doCheck(ExceptionThrower.java:43)
Cause:at com.edurekademo.utilities.TestLogger.testGetErrorMessage5(TestLogger.java:75)
***** java.lang.Exception: TEST MESSAGE
Cause:at com.edurekademo.utilities.ExceptionThrower.doCheck(ExceptionThrower.java:43)
Cause:at com.edurekademo.utilities.TestLogger.testGetErrorMessage5(TestLogger.java:75)
[pool-1-thread-4] INFO com.edurekademo.utilities.TestLogger - java.lang.ArithmeticException: / by zero
Cause:at com.edurekademo.utilities.TestLogger.testGetErrorMessage1(TestLogger.java:14)
Cause:at sun.reflect.NativeMethodAccessorImpl.invoke0(Native Method)
[pool-1-thread-5] INFO com.edurekademo.utilities.TestLogger - java.lang.ArithmeticException: / by zero
Cause:at com.edurekademo.utilities.TestLogger.testGetErrorMessage2(TestLogger.java:30)
Cause:at sun.reflect.NativeMethodAccessorImpl.invoke0(Native Method)
Tests run: 5, Failures: 0, Errors: 0, Skipped: 0, Time elapsed: 0.064 sec - in com.edurekademo.utilities.TestLogger
Running com.edurekademo.utilities.TestHexAsciiConversion
testing ascii convertion into hexadecimal
74657374696e6720617363696920636f6e76657274696f6e20696e746f2068657861646563696d616c
Tests run: 4, Failures: 0, Errors: 0, Skipped: 0, Time elapsed: 0.02 sec - in com.edurekademo.utilities.TestHexAsciiConversion
Running com.edurekademo.utilities.TestGenericComparator
Tests run: 14, Failures: 0, Errors: 0, Skipped: 0, Time elapsed: 0.043 sec - in com.edurekademo.utilities.TestGenericComparator

Results :

Tests run: 23, Failures: 0, Errors: 0, Skipped: 0

[INFO] ------------------------------------------------------------------------
[INFO] BUILD SUCCESS
[INFO] ------------------------------------------------------------------------
[INFO] Total time:  24.698 s
[INFO] Finished at: 2019-07-22T21:36:15Z
[INFO] ------------------------------------------------------------------------
Finished: SUCCESS
